==24031== Memcheck, a memory error detector
==24031== Copyright (C) 2002-2015, and GNU GPL'd, by Julian Seward et al.
==24031== Using Valgrind-3.11.0 and LibVEX; rerun with -h for copyright info
==24031== Command: ./vcpu_scheduler 3
==24031== Parent PID: 4162
==24031== 
--24031-- 
--24031-- Valgrind options:
--24031--    -v
--24031--    --tool=memcheck
--24031--    --leak-check=full
--24031--    --track-origins=yes
--24031--    --num-callers=40
--24031--    --log-file=valgrind.log
--24031-- Contents of /proc/version:
--24031--   Linux version 4.10.0-35-generic (buildd@lcy01-33) (gcc version 5.4.0 20160609 (Ubuntu 5.4.0-6ubuntu1~16.04.4) ) #39~16.04.1-Ubuntu SMP Wed Sep 13 09:02:42 UTC 2017
--24031-- 
--24031-- Arch and hwcaps: AMD64, LittleEndian, amd64-cx16-rdtscp-sse3-avx
--24031-- Page sizes: currently 4096, max supported 4096
--24031-- Valgrind library directory: /usr/lib/valgrind
--24031-- Reading syms from /home/gio/dev/omscs/cs6210/project1/cpu/vcpu_scheduler
--24031-- Reading syms from /lib/x86_64-linux-gnu/ld-2.23.so
--24031--   Considering /lib/x86_64-linux-gnu/ld-2.23.so ..
--24031--   .. CRC mismatch (computed 9bc477cd wanted 3da2f12a)
--24031--   Considering /usr/lib/debug/lib/x86_64-linux-gnu/ld-2.23.so ..
--24031--   .. CRC is valid
--24031-- Reading syms from /usr/lib/valgrind/memcheck-amd64-linux
--24031--   Considering /usr/lib/valgrind/memcheck-amd64-linux ..
--24031--   .. CRC mismatch (computed eea41ea9 wanted 2009db78)
--24031--    object doesn't have a symbol table
--24031--    object doesn't have a dynamic symbol table
--24031-- Scheduler: using generic scheduler lock implementation.
--24031-- Reading suppressions file: /usr/lib/valgrind/default.supp
==24031== embedded gdbserver: reading from /tmp/vgdb-pipe-from-vgdb-to-24031-by-gio-on-???
==24031== embedded gdbserver: writing to   /tmp/vgdb-pipe-to-vgdb-from-24031-by-gio-on-???
==24031== embedded gdbserver: shared mem   /tmp/vgdb-pipe-shared-mem-vgdb-24031-by-gio-on-???
==24031== 
==24031== TO CONTROL THIS PROCESS USING vgdb (which you probably
==24031== don't want to do, unless you know exactly what you're doing,
==24031== or are doing some strange experiment):
==24031==   /usr/lib/valgrind/../../bin/vgdb --pid=24031 ...command...
==24031== 
==24031== TO DEBUG THIS PROCESS USING GDB: start GDB like this
==24031==   /path/to/gdb ./vcpu_scheduler
==24031== and then give GDB the following command
==24031==   target remote | /usr/lib/valgrind/../../bin/vgdb --pid=24031
==24031== --pid is optional if only one valgrind process is running
==24031== 
--24031-- REDIR: 0x401cf90 (ld-linux-x86-64.so.2:strlen) redirected to 0x3809e181 (???)
--24031-- Reading syms from /usr/lib/valgrind/vgpreload_core-amd64-linux.so
--24031--   Considering /usr/lib/valgrind/vgpreload_core-amd64-linux.so ..
--24031--   .. CRC mismatch (computed 2567ccf6 wanted 49420590)
--24031--    object doesn't have a symbol table
--24031-- Reading syms from /usr/lib/valgrind/vgpreload_memcheck-amd64-linux.so
--24031--   Considering /usr/lib/valgrind/vgpreload_memcheck-amd64-linux.so ..
--24031--   .. CRC mismatch (computed 0e27c9a8 wanted ac585421)
--24031--    object doesn't have a symbol table
==24031== WARNING: new redirection conflicts with existing -- ignoring it
--24031--     old: 0x0401cf90 (strlen              ) R-> (0000.0) 0x3809e181 ???
--24031--     new: 0x0401cf90 (strlen              ) R-> (2007.0) 0x04c31020 strlen
--24031-- REDIR: 0x401b8e0 (ld-linux-x86-64.so.2:index) redirected to 0x4c30bc0 (index)
--24031-- REDIR: 0x401bb00 (ld-linux-x86-64.so.2:strcmp) redirected to 0x4c320d0 (strcmp)
--24031-- REDIR: 0x401dcf0 (ld-linux-x86-64.so.2:mempcpy) redirected to 0x4c35270 (mempcpy)
--24031-- Reading syms from /usr/lib/x86_64-linux-gnu/libvirt.so.0.1003.1
--24031--   Considering /usr/lib/x86_64-linux-gnu/libvirt.so.0.1003.1 ..
--24031--   .. CRC mismatch (computed 6713d309 wanted b0ae5f81)
--24031--    object doesn't have a symbol table
--24031-- Reading syms from /lib/x86_64-linux-gnu/libc-2.23.so
--24031--   Considering /lib/x86_64-linux-gnu/libc-2.23.so ..
--24031--   .. CRC mismatch (computed b2979fac wanted 1affc958)
--24031--   Considering /usr/lib/debug/lib/x86_64-linux-gnu/libc-2.23.so ..
--24031--   .. CRC is valid
--24031-- Reading syms from /usr/lib/x86_64-linux-gnu/libcap-ng.so.0.0.0
--24031--    object doesn't have a symbol table
--24031-- Reading syms from /usr/lib/x86_64-linux-gnu/libyajl.so.2.1.0
--24031--    object doesn't have a symbol table
--24031-- Reading syms from /lib/x86_64-linux-gnu/libnl-3.so.200.22.0
--24031--    object doesn't have a symbol table
--24031-- Reading syms from /lib/x86_64-linux-gnu/libaudit.so.1.0.0
--24031--    object doesn't have a symbol table
--24031-- Reading syms from /lib/x86_64-linux-gnu/libdevmapper.so.1.02.1
--24031--    object doesn't have a symbol table
--24031-- Reading syms from /usr/lib/x86_64-linux-gnu/libnuma.so.1.0.0
--24031--    object doesn't have a symbol table
--24031-- Reading syms from /lib/x86_64-linux-gnu/libsystemd.so.0.14.0
--24031--    object doesn't have a symbol table
--24031-- Reading syms from /usr/lib/x86_64-linux-gnu/libxml2.so.2.9.3
--24031--    object doesn't have a symbol table
--24031-- Reading syms from /usr/lib/x86_64-linux-gnu/libavahi-common.so.3.5.3
--24031--    object doesn't have a symbol table
--24031-- Reading syms from /usr/lib/x86_64-linux-gnu/libavahi-client.so.3.2.9
--24031--    object doesn't have a symbol table
--24031-- Reading syms from /lib/x86_64-linux-gnu/libdbus-1.so.3.14.6
--24031--    object doesn't have a symbol table
--24031-- Reading syms from /usr/lib/x86_64-linux-gnu/libgnutls.so.30.6.2
--24031--    object doesn't have a symbol table
--24031-- Reading syms from /usr/lib/x86_64-linux-gnu/libsasl2.so.2.0.25
--24031--    object doesn't have a symbol table
--24031-- Reading syms from /usr/lib/x86_64-linux-gnu/libcurl-gnutls.so.4.4.0
--24031--    object doesn't have a symbol table
--24031-- Reading syms from /lib/x86_64-linux-gnu/libapparmor.so.1.4.0
--24031--    object doesn't have a symbol table
--24031-- Reading syms from /lib/x86_64-linux-gnu/libutil-2.23.so
--24031--   Considering /lib/x86_64-linux-gnu/libutil-2.23.so ..
--24031--   .. CRC mismatch (computed c77397e6 wanted 14c599da)
--24031--   Considering /usr/lib/debug/lib/x86_64-linux-gnu/libutil-2.23.so ..
--24031--   .. CRC is valid
--24031-- Reading syms from /usr/lib/x86_64-linux-gnu/libxenlight-4.6.so
--24031--    object doesn't have a symbol table
--24031-- Reading syms from /lib/x86_64-linux-gnu/libdl-2.23.so
--24031--   Considering /lib/x86_64-linux-gnu/libdl-2.23.so ..
--24031--   .. CRC mismatch (computed cf3e24b0 wanted fd1ac2a8)
--24031--   Considering /usr/lib/debug/lib/x86_64-linux-gnu/libdl-2.23.so ..
--24031--   .. CRC is valid
--24031-- Reading syms from /lib/x86_64-linux-gnu/libpthread-2.23.so
--24031--   Considering /usr/lib/debug/.build-id/27/f189ef8db8c3734c6a678e6ef3cb0b206d58b2.debug ..
--24031--   .. build-id is valid
--24031-- Reading syms from /lib/x86_64-linux-gnu/libm-2.23.so
--24031--   Considering /lib/x86_64-linux-gnu/libm-2.23.so ..
--24031--   .. CRC mismatch (computed 8bd88005 wanted 32b88176)
--24031--   Considering /usr/lib/debug/lib/x86_64-linux-gnu/libm-2.23.so ..
--24031--   .. CRC is valid
--24031-- Reading syms from /lib/x86_64-linux-gnu/librt-2.23.so
--24031--   Considering /lib/x86_64-linux-gnu/librt-2.23.so ..
--24031--   .. CRC mismatch (computed 53afabad wanted 7e68d3a3)
--24031--   Considering /usr/lib/debug/lib/x86_64-linux-gnu/librt-2.23.so ..
--24031--   .. CRC is valid
--24031-- Reading syms from /lib/x86_64-linux-gnu/libselinux.so.1
--24031--    object doesn't have a symbol table
--24031-- Reading syms from /lib/x86_64-linux-gnu/libudev.so.1.6.4
--24031--    object doesn't have a symbol table
--24031-- Reading syms from /lib/x86_64-linux-gnu/liblzma.so.5.0.0
--24031--    object doesn't have a symbol table
--24031-- Reading syms from /lib/x86_64-linux-gnu/libgcrypt.so.20.0.5
--24031--    object doesn't have a symbol table
--24031-- Reading syms from /usr/lib/x86_64-linux-gnu/libicuuc.so.55.1
--24031--    object doesn't have a symbol table
--24031-- Reading syms from /lib/x86_64-linux-gnu/libz.so.1.2.8
--24031--    object doesn't have a symbol table
--24031-- Reading syms from /usr/lib/x86_64-linux-gnu/libp11-kit.so.0.1.0
--24031--    object doesn't have a symbol table
--24031-- Reading syms from /usr/lib/x86_64-linux-gnu/libidn.so.11.6.15
--24031--    object doesn't have a symbol table
--24031-- Reading syms from /usr/lib/x86_64-linux-gnu/libtasn1.so.6.5.1
--24031--    object doesn't have a symbol table
--24031-- Reading syms from /usr/lib/x86_64-linux-gnu/libnettle.so.6.2
--24031--   Considering /usr/lib/x86_64-linux-gnu/libnettle.so.6.2 ..
--24031--   .. CRC mismatch (computed 3240267d wanted d7683e48)
--24031--    object doesn't have a symbol table
--24031-- Reading syms from /usr/lib/x86_64-linux-gnu/libhogweed.so.4.2
--24031--   Considering /usr/lib/x86_64-linux-gnu/libhogweed.so.4.2 ..
--24031--   .. CRC mismatch (computed 22df53ec wanted 0378f506)
--24031--    object doesn't have a symbol table
--24031-- Reading syms from /usr/lib/x86_64-linux-gnu/libgmp.so.10.3.0
--24031--    object doesn't have a symbol table
--24031-- Reading syms from /usr/lib/x86_64-linux-gnu/librtmp.so.1
--24031--    object doesn't have a symbol table
--24031-- Reading syms from /usr/lib/x86_64-linux-gnu/libgssapi_krb5.so.2.2
--24031--   Considering /usr/lib/x86_64-linux-gnu/libgssapi_krb5.so.2.2 ..
--24031--   .. CRC mismatch (computed aaa76ada wanted c917fc4c)
--24031--    object doesn't have a symbol table
--24031-- Reading syms from /usr/lib/x86_64-linux-gnu/liblber-2.4.so.2.10.5
--24031--    object doesn't have a symbol table
--24031-- Reading syms from /usr/lib/x86_64-linux-gnu/libldap_r-2.4.so.2.10.5
--24031--    object doesn't have a symbol table
--24031-- REDIR: 0x401de40 (ld-linux-x86-64.so.2:stpcpy) redirected to 0x4c342c0 (stpcpy)
--24031-- Reading syms from /usr/lib/x86_64-linux-gnu/libxenctrl-4.6.so
--24031--    object doesn't have a symbol table
--24031-- Reading syms from /usr/lib/x86_64-linux-gnu/libxenguest-4.6.so
--24031--    object doesn't have a symbol table
--24031-- Reading syms from /usr/lib/x86_64-linux-gnu/libxenstore.so.3.0.3
--24031--    object doesn't have a symbol table
--24031-- Reading syms from /lib/x86_64-linux-gnu/libuuid.so.1.3.0
--24031--    object doesn't have a symbol table
--24031-- Reading syms from /lib/x86_64-linux-gnu/libpcre.so.3.13.2
--24031--   Considering /lib/x86_64-linux-gnu/libpcre.so.3.13.2 ..
--24031--   .. CRC mismatch (computed 276b70fd wanted 22183252)
--24031--    object doesn't have a symbol table
--24031-- Reading syms from /lib/x86_64-linux-gnu/libgpg-error.so.0.17.0
--24031--    object doesn't have a symbol table
--24031-- Reading syms from /usr/lib/x86_64-linux-gnu/libicudata.so.55.1
--24031--    object doesn't have a symbol table
--24031-- Reading syms from /usr/lib/x86_64-linux-gnu/libstdc++.so.6.0.21
--24031--   Considering /usr/lib/x86_64-linux-gnu/libstdc++.so.6.0.21 ..
--24031--   .. CRC mismatch (computed 834c912e wanted c67ab13d)
--24031--    object doesn't have a symbol table
--24031-- Reading syms from /lib/x86_64-linux-gnu/libgcc_s.so.1
--24031--   Considering /lib/x86_64-linux-gnu/libgcc_s.so.1 ..
--24031--   .. CRC mismatch (computed b9a68419 wanted 29d51b00)
--24031--    object doesn't have a symbol table
--24031-- Reading syms from /usr/lib/x86_64-linux-gnu/libffi.so.6.0.4
--24031--    object doesn't have a symbol table
--24031-- Reading syms from /usr/lib/x86_64-linux-gnu/libkrb5.so.3.3
--24031--   Considering /usr/lib/x86_64-linux-gnu/libkrb5.so.3.3 ..
--24031--   .. CRC mismatch (computed 08b63e02 wanted e7500392)
--24031--    object doesn't have a symbol table
--24031-- Reading syms from /usr/lib/x86_64-linux-gnu/libk5crypto.so.3.1
--24031--   Considering /usr/lib/x86_64-linux-gnu/libk5crypto.so.3.1 ..
--24031--   .. CRC mismatch (computed e09d9def wanted 35352cbb)
--24031--    object doesn't have a symbol table
--24031-- Reading syms from /lib/x86_64-linux-gnu/libcom_err.so.2.1
--24031--   Considering /lib/x86_64-linux-gnu/libcom_err.so.2.1 ..
--24031--   .. CRC mismatch (computed 0c5846b0 wanted 1b47dcd1)
--24031--    object doesn't have a symbol table
--24031-- Reading syms from /usr/lib/x86_64-linux-gnu/libkrb5support.so.0.1
--24031--   Considering /usr/lib/x86_64-linux-gnu/libkrb5support.so.0.1 ..
--24031--   .. CRC mismatch (computed 32ab1672 wanted 9aafae3a)
--24031--    object doesn't have a symbol table
--24031-- Reading syms from /lib/x86_64-linux-gnu/libresolv-2.23.so
--24031--   Considering /lib/x86_64-linux-gnu/libresolv-2.23.so ..
--24031--   .. CRC mismatch (computed 84fe5664 wanted e6088da5)
--24031--   Considering /usr/lib/debug/lib/x86_64-linux-gnu/libresolv-2.23.so ..
--24031--   .. CRC is valid
--24031-- Reading syms from /usr/lib/x86_64-linux-gnu/libgssapi.so.3.0.0
--24031--    object doesn't have a symbol table
--24031-- Reading syms from /lib/x86_64-linux-gnu/libkeyutils.so.1.5
--24031--    object doesn't have a symbol table
--24031-- Reading syms from /usr/lib/x86_64-linux-gnu/libheimntlm.so.0.1.0
--24031--    object doesn't have a symbol table
--24031-- Reading syms from /usr/lib/x86_64-linux-gnu/libkrb5.so.26.0.0
--24031--    object doesn't have a symbol table
--24031-- Reading syms from /usr/lib/x86_64-linux-gnu/libasn1.so.8.0.0
--24031--    object doesn't have a symbol table
--24031-- Reading syms from /usr/lib/x86_64-linux-gnu/libhcrypto.so.4.1.0
--24031--    object doesn't have a symbol table
--24031-- Reading syms from /usr/lib/x86_64-linux-gnu/libroken.so.18.1.0
--24031--    object doesn't have a symbol table
--24031-- Reading syms from /usr/lib/x86_64-linux-gnu/libwind.so.0.0.0
--24031--    object doesn't have a symbol table
--24031-- Reading syms from /usr/lib/x86_64-linux-gnu/libheimbase.so.1.0.0
--24031--    object doesn't have a symbol table
--24031-- Reading syms from /usr/lib/x86_64-linux-gnu/libhx509.so.5.0.0
--24031--    object doesn't have a symbol table
--24031-- Reading syms from /usr/lib/x86_64-linux-gnu/libsqlite3.so.0.8.6
--24031--    object doesn't have a symbol table
--24031-- Reading syms from /lib/x86_64-linux-gnu/libcrypt-2.23.so
--24031--   Considering /lib/x86_64-linux-gnu/libcrypt-2.23.so ..
--24031--   .. CRC mismatch (computed a9a82715 wanted f16bd26d)
--24031--   Considering /usr/lib/debug/lib/x86_64-linux-gnu/libcrypt-2.23.so ..
--24031--   .. CRC is valid
--24031-- REDIR: 0x5450a00 (libc.so.6:strcasecmp) redirected to 0x4a286f0 (_vgnU_ifunc_wrapper)
--24031-- REDIR: 0x544c280 (libc.so.6:strcspn) redirected to 0x4a286f0 (_vgnU_ifunc_wrapper)
--24031-- REDIR: 0x5452cf0 (libc.so.6:strncasecmp) redirected to 0x4a286f0 (_vgnU_ifunc_wrapper)
--24031-- REDIR: 0x544e6f0 (libc.so.6:strpbrk) redirected to 0x4a286f0 (_vgnU_ifunc_wrapper)
--24031-- REDIR: 0x544ea80 (libc.so.6:strspn) redirected to 0x4a286f0 (_vgnU_ifunc_wrapper)
--24031-- REDIR: 0x545014b (libc.so.6:memcpy@GLIBC_2.2.5) redirected to 0x4a286f0 (_vgnU_ifunc_wrapper)
--24031-- REDIR: 0x544cb20 (libc.so.6:strncmp) redirected to 0x4a286f0 (_vgnU_ifunc_wrapper)
--24031-- REDIR: 0x54501b0 (libc.so.6:memset) redirected to 0x4a286f0 (_vgnU_ifunc_wrapper)
--24031-- REDIR: 0x544fbb0 (libc.so.6:bcmp) redirected to 0x4a286f0 (_vgnU_ifunc_wrapper)
--24031-- REDIR: 0x544acd0 (libc.so.6:strcmp) redirected to 0x4a286f0 (_vgnU_ifunc_wrapper)
--24031-- REDIR: 0x54d71d0 (libc.so.6:__memcpy_chk) redirected to 0x4a286f0 (_vgnU_ifunc_wrapper)
--24031-- REDIR: 0x54553f0 (libc.so.6:memcpy@@GLIBC_2.14) redirected to 0x4a286f0 (_vgnU_ifunc_wrapper)
--24031-- REDIR: 0x544aa80 (libc.so.6:index) redirected to 0x4a286f0 (_vgnU_ifunc_wrapper)
--24031-- REDIR: 0x544e3c0 (libc.so.6:strncpy) redirected to 0x4a286f0 (_vgnU_ifunc_wrapper)
--24031-- REDIR: 0x544c160 (libc.so.6:strcpy) redirected to 0x4a286f0 (_vgnU_ifunc_wrapper)
--24031-- REDIR: 0x544cae0 (libc.so.6:strncat) redirected to 0x4a286f0 (_vgnU_ifunc_wrapper)
--24031-- REDIR: 0x544a880 (libc.so.6:strcat) redirected to 0x4a286f0 (_vgnU_ifunc_wrapper)
--24031-- REDIR: 0x54d7260 (libc.so.6:__memmove_chk) redirected to 0x4a286f0 (_vgnU_ifunc_wrapper)
--24031-- REDIR: 0x544f630 (libc.so.6:strstr) redirected to 0x4a286f0 (_vgnU_ifunc_wrapper)
--24031-- REDIR: 0x5450850 (libc.so.6:stpcpy) redirected to 0x4a286f0 (_vgnU_ifunc_wrapper)
--24031-- REDIR: 0x5450330 (libc.so.6:mempcpy) redirected to 0x4a286f0 (_vgnU_ifunc_wrapper)
--24031-- REDIR: 0x544e400 (libc.so.6:rindex) redirected to 0x4c308a0 (rindex)
--24031-- REDIR: 0x5445130 (libc.so.6:malloc) redirected to 0x4c2db20 (malloc)
--24031-- REDIR: 0x544c720 (libc.so.6:strlen) redirected to 0x4c30f60 (strlen)
--24031-- REDIR: 0x5455470 (libc.so.6:__GI_memcpy) redirected to 0x4c32b00 (__GI_memcpy)
--24031-- REDIR: 0x544ad10 (libc.so.6:__GI_strcmp) redirected to 0x4c31fe0 (__GI_strcmp)
--24031-- REDIR: 0x544cb70 (libc.so.6:__GI_strncmp) redirected to 0x4c31710 (__GI_strncmp)
--24031-- REDIR: 0x5445d10 (libc.so.6:calloc) redirected to 0x4c2faa0 (calloc)
--24031-- REDIR: 0x5460820 (libc.so.6:__memcpy_sse2_unaligned) redirected to 0x4c324a0 (memcpy@@GLIBC_2.14)
--24031-- REDIR: 0x544aab0 (libc.so.6:__GI_strchr) redirected to 0x4c30a00 (__GI_strchr)
--24031-- REDIR: 0x5519e70 (libc.so.6:__memcpy_chk_ssse3_back) redirected to 0x4c35360 (__memcpy_chk)
--24031-- REDIR: 0x5460570 (libc.so.6:__strcmp_sse2_unaligned) redirected to 0x4c31f90 (strcmp)
--24031-- REDIR: 0x54454f0 (libc.so.6:free) redirected to 0x4c2ed80 (free)
--24031-- REDIR: 0x5450240 (libc.so.6:__GI_memset) redirected to 0x4c344c0 (memset)
--24031-- REDIR: 0x54456c0 (libc.so.6:realloc) redirected to 0x4c2fce0 (realloc)
--24031-- REDIR: 0x552f3f0 (libc.so.6:__memcmp_sse4_1) redirected to 0x4c33cd0 (__memcmp_sse4_1)
--24031-- REDIR: 0x544f060 (libc.so.6:__GI_strstr) redirected to 0x4c354d0 (__strstr_sse2)
--24031-- REDIR: 0x544f860 (libc.so.6:memchr) redirected to 0x4c32170 (memchr)
--24031-- REDIR: 0x546b070 (libc.so.6:__strstr_sse2_unaligned) redirected to 0x4c35460 (strstr)
--24031-- REDIR: 0x544fff0 (libc.so.6:__GI_memmove) redirected to 0x4c347e0 (__GI_memmove)
--24031-- REDIR: 0x5457760 (libc.so.6:strchrnul) redirected to 0x4c34da0 (strchrnul)
--24031-- REDIR: 0x54503b0 (libc.so.6:__GI_mempcpy) redirected to 0x4c34fa0 (__GI_mempcpy)
--24031-- REDIR: 0x5456480 (libc.so.6:strcasestr) redirected to 0x4c356e0 (strcasestr)
--24031-- REDIR: 0x5467000 (libc.so.6:__strncpy_sse2_unaligned) redirected to 0x4c31570 (__strncpy_sse2_unaligned)
--24031-- REDIR: 0x550cfb0 (libc.so.6:__strncasecmp_avx) redirected to 0x4c31940 (strncasecmp)
--24031-- REDIR: 0x5450890 (libc.so.6:__GI_stpcpy) redirected to 0x4c33f80 (__GI_stpcpy)
--24031-- Reading syms from /lib/x86_64-linux-gnu/libnss_compat-2.23.so
--24031--   Considering /lib/x86_64-linux-gnu/libnss_compat-2.23.so ..
--24031--   .. CRC mismatch (computed ef47928a wanted fdd4b2db)
--24031--   Considering /usr/lib/debug/lib/x86_64-linux-gnu/libnss_compat-2.23.so ..
--24031--   .. CRC is valid
--24031-- Reading syms from /lib/x86_64-linux-gnu/libnsl-2.23.so
--24031--   Considering /lib/x86_64-linux-gnu/libnsl-2.23.so ..
--24031--   .. CRC mismatch (computed 28e108aa wanted 52c48e62)
--24031--   Considering /usr/lib/debug/lib/x86_64-linux-gnu/libnsl-2.23.so ..
--24031--   .. CRC is valid
--24031-- REDIR: 0x544c1a0 (libc.so.6:__GI_strcpy) redirected to 0x4c31110 (__GI_strcpy)
--24031-- Reading syms from /lib/x86_64-linux-gnu/libnss_nis-2.23.so
--24031--   Considering /lib/x86_64-linux-gnu/libnss_nis-2.23.so ..
--24031--   .. CRC mismatch (computed b74dea8d wanted 91a03bc0)
--24031--   Considering /usr/lib/debug/lib/x86_64-linux-gnu/libnss_nis-2.23.so ..
--24031--   .. CRC is valid
--24031-- Reading syms from /lib/x86_64-linux-gnu/libnss_files-2.23.so
--24031--   Considering /lib/x86_64-linux-gnu/libnss_files-2.23.so ..
--24031--   .. CRC mismatch (computed 7661291b wanted fddbaebc)
--24031--   Considering /usr/lib/debug/lib/x86_64-linux-gnu/libnss_files-2.23.so ..
--24031--   .. CRC is valid
==24031== Conditional jump or move depends on uninitialised value(s)
==24031==    at 0x540EB83: vfprintf (vfprintf.c:1631)
==24031==    by 0x5416898: printf (printf.c:33)
==24031==    by 0x401A76: main (vcpu_scheduler.c:242)
==24031==  Uninitialised value was created by a stack allocation
==24031==    at 0x40174C: main (vcpu_scheduler.c:216)
==24031== 
==24031== Use of uninitialised value of size 8
==24031==    at 0x540B76B: _itoa_word (_itoa.c:179)
==24031==    by 0x540F12C: vfprintf (vfprintf.c:1631)
==24031==    by 0x5416898: printf (printf.c:33)
==24031==    by 0x401A76: main (vcpu_scheduler.c:242)
==24031==  Uninitialised value was created by a stack allocation
==24031==    at 0x40174C: main (vcpu_scheduler.c:216)
==24031== 
==24031== Conditional jump or move depends on uninitialised value(s)
==24031==    at 0x540B775: _itoa_word (_itoa.c:179)
==24031==    by 0x540F12C: vfprintf (vfprintf.c:1631)
==24031==    by 0x5416898: printf (printf.c:33)
==24031==    by 0x401A76: main (vcpu_scheduler.c:242)
==24031==  Uninitialised value was created by a stack allocation
==24031==    at 0x40174C: main (vcpu_scheduler.c:216)
==24031== 
==24031== Conditional jump or move depends on uninitialised value(s)
==24031==    at 0x540F1AF: vfprintf (vfprintf.c:1631)
==24031==    by 0x5416898: printf (printf.c:33)
==24031==    by 0x401A76: main (vcpu_scheduler.c:242)
==24031==  Uninitialised value was created by a stack allocation
==24031==    at 0x40174C: main (vcpu_scheduler.c:216)
==24031== 
==24031== Conditional jump or move depends on uninitialised value(s)
==24031==    at 0x540EC59: vfprintf (vfprintf.c:1631)
==24031==    by 0x5416898: printf (printf.c:33)
==24031==    by 0x401A76: main (vcpu_scheduler.c:242)
==24031==  Uninitialised value was created by a stack allocation
==24031==    at 0x40174C: main (vcpu_scheduler.c:216)
==24031== 
==24031== Conditional jump or move depends on uninitialised value(s)
==24031==    at 0x540ECE2: vfprintf (vfprintf.c:1631)
==24031==    by 0x5416898: printf (printf.c:33)
==24031==    by 0x401A76: main (vcpu_scheduler.c:242)
==24031==  Uninitialised value was created by a stack allocation
==24031==    at 0x40174C: main (vcpu_scheduler.c:216)
==24031== 
==24031== 
==24031== Process terminating with default action of signal 2 (SIGINT)
==24031==    at 0x548D2F0: __nanosleep_nocancel (syscall-template.S:84)
==24031==    by 0x548D259: sleep (sleep.c:55)
==24031==    by 0x401514: main (vcpu_scheduler.c:182)
--24031-- Discarding syms at 0x102e22d0-0x102e7bf1 in /lib/x86_64-linux-gnu/libnss_compat-2.23.so due to munmap()
--24031-- Discarding syms at 0x107050b0-0x1070b8aa in /lib/x86_64-linux-gnu/libnss_nis-2.23.so due to munmap()
--24031-- Discarding syms at 0x104edff0-0x104fb1e1 in /lib/x86_64-linux-gnu/libnsl-2.23.so due to munmap()
--24031-- Discarding syms at 0x109111b0-0x109172a1 in /lib/x86_64-linux-gnu/libnss_files-2.23.so due to munmap()
==24031== 
==24031== HEAP SUMMARY:
==24031==     in use at exit: 192,116 bytes in 1,120 blocks
==24031==   total heap usage: 5,160 allocs, 4,040 frees, 24,728,404 bytes allocated
==24031== 
==24031== Searching for pointers to 1,120 not-freed blocks
==24031== Checked 1,077,280 bytes
==24031== 
==24031== 288 bytes in 9 blocks are definitely lost in loss record 116 of 134
==24031==    at 0x4C2DB8F: malloc (in /usr/lib/valgrind/vgpreload_memcheck-amd64-linux.so)
==24031==    by 0x401156: calcCpuUsagePercent (vcpu_scheduler.c:97)
==24031==    by 0x401596: main (vcpu_scheduler.c:189)
==24031== 
==24031== 549 (448 direct, 101 indirect) bytes in 8 blocks are definitely lost in loss record 122 of 134
==24031==    at 0x4C2FB55: calloc (in /usr/lib/valgrind/vgpreload_memcheck-amd64-linux.so)
==24031==    by 0x4E9E7C4: virAllocVar (in /usr/lib/x86_64-linux-gnu/libvirt.so.0.1003.1)
==24031==    by 0x4EE434B: virObjectNew (in /usr/lib/x86_64-linux-gnu/libvirt.so.0.1003.1)
==24031==    by 0x4F8E4EA: virGetDomain (in /usr/lib/x86_64-linux-gnu/libvirt.so.0.1003.1)
==24031==    by 0x4FF1555: ??? (in /usr/lib/x86_64-linux-gnu/libvirt.so.0.1003.1)
==24031==    by 0x4FA9644: virConnectListAllDomains (in /usr/lib/x86_64-linux-gnu/libvirt.so.0.1003.1)
==24031==    by 0x401024: getVCpuTimes (vcpu_scheduler.c:70)
==24031==    by 0x401500: main (vcpu_scheduler.c:175)
==24031== 
==24031== 5,490 (4,480 direct, 1,010 indirect) bytes in 80 blocks are definitely lost in loss record 131 of 134
==24031==    at 0x4C2FB55: calloc (in /usr/lib/valgrind/vgpreload_memcheck-amd64-linux.so)
==24031==    by 0x4E9E7C4: virAllocVar (in /usr/lib/x86_64-linux-gnu/libvirt.so.0.1003.1)
==24031==    by 0x4EE434B: virObjectNew (in /usr/lib/x86_64-linux-gnu/libvirt.so.0.1003.1)
==24031==    by 0x4F8E4EA: virGetDomain (in /usr/lib/x86_64-linux-gnu/libvirt.so.0.1003.1)
==24031==    by 0x4FF1555: ??? (in /usr/lib/x86_64-linux-gnu/libvirt.so.0.1003.1)
==24031==    by 0x4FA9644: virConnectListAllDomains (in /usr/lib/x86_64-linux-gnu/libvirt.so.0.1003.1)
==24031==    by 0x401024: getVCpuTimes (vcpu_scheduler.c:70)
==24031==    by 0x40154A: main (vcpu_scheduler.c:186)
==24031== 
==24031== LEAK SUMMARY:
==24031==    definitely lost: 5,216 bytes in 97 blocks
==24031==    indirectly lost: 1,111 bytes in 88 blocks
==24031==      possibly lost: 0 bytes in 0 blocks
==24031==    still reachable: 185,789 bytes in 935 blocks
==24031==         suppressed: 0 bytes in 0 blocks
==24031== Reachable blocks (those to which a pointer was found) are not shown.
==24031== To see them, rerun with: --leak-check=full --show-leak-kinds=all
==24031== 
==24031== ERROR SUMMARY: 83 errors from 9 contexts (suppressed: 0 from 0)
==24031== 
==24031== 10 errors in context 1 of 9:
==24031== Conditional jump or move depends on uninitialised value(s)
==24031==    at 0x540ECE2: vfprintf (vfprintf.c:1631)
==24031==    by 0x5416898: printf (printf.c:33)
==24031==    by 0x401A76: main (vcpu_scheduler.c:242)
==24031==  Uninitialised value was created by a stack allocation
==24031==    at 0x40174C: main (vcpu_scheduler.c:216)
==24031== 
==24031== 
==24031== 10 errors in context 2 of 9:
==24031== Conditional jump or move depends on uninitialised value(s)
==24031==    at 0x540EC59: vfprintf (vfprintf.c:1631)
==24031==    by 0x5416898: printf (printf.c:33)
==24031==    by 0x401A76: main (vcpu_scheduler.c:242)
==24031==  Uninitialised value was created by a stack allocation
==24031==    at 0x40174C: main (vcpu_scheduler.c:216)
==24031== 
==24031== 
==24031== 10 errors in context 3 of 9:
==24031== Conditional jump or move depends on uninitialised value(s)
==24031==    at 0x540F1AF: vfprintf (vfprintf.c:1631)
==24031==    by 0x5416898: printf (printf.c:33)
==24031==    by 0x401A76: main (vcpu_scheduler.c:242)
==24031==  Uninitialised value was created by a stack allocation
==24031==    at 0x40174C: main (vcpu_scheduler.c:216)
==24031== 
==24031== 
==24031== 10 errors in context 4 of 9:
==24031== Conditional jump or move depends on uninitialised value(s)
==24031==    at 0x540EB83: vfprintf (vfprintf.c:1631)
==24031==    by 0x5416898: printf (printf.c:33)
==24031==    by 0x401A76: main (vcpu_scheduler.c:242)
==24031==  Uninitialised value was created by a stack allocation
==24031==    at 0x40174C: main (vcpu_scheduler.c:216)
==24031== 
==24031== 
==24031== 20 errors in context 5 of 9:
==24031== Conditional jump or move depends on uninitialised value(s)
==24031==    at 0x540B775: _itoa_word (_itoa.c:179)
==24031==    by 0x540F12C: vfprintf (vfprintf.c:1631)
==24031==    by 0x5416898: printf (printf.c:33)
==24031==    by 0x401A76: main (vcpu_scheduler.c:242)
==24031==  Uninitialised value was created by a stack allocation
==24031==    at 0x40174C: main (vcpu_scheduler.c:216)
==24031== 
==24031== 
==24031== 20 errors in context 6 of 9:
==24031== Use of uninitialised value of size 8
==24031==    at 0x540B76B: _itoa_word (_itoa.c:179)
==24031==    by 0x540F12C: vfprintf (vfprintf.c:1631)
==24031==    by 0x5416898: printf (printf.c:33)
==24031==    by 0x401A76: main (vcpu_scheduler.c:242)
==24031==  Uninitialised value was created by a stack allocation
==24031==    at 0x40174C: main (vcpu_scheduler.c:216)
==24031== 
==24031== ERROR SUMMARY: 83 errors from 9 contexts (suppressed: 0 from 0)
