Script started on Πεμ 21 Σεπ 2017 02:21:16 μμ EEST
[1m[7m%[27m[1m[0m                                                                                        ]2;gio@gio-L: ~/dev/omscs/cs6210/project1/cs6210Project1_test/test/cpu]1;..test/test/cpu[0m[27m[24m[J[01;32m➜  [36mcpu[00m [01;34mgit:([31mmaster[34m) [33m✗[00m [K[?1h=[?2004h../monitor.py[?1l>[?2004l
]2;./monitor.py]1;./monitor.pyfirsttestvm: ([(0, 1, 42900000000L, 5)], [(False, False, False, False, False, True, False, False)])
secondtestvm: ([(0, 1, 42740000000L, 6)], [(False, False, False, False, False, False, True, False)])
thirdtestvm: ([(0, 1, 43910000000L, 3)], [(False, False, False, True, False, False, False, False)])
fourthtestvm: ([(0, 1, 43910000000L, 2)], [(False, False, True, False, False, False, False, False)])
fifthtestvm: ([(0, 1, 44020000000L, 2)], [(False, False, True, False, False, False, False, False)])
sixthtestvm: ([(0, 1, 44040000000L, 7)], [(False, False, False, False, False, False, False, True)])
seventhtestvm: ([(0, 1, 44120000000L, 3)], [(False, False, False, True, False, False, False, False)])
eighthtestvm: ([(0, 1, 43450000000L, 6)], [(False, False, False, False, False, False, True, False)])
ninthtestvm: ([(0, 1, 37240000000L, 5)], [(False, False, False, False, False, True, False, False)])
tenthtestvm: ([(0, 1, 35540000000L, 7)], [(False, False, False, False, False, False, False, True)])
eleventhtestvm: ([(0, 1, 37570000000L, 4)], [(False, False, False, False, True, False, False, False)])
twelvethtestvm: ([(0, 1, 36870000000L, 1)], [(False, True, False, False, False, False, False, False)])
thirteenthtestvm: ([(0, 1, 37390000000L, 4)], [(False, False, False, False, True, False, False, False)])
fourteenthtestvm: ([(0, 1, 36230000000L, 0)], [(True, False, False, False, False, False, False, False)])
fifteenthtestvm: ([(0, 1, 36190000000L, 1)], [(False, True, False, False, False, False, False, False)])
sixteenthtestvm: ([(0, 1, 35930000000L, 0)], [(True, False, False, False, False, False, False, False)])
--------------------------------------------------------------------------------
0: 0.0 []
1: 0.0 []
2: 0.0 []
3: 0.0 []
4: 0.0 []
5: 0.0 []
6: 0.0 []
7: 0.0 []
--------------------------------------------------------------------------------
firsttestvm: ([(0, 1, 42900000000L, 0)], [(True, False, False, False, False, False, False, False)])
secondtestvm: ([(0, 1, 42740000000L, 1)], [(False, True, False, False, False, False, False, False)])
thirdtestvm: ([(0, 1, 43920000000L, 2)], [(False, False, True, False, False, False, False, False)])
fourthtestvm: ([(0, 1, 43920000000L, 3)], [(False, False, False, True, False, False, False, False)])
fifthtestvm: ([(0, 1, 44020000000L, 4)], [(False, False, False, False, True, False, False, False)])
sixthtestvm: ([(0, 1, 44040000000L, 5)], [(False, False, False, False, False, True, False, False)])
seventhtestvm: ([(0, 1, 44120000000L, 6)], [(False, False, False, False, False, False, True, False)])
eighthtestvm: ([(0, 1, 43450000000L, 7)], [(False, False, False, False, False, False, False, True)])
ninthtestvm: ([(0, 1, 37240000000L, 0)], [(True, False, False, False, False, False, False, False)])
tenthtestvm: ([(0, 1, 35540000000L, 1)], [(False, True, False, False, False, False, False, False)])
eleventhtestvm: ([(0, 1, 37570000000L, 2)], [(False, False, True, False, False, False, False, False)])
twelvethtestvm: ([(0, 1, 36870000000L, 3)], [(False, False, False, True, False, False, False, False)])
thirteenthtestvm: ([(0, 1, 37390000000L, 4)], [(False, False, False, False, True, False, False, False)])
fourteenthtestvm: ([(0, 1, 36230000000L, 5)], [(False, False, False, False, False, True, False, False)])
fifteenthtestvm: ([(0, 1, 36190000000L, 6)], [(False, False, False, False, False, False, True, False)])
sixteenthtestvm: ([(0, 1, 35930000000L, 7)], [(False, False, False, False, False, False, False, True)])
--------------------------------------------------------------------------------
0: 0.0 ['firsttestvm', 'ninthtestvm']
1: 0.0 ['secondtestvm', 'tenthtestvm']
2: 1.0 ['thirdtestvm', 'eleventhtestvm']
3: 1.0 ['fourthtestvm', 'twelvethtestvm']
4: 0.0 ['fifthtestvm', 'thirteenthtestvm']
5: 0.0 ['sixthtestvm', 'fourteenthtestvm']
6: 0.0 ['seventhtestvm', 'fifteenthtestvm']
7: 0.0 ['eighthtestvm', 'sixteenthtestvm']
--------------------------------------------------------------------------------
firsttestvm: ([(0, 1, 42900000000L, 0)], [(True, False, False, False, False, False, False, False)])
secondtestvm: ([(0, 1, 42740000000L, 1)], [(False, True, False, False, False, False, False, False)])
thirdtestvm: ([(0, 1, 43920000000L, 2)], [(False, False, True, False, False, False, False, False)])
fourthtestvm: ([(0, 1, 43920000000L, 3)], [(False, False, False, True, False, False, False, False)])
fifthtestvm: ([(0, 1, 44020000000L, 4)], [(False, False, False, False, True, False, False, False)])
sixthtestvm: ([(0, 1, 44040000000L, 5)], [(False, False, False, False, False, True, False, False)])
seventhtestvm: ([(0, 1, 44120000000L, 6)], [(False, False, False, False, False, False, True, False)])
eighthtestvm: ([(0, 1, 43450000000L, 7)], [(False, False, False, False, False, False, False, True)])
ninthtestvm: ([(0, 1, 37240000000L, 0)], [(True, False, False, False, False, False, False, False)])
tenthtestvm: ([(0, 1, 35540000000L, 1)], [(False, True, False, False, False, False, False, False)])
eleventhtestvm: ([(0, 1, 37570000000L, 2)], [(False, False, True, False, False, False, False, False)])
twelvethtestvm: ([(0, 1, 36870000000L, 3)], [(False, False, False, True, False, False, False, False)])
thirteenthtestvm: ([(0, 1, 37390000000L, 4)], [(False, False, False, False, True, False, False, False)])
fourteenthtestvm: ([(0, 1, 36230000000L, 5)], [(False, False, False, False, False, True, False, False)])
fifteenthtestvm: ([(0, 1, 36190000000L, 6)], [(False, False, False, False, False, False, True, False)])
sixteenthtestvm: ([(0, 1, 35940000000L, 7)], [(False, False, False, False, False, False, False, True)])
--------------------------------------------------------------------------------
0: 0.0 ['firsttestvm', 'ninthtestvm']
1: 0.0 ['secondtestvm', 'tenthtestvm']
2: 0.0 ['thirdtestvm', 'eleventhtestvm']
3: 0.0 ['fourthtestvm', 'twelvethtestvm']
4: 0.0 ['fifthtestvm', 'thirteenthtestvm']
5: 0.0 ['sixthtestvm', 'fourteenthtestvm']
6: 0.0 ['seventhtestvm', 'fifteenthtestvm']
7: 1.0 ['eighthtestvm', 'sixteenthtestvm']
--------------------------------------------------------------------------------
firsttestvm: ([(0, 1, 42900000000L, 0)], [(True, False, False, False, False, False, False, False)])
secondtestvm: ([(0, 1, 42740000000L, 1)], [(False, True, False, False, False, False, False, False)])
thirdtestvm: ([(0, 1, 43920000000L, 2)], [(False, False, True, False, False, False, False, False)])
fourthtestvm: ([(0, 1, 43920000000L, 3)], [(False, False, False, True, False, False, False, False)])
fifthtestvm: ([(0, 1, 44020000000L, 4)], [(False, False, False, False, True, False, False, False)])
sixthtestvm: ([(0, 1, 44040000000L, 5)], [(False, False, False, False, False, True, False, False)])
seventhtestvm: ([(0, 1, 44120000000L, 6)], [(False, False, False, False, False, False, True, False)])
eighthtestvm: ([(0, 1, 43450000000L, 7)], [(False, False, False, False, False, False, False, True)])
ninthtestvm: ([(0, 1, 37240000000L, 0)], [(True, False, False, False, False, False, False, False)])
tenthtestvm: ([(0, 1, 35540000000L, 1)], [(False, True, False, False, False, False, False, False)])
eleventhtestvm: ([(0, 1, 37570000000L, 2)], [(False, False, True, False, False, False, False, False)])
twelvethtestvm: ([(0, 1, 36870000000L, 3)], [(False, False, False, True, False, False, False, False)])
thirteenthtestvm: ([(0, 1, 37390000000L, 4)], [(False, False, False, False, True, False, False, False)])
fourteenthtestvm: ([(0, 1, 36230000000L, 5)], [(False, False, False, False, False, True, False, False)])
fifteenthtestvm: ([(0, 1, 36200000000L, 6)], [(False, False, False, False, False, False, True, False)])
sixteenthtestvm: ([(0, 1, 35940000000L, 7)], [(False, False, False, False, False, False, False, True)])
--------------------------------------------------------------------------------
0: 0.0 ['firsttestvm', 'ninthtestvm']
1: 0.0 ['secondtestvm', 'tenthtestvm']
2: 0.0 ['thirdtestvm', 'eleventhtestvm']
3: 0.0 ['fourthtestvm', 'twelvethtestvm']
4: 0.0 ['fifthtestvm', 'thirteenthtestvm']
5: 0.0 ['sixthtestvm', 'fourteenthtestvm']
6: 1.0 ['seventhtestvm', 'fifteenthtestvm']
7: 0.0 ['eighthtestvm', 'sixteenthtestvm']
--------------------------------------------------------------------------------
firsttestvm: ([(0, 1, 42900000000L, 0)], [(True, False, False, False, False, False, False, False)])
secondtestvm: ([(0, 1, 42750000000L, 1)], [(False, True, False, False, False, False, False, False)])
thirdtestvm: ([(0, 1, 43920000000L, 2)], [(False, False, True, False, False, False, False, False)])
fourthtestvm: ([(0, 1, 43930000000L, 3)], [(False, False, False, True, False, False, False, False)])
fifthtestvm: ([(0, 1, 44030000000L, 4)], [(False, False, False, False, True, False, False, False)])
sixthtestvm: ([(0, 1, 44040000000L, 5)], [(False, False, False, False, False, True, False, False)])
seventhtestvm: ([(0, 1, 44140000000L, 6)], [(False, False, False, False, False, False, True, False)])
eighthtestvm: ([(0, 1, 43460000000L, 7)], [(False, False, False, False, False, False, False, True)])
ninthtestvm: ([(0, 1, 37250000000L, 0)], [(True, False, False, False, False, False, False, False)])
tenthtestvm: ([(0, 1, 35560000000L, 1)], [(False, True, False, False, False, False, False, False)])
eleventhtestvm: ([(0, 1, 37580000000L, 2)], [(False, False, True, False, False, False, False, False)])
twelvethtestvm: ([(0, 1, 36880000000L, 3)], [(False, False, False, True, False, False, False, False)])
thirteenthtestvm: ([(0, 1, 37400000000L, 4)], [(False, False, False, False, True, False, False, False)])
fourteenthtestvm: ([(0, 1, 36240000000L, 5)], [(False, False, False, False, False, True, False, False)])
fifteenthtestvm: ([(0, 1, 36220000000L, 6)], [(False, False, False, False, False, False, True, False)])
sixteenthtestvm: ([(0, 1, 35950000000L, 7)], [(False, False, False, False, False, False, False, True)])
--------------------------------------------------------------------------------
0: 1.0 ['firsttestvm', 'ninthtestvm']
1: 3.0 ['secondtestvm', 'tenthtestvm']
2: 1.0 ['thirdtestvm', 'eleventhtestvm']
3: 2.0 ['fourthtestvm', 'twelvethtestvm']
4: 2.0 ['fifthtestvm', 'thirteenthtestvm']
5: 1.0 ['sixthtestvm', 'fourteenthtestvm']
6: 4.0 ['seventhtestvm', 'fifteenthtestvm']
7: 2.0 ['eighthtestvm', 'sixteenthtestvm']
--------------------------------------------------------------------------------
firsttestvm: ([(0, 1, 43260000000L, 0)], [(True, False, False, False, False, False, False, False)])
secondtestvm: ([(0, 1, 43080000000L, 1)], [(False, True, False, False, False, False, False, False)])
thirdtestvm: ([(0, 1, 44240000000L, 2)], [(False, False, True, False, False, False, False, False)])
fourthtestvm: ([(0, 1, 44330000000L, 3)], [(False, False, False, True, False, False, False, False)])
fifthtestvm: ([(0, 1, 44360000000L, 4)], [(False, False, False, False, True, False, False, False)])
sixthtestvm: ([(0, 1, 44420000000L, 5)], [(False, False, False, False, False, True, False, False)])
seventhtestvm: ([(0, 1, 44500000000L, 6)], [(False, False, False, False, False, False, True, False)])
eighthtestvm: ([(0, 1, 43790000000L, 7)], [(False, False, False, False, False, False, False, True)])
ninthtestvm: ([(0, 1, 37630000000L, 0)], [(True, False, False, False, False, False, False, False)])
tenthtestvm: ([(0, 1, 35930000000L, 1)], [(False, True, False, False, False, False, False, False)])
eleventhtestvm: ([(0, 1, 37950000000L, 2)], [(False, False, True, False, False, False, False, False)])
twelvethtestvm: ([(0, 1, 37230000000L, 3)], [(False, False, False, True, False, False, False, False)])
thirteenthtestvm: ([(0, 1, 37720000000L, 4)], [(False, False, False, False, True, False, False, False)])
fourteenthtestvm: ([(0, 1, 36580000000L, 5)], [(False, False, False, False, False, True, False, False)])
fifteenthtestvm: ([(0, 1, 36580000000L, 6)], [(False, False, False, False, False, False, True, False)])
sixteenthtestvm: ([(0, 1, 36330000000L, 7)], [(False, False, False, False, False, False, False, True)])
--------------------------------------------------------------------------------
0: 74.0 ['firsttestvm', 'ninthtestvm']
1: 70.0 ['secondtestvm', 'tenthtestvm']
2: 69.0 ['thirdtestvm', 'eleventhtestvm']
3: 75.0 ['fourthtestvm', 'twelvethtestvm']
4: 65.0 ['fifthtestvm', 'thirteenthtestvm']
5: 72.0 ['sixthtestvm', 'fourteenthtestvm']
6: 72.0 ['seventhtestvm', 'fifteenthtestvm']
7: 71.0 ['eighthtestvm', 'sixteenthtestvm']
--------------------------------------------------------------------------------
firsttestvm: ([(0, 1, 43580000000L, 0)], [(True, False, False, False, False, False, False, False)])
secondtestvm: ([(0, 1, 43420000000L, 1)], [(False, True, False, False, False, False, False, False)])
thirdtestvm: ([(0, 1, 44560000000L, 2)], [(False, False, True, False, False, False, False, False)])
fourthtestvm: ([(0, 1, 44690000000L, 3)], [(False, False, False, True, False, False, False, False)])
fifthtestvm: ([(0, 1, 44700000000L, 4)], [(False, False, False, False, True, False, False, False)])
sixthtestvm: ([(0, 1, 44780000000L, 5)], [(False, False, False, False, False, True, False, False)])
seventhtestvm: ([(0, 1, 44860000000L, 6)], [(False, False, False, False, False, False, True, False)])
eighthtestvm: ([(0, 1, 44110000000L, 7)], [(False, False, False, False, False, False, False, True)])
ninthtestvm: ([(0, 1, 37970000000L, 0)], [(True, False, False, False, False, False, False, False)])
tenthtestvm: ([(0, 1, 36260000000L, 1)], [(False, True, False, False, False, False, False, False)])
eleventhtestvm: ([(0, 1, 38320000000L, 2)], [(False, False, True, False, False, False, False, False)])
twelvethtestvm: ([(0, 1, 37560000000L, 3)], [(False, False, False, True, False, False, False, False)])
thirteenthtestvm: ([(0, 1, 38060000000L, 4)], [(False, False, False, False, True, False, False, False)])
fourteenthtestvm: ([(0, 1, 36900000000L, 5)], [(False, False, False, False, False, True, False, False)])
fifteenthtestvm: ([(0, 1, 36900000000L, 6)], [(False, False, False, False, False, False, True, False)])
sixteenthtestvm: ([(0, 1, 36690000000L, 7)], [(False, False, False, False, False, False, False, True)])
--------------------------------------------------------------------------------
0: 66.0 ['firsttestvm', 'ninthtestvm']
1: 67.0 ['secondtestvm', 'tenthtestvm']
2: 69.0 ['thirdtestvm', 'eleventhtestvm']
3: 69.0 ['fourthtestvm', 'twelvethtestvm']
4: 68.0 ['fifthtestvm', 'thirteenthtestvm']
5: 68.0 ['sixthtestvm', 'fourteenthtestvm']
6: 68.0 ['seventhtestvm', 'fifteenthtestvm']
7: 68.0 ['eighthtestvm', 'sixteenthtestvm']
--------------------------------------------------------------------------------
firsttestvm: ([(0, 1, 43910000000L, 0)], [(True, False, False, False, False, False, False, False)])
secondtestvm: ([(0, 1, 43790000000L, 1)], [(False, True, False, False, False, False, False, False)])
thirdtestvm: ([(0, 1, 44880000000L, 2)], [(False, False, True, False, False, False, False, False)])
fourthtestvm: ([(0, 1, 45070000000L, 3)], [(False, False, False, True, False, False, False, False)])
fifthtestvm: ([(0, 1, 45050000000L, 4)], [(False, False, False, False, True, False, False, False)])
sixthtestvm: ([(0, 1, 45150000000L, 5)], [(False, False, False, False, False, True, False, False)])
seventhtestvm: ([(0, 1, 45220000000L, 6)], [(False, False, False, False, False, False, True, False)])
eighthtestvm: ([(0, 1, 44440000000L, 7)], [(False, False, False, False, False, False, False, True)])
ninthtestvm: ([(0, 1, 38350000000L, 0)], [(True, False, False, False, False, False, False, False)])
tenthtestvm: ([(0, 1, 36590000000L, 1)], [(False, True, False, False, False, False, False, False)])
eleventhtestvm: ([(0, 1, 38680000000L, 2)], [(False, False, True, False, False, False, False, False)])
twelvethtestvm: ([(0, 1, 37890000000L, 3)], [(False, False, False, True, False, False, False, False)])
thirteenthtestvm: ([(0, 1, 38410000000L, 4)], [(False, False, False, False, True, False, False, False)])
fourteenthtestvm: ([(0, 1, 37220000000L, 5)], [(False, False, False, False, False, True, False, False)])
fifteenthtestvm: ([(0, 1, 37230000000L, 6)], [(False, False, False, False, False, False, True, False)])
sixteenthtestvm: ([(0, 1, 37070000000L, 7)], [(False, False, False, False, False, False, False, True)])
--------------------------------------------------------------------------------
0: 71.0 ['firsttestvm', 'ninthtestvm']
1: 70.0 ['secondtestvm', 'tenthtestvm']
2: 68.0 ['thirdtestvm', 'eleventhtestvm']
3: 71.0 ['fourthtestvm', 'twelvethtestvm']
4: 70.0 ['fifthtestvm', 'thirteenthtestvm']
5: 69.0 ['sixthtestvm', 'fourteenthtestvm']
6: 69.0 ['seventhtestvm', 'fifteenthtestvm']
7: 71.0 ['eighthtestvm', 'sixteenthtestvm']
--------------------------------------------------------------------------------
firsttestvm: ([(0, 1, 44240000000L, 0)], [(True, False, False, False, False, False, False, False)])
secondtestvm: ([(0, 1, 44150000000L, 1)], [(False, True, False, False, False, False, False, False)])
thirdtestvm: ([(0, 1, 45210000000L, 2)], [(False, False, True, False, False, False, False, False)])
fourthtestvm: ([(0, 1, 45420000000L, 3)], [(False, False, False, True, False, False, False, False)])
fifthtestvm: ([(0, 1, 45390000000L, 4)], [(False, False, False, False, True, False, False, False)])
sixthtestvm: ([(0, 1, 45510000000L, 5)], [(False, False, False, False, False, True, False, False)])
seventhtestvm: ([(0, 1, 45580000000L, 6)], [(False, False, False, False, False, False, True, False)])
eighthtestvm: ([(0, 1, 44790000000L, 7)], [(False, False, False, False, False, False, False, True)])
ninthtestvm: ([(0, 1, 38700000000L, 0)], [(True, False, False, False, False, False, False, False)])
tenthtestvm: ([(0, 1, 36910000000L, 1)], [(False, True, False, False, False, False, False, False)])
eleventhtestvm: ([(0, 1, 39040000000L, 2)], [(False, False, True, False, False, False, False, False)])
twelvethtestvm: ([(0, 1, 38210000000L, 3)], [(False, False, False, True, False, False, False, False)])
thirteenthtestvm: ([(0, 1, 38750000000L, 4)], [(False, False, False, False, True, False, False, False)])
fourteenthtestvm: ([(0, 1, 37550000000L, 5)], [(False, False, False, False, False, True, False, False)])
fifteenthtestvm: ([(0, 1, 37560000000L, 6)], [(False, False, False, False, False, False, True, False)])
sixteenthtestvm: ([(0, 1, 37400000000L, 7)], [(False, False, False, False, False, False, False, True)])
--------------------------------------------------------------------------------
0: 68.0 ['firsttestvm', 'ninthtestvm']
1: 68.0 ['secondtestvm', 'tenthtestvm']
2: 69.0 ['thirdtestvm', 'eleventhtestvm']
3: 67.0 ['fourthtestvm', 'twelvethtestvm']
4: 68.0 ['fifthtestvm', 'thirteenthtestvm']
5: 69.0 ['sixthtestvm', 'fourteenthtestvm']
6: 69.0 ['seventhtestvm', 'fifteenthtestvm']
7: 68.0 ['eighthtestvm', 'sixteenthtestvm']
--------------------------------------------------------------------------------
firsttestvm: ([(0, 1, 44560000000L, 5)], [(False, False, False, False, False, True, False, False)])
secondtestvm: ([(0, 1, 44520000000L, 2)], [(False, False, True, False, False, False, False, False)])
thirdtestvm: ([(0, 1, 45530000000L, 2)], [(False, False, True, False, False, False, False, False)])
fourthtestvm: ([(0, 1, 45800000000L, 3)], [(False, False, False, True, False, False, False, False)])
fifthtestvm: ([(0, 1, 45740000000L, 6)], [(False, False, False, False, False, False, True, False)])
sixthtestvm: ([(0, 1, 45880000000L, 7)], [(False, False, False, False, False, False, False, True)])
seventhtestvm: ([(0, 1, 45920000000L, 4)], [(False, False, False, False, True, False, False, False)])
eighthtestvm: ([(0, 1, 45130000000L, 1)], [(False, True, False, False, False, False, False, False)])
ninthtestvm: ([(0, 1, 39060000000L, 6)], [(False, False, False, False, False, False, True, False)])
tenthtestvm: ([(0, 1, 37270000000L, 4)], [(False, False, False, False, True, False, False, False)])
eleventhtestvm: ([(0, 1, 39410000000L, 5)], [(False, False, False, False, False, True, False, False)])
twelvethtestvm: ([(0, 1, 38570000000L, 0)], [(True, False, False, False, False, False, False, False)])
thirteenthtestvm: ([(0, 1, 39090000000L, 0)], [(True, False, False, False, False, False, False, False)])
fourteenthtestvm: ([(0, 1, 37880000000L, 3)], [(False, False, False, True, False, False, False, False)])
fifteenthtestvm: ([(0, 1, 37920000000L, 1)], [(False, True, False, False, False, False, False, False)])
sixteenthtestvm: ([(0, 1, 37720000000L, 7)], [(False, False, False, False, False, False, False, True)])
--------------------------------------------------------------------------------
0: 70.0 ['twelvethtestvm', 'thirteenthtestvm']
1: 70.0 ['eighthtestvm', 'fifteenthtestvm']
2: 69.0 ['secondtestvm', 'thirdtestvm']
3: 71.0 ['fourthtestvm', 'fourteenthtestvm']
4: 70.0 ['seventhtestvm', 'tenthtestvm']
5: 69.0 ['firsttestvm', 'eleventhtestvm']
6: 71.0 ['fifthtestvm', 'ninthtestvm']
7: 69.0 ['sixthtestvm', 'sixteenthtestvm']
--------------------------------------------------------------------------------
firsttestvm: ([(0, 1, 44880000000L, 5)], [(False, False, False, False, False, True, False, False)])
secondtestvm: ([(0, 1, 44880000000L, 2)], [(False, False, True, False, False, False, False, False)])
thirdtestvm: ([(0, 1, 45870000000L, 2)], [(False, False, True, False, False, False, False, False)])
fourthtestvm: ([(0, 1, 46160000000L, 3)], [(False, False, False, True, False, False, False, False)])
fifthtestvm: ([(0, 1, 46070000000L, 6)], [(False, False, False, False, False, False, True, False)])
sixthtestvm: ([(0, 1, 46260000000L, 7)], [(False, False, False, False, False, False, False, True)])
seventhtestvm: ([(0, 1, 46240000000L, 4)], [(False, False, False, False, True, False, False, False)])
eighthtestvm: ([(0, 1, 45460000000L, 1)], [(False, True, False, False, False, False, False, False)])
ninthtestvm: ([(0, 1, 39420000000L, 6)], [(False, False, False, False, False, False, True, False)])
tenthtestvm: ([(0, 1, 37630000000L, 4)], [(False, False, False, False, True, False, False, False)])
eleventhtestvm: ([(0, 1, 39780000000L, 5)], [(False, False, False, False, False, True, False, False)])
twelvethtestvm: ([(0, 1, 38890000000L, 0)], [(True, False, False, False, False, False, False, False)])
thirteenthtestvm: ([(0, 1, 39440000000L, 0)], [(True, False, False, False, False, False, False, False)])
fourteenthtestvm: ([(0, 1, 38200000000L, 3)], [(False, False, False, True, False, False, False, False)])
fifteenthtestvm: ([(0, 1, 38290000000L, 1)], [(False, True, False, False, False, False, False, False)])
sixteenthtestvm: ([(0, 1, 38050000000L, 7)], [(False, False, False, False, False, False, False, True)])
--------------------------------------------------------------------------------
0: 67.0 ['twelvethtestvm', 'thirteenthtestvm']
1: 70.0 ['eighthtestvm', 'fifteenthtestvm']
2: 70.0 ['secondtestvm', 'thirdtestvm']
3: 68.0 ['fourthtestvm', 'fourteenthtestvm']
4: 68.0 ['seventhtestvm', 'tenthtestvm']
5: 69.0 ['firsttestvm', 'eleventhtestvm']
6: 69.0 ['fifthtestvm', 'ninthtestvm']
7: 71.0 ['sixthtestvm', 'sixteenthtestvm']
--------------------------------------------------------------------------------
firsttestvm: ([(0, 1, 45200000000L, 5)], [(False, False, False, False, False, True, False, False)])
secondtestvm: ([(0, 1, 45220000000L, 2)], [(False, False, True, False, False, False, False, False)])
thirdtestvm: ([(0, 1, 46210000000L, 2)], [(False, False, True, False, False, False, False, False)])
fourthtestvm: ([(0, 1, 46530000000L, 3)], [(False, False, False, True, False, False, False, False)])
fifthtestvm: ([(0, 1, 46410000000L, 6)], [(False, False, False, False, False, False, True, False)])
sixthtestvm: ([(0, 1, 46630000000L, 7)], [(False, False, False, False, False, False, False, True)])
seventhtestvm: ([(0, 1, 46570000000L, 4)], [(False, False, False, False, True, False, False, False)])
eighthtestvm: ([(0, 1, 45810000000L, 1)], [(False, True, False, False, False, False, False, False)])
ninthtestvm: ([(0, 1, 39780000000L, 6)], [(False, False, False, False, False, False, True, False)])
tenthtestvm: ([(0, 1, 38010000000L, 4)], [(False, False, False, False, True, False, False, False)])
eleventhtestvm: ([(0, 1, 40160000000L, 5)], [(False, False, False, False, False, True, False, False)])
twelvethtestvm: ([(0, 1, 39240000000L, 0)], [(True, False, False, False, False, False, False, False)])
thirteenthtestvm: ([(0, 1, 39790000000L, 0)], [(True, False, False, False, False, False, False, False)])
fourteenthtestvm: ([(0, 1, 38530000000L, 3)], [(False, False, False, True, False, False, False, False)])
fifteenthtestvm: ([(0, 1, 38640000000L, 1)], [(False, True, False, False, False, False, False, False)])
sixteenthtestvm: ([(0, 1, 38380000000L, 7)], [(False, False, False, False, False, False, False, True)])
--------------------------------------------------------------------------------
0: 70.0 ['twelvethtestvm', 'thirteenthtestvm']
1: 70.0 ['eighthtestvm', 'fifteenthtestvm']
2: 68.0 ['secondtestvm', 'thirdtestvm']
3: 70.0 ['fourthtestvm', 'fourteenthtestvm']
4: 71.0 ['seventhtestvm', 'tenthtestvm']
5: 70.0 ['firsttestvm', 'eleventhtestvm']
6: 70.0 ['fifthtestvm', 'ninthtestvm']
7: 70.0 ['sixthtestvm', 'sixteenthtestvm']
--------------------------------------------------------------------------------
firsttestvm: ([(0, 1, 45530000000L, 3)], [(False, False, False, True, False, False, False, False)])
secondtestvm: ([(0, 1, 45580000000L, 3)], [(False, False, False, True, False, False, False, False)])
thirdtestvm: ([(0, 1, 46560000000L, 5)], [(False, False, False, False, False, True, False, False)])
fourthtestvm: ([(0, 1, 46890000000L, 4)], [(False, False, False, False, True, False, False, False)])
fifthtestvm: ([(0, 1, 46750000000L, 4)], [(False, False, False, False, True, False, False, False)])
sixthtestvm: ([(0, 1, 46980000000L, 7)], [(False, False, False, False, False, False, False, True)])
seventhtestvm: ([(0, 1, 46890000000L, 0)], [(True, False, False, False, False, False, False, False)])
eighthtestvm: ([(0, 1, 46150000000L, 6)], [(False, False, False, False, False, False, True, False)])
ninthtestvm: ([(0, 1, 40140000000L, 2)], [(False, False, True, False, False, False, False, False)])
tenthtestvm: ([(0, 1, 38360000000L, 6)], [(False, False, False, False, False, False, True, False)])
eleventhtestvm: ([(0, 1, 40490000000L, 5)], [(False, False, False, False, False, True, False, False)])
twelvethtestvm: ([(0, 1, 39580000000L, 7)], [(False, False, False, False, False, False, False, True)])
thirteenthtestvm: ([(0, 1, 40140000000L, 0)], [(True, False, False, False, False, False, False, False)])
fourteenthtestvm: ([(0, 1, 38850000000L, 1)], [(False, True, False, False, False, False, False, False)])
fifteenthtestvm: ([(0, 1, 38990000000L, 1)], [(False, True, False, False, False, False, False, False)])
sixteenthtestvm: ([(0, 1, 38700000000L, 2)], [(False, False, True, False, False, False, False, False)])
--------------------------------------------------------------------------------
0: 67.0 ['seventhtestvm', 'thirteenthtestvm']
1: 67.0 ['fourteenthtestvm', 'fifteenthtestvm']
2: 68.0 ['ninthtestvm', 'sixteenthtestvm']
3: 69.0 ['firsttestvm', 'secondtestvm']
4: 70.0 ['fourthtestvm', 'fifthtestvm']
5: 68.0 ['thirdtestvm', 'eleventhtestvm']
6: 69.0 ['eighthtestvm', 'tenthtestvm']
7: 69.0 ['sixthtestvm', 'twelvethtestvm']
--------------------------------------------------------------------------------
firsttestvm: ([(0, 1, 45860000000L, 3)], [(False, False, False, True, False, False, False, False)])
secondtestvm: ([(0, 1, 45950000000L, 3)], [(False, False, False, True, False, False, False, False)])
thirdtestvm: ([(0, 1, 46920000000L, 5)], [(False, False, False, False, False, True, False, False)])
fourthtestvm: ([(0, 1, 47240000000L, 4)], [(False, False, False, False, True, False, False, False)])
fifthtestvm: ([(0, 1, 47090000000L, 4)], [(False, False, False, False, True, False, False, False)])
sixthtestvm: ([(0, 1, 47350000000L, 7)], [(False, False, False, False, False, False, False, True)])
seventhtestvm: ([(0, 1, 47220000000L, 0)], [(True, False, False, False, False, False, False, False)])
eighthtestvm: ([(0, 1, 46510000000L, 6)], [(False, False, False, False, False, False, True, False)])
ninthtestvm: ([(0, 1, 40510000000L, 2)], [(False, False, True, False, False, False, False, False)])
tenthtestvm: ([(0, 1, 38700000000L, 6)], [(False, False, False, False, False, False, True, False)])
eleventhtestvm: ([(0, 1, 40830000000L, 5)], [(False, False, False, False, False, True, False, False)])
twelvethtestvm: ([(0, 1, 39920000000L, 7)], [(False, False, False, False, False, False, False, True)])
thirteenthtestvm: ([(0, 1, 40520000000L, 0)], [(True, False, False, False, False, False, False, False)])
fourteenthtestvm: ([(0, 1, 39180000000L, 1)], [(False, True, False, False, False, False, False, False)])
fifteenthtestvm: ([(0, 1, 39360000000L, 1)], [(False, True, False, False, False, False, False, False)])
sixteenthtestvm: ([(0, 1, 39030000000L, 2)], [(False, False, True, False, False, False, False, False)])
--------------------------------------------------------------------------------
0: 71.0 ['seventhtestvm', 'thirteenthtestvm']
1: 70.0 ['fourteenthtestvm', 'fifteenthtestvm']
2: 70.0 ['ninthtestvm', 'sixteenthtestvm']
3: 70.0 ['firsttestvm', 'secondtestvm']
4: 69.0 ['fourthtestvm', 'fifthtestvm']
5: 70.0 ['thirdtestvm', 'eleventhtestvm']
6: 70.0 ['eighthtestvm', 'tenthtestvm']
7: 71.0 ['sixthtestvm', 'twelvethtestvm']
--------------------------------------------------------------------------------
firsttestvm: ([(0, 1, 46190000000L, 3)], [(False, False, False, True, False, False, False, False)])
secondtestvm: ([(0, 1, 46320000000L, 3)], [(False, False, False, True, False, False, False, False)])
thirdtestvm: ([(0, 1, 47270000000L, 5)], [(False, False, False, False, False, True, False, False)])
fourthtestvm: ([(0, 1, 47600000000L, 4)], [(False, False, False, False, True, False, False, False)])
fifthtestvm: ([(0, 1, 47440000000L, 4)], [(False, False, False, False, True, False, False, False)])
sixthtestvm: ([(0, 1, 47700000000L, 7)], [(False, False, False, False, False, False, False, True)])
seventhtestvm: ([(0, 1, 47550000000L, 0)], [(True, False, False, False, False, False, False, False)])
eighthtestvm: ([(0, 1, 46870000000L, 6)], [(False, False, False, False, False, False, True, False)])
ninthtestvm: ([(0, 1, 40870000000L, 2)], [(False, False, True, False, False, False, False, False)])
tenthtestvm: ([(0, 1, 39030000000L, 6)], [(False, False, False, False, False, False, True, False)])
eleventhtestvm: ([(0, 1, 41170000000L, 5)], [(False, False, False, False, False, True, False, False)])
twelvethtestvm: ([(0, 1, 40260000000L, 7)], [(False, False, False, False, False, False, False, True)])
thirteenthtestvm: ([(0, 1, 40890000000L, 0)], [(True, False, False, False, False, False, False, False)])
fourteenthtestvm: ([(0, 1, 39510000000L, 1)], [(False, True, False, False, False, False, False, False)])
fifteenthtestvm: ([(0, 1, 39730000000L, 1)], [(False, True, False, False, False, False, False, False)])
sixteenthtestvm: ([(0, 1, 39350000000L, 2)], [(False, False, True, False, False, False, False, False)])
--------------------------------------------------------------------------------
0: 70.0 ['seventhtestvm', 'thirteenthtestvm']
1: 70.0 ['fourteenthtestvm', 'fifteenthtestvm']
2: 68.0 ['ninthtestvm', 'sixteenthtestvm']
3: 70.0 ['firsttestvm', 'secondtestvm']
4: 71.0 ['fourthtestvm', 'fifthtestvm']
5: 69.0 ['thirdtestvm', 'eleventhtestvm']
6: 69.0 ['eighthtestvm', 'tenthtestvm']
7: 69.0 ['sixthtestvm', 'twelvethtestvm']
--------------------------------------------------------------------------------
firsttestvm: ([(0, 1, 46510000000L, 3)], [(False, False, False, True, False, False, False, False)])
secondtestvm: ([(0, 1, 46680000000L, 7)], [(False, False, False, False, False, False, False, True)])
thirdtestvm: ([(0, 1, 47640000000L, 1)], [(False, True, False, False, False, False, False, False)])
fourthtestvm: ([(0, 1, 47960000000L, 0)], [(True, False, False, False, False, False, False, False)])
fifthtestvm: ([(0, 1, 47760000000L, 5)], [(False, False, False, False, False, True, False, False)])
sixthtestvm: ([(0, 1, 48040000000L, 2)], [(False, False, True, False, False, False, False, False)])
seventhtestvm: ([(0, 1, 47870000000L, 0)], [(True, False, False, False, False, False, False, False)])
eighthtestvm: ([(0, 1, 47230000000L, 3)], [(False, False, False, True, False, False, False, False)])
ninthtestvm: ([(0, 1, 41230000000L, 5)], [(False, False, False, False, False, True, False, False)])
tenthtestvm: ([(0, 1, 39350000000L, 7)], [(False, False, False, False, False, False, False, True)])
eleventhtestvm: ([(0, 1, 41500000000L, 6)], [(False, False, False, False, False, False, True, False)])
twelvethtestvm: ([(0, 1, 40600000000L, 4)], [(False, False, False, False, True, False, False, False)])
thirteenthtestvm: ([(0, 1, 41260000000L, 6)], [(False, False, False, False, False, False, True, False)])
fourteenthtestvm: ([(0, 1, 39830000000L, 1)], [(False, True, False, False, False, False, False, False)])
fifteenthtestvm: ([(0, 1, 40080000000L, 4)], [(False, False, False, False, True, False, False, False)])
sixteenthtestvm: ([(0, 1, 39690000000L, 2)], [(False, False, True, False, False, False, False, False)])
--------------------------------------------------------------------------------
0: 68.0 ['fourthtestvm', 'seventhtestvm']
1: 69.0 ['thirdtestvm', 'fourteenthtestvm']
2: 68.0 ['sixthtestvm', 'sixteenthtestvm']
3: 68.0 ['firsttestvm', 'eighthtestvm']
4: 69.0 ['twelvethtestvm', 'fifteenthtestvm']
5: 68.0 ['fifthtestvm', 'ninthtestvm']
6: 70.0 ['eleventhtestvm', 'thirteenthtestvm']
7: 68.0 ['secondtestvm', 'tenthtestvm']
--------------------------------------------------------------------------------
firsttestvm: ([(0, 1, 46840000000L, 3)], [(False, False, False, True, False, False, False, False)])
secondtestvm: ([(0, 1, 47030000000L, 7)], [(False, False, False, False, False, False, False, True)])
thirdtestvm: ([(0, 1, 48000000000L, 1)], [(False, True, False, False, False, False, False, False)])
fourthtestvm: ([(0, 1, 48320000000L, 0)], [(True, False, False, False, False, False, False, False)])
fifthtestvm: ([(0, 1, 48100000000L, 5)], [(False, False, False, False, False, True, False, False)])
sixthtestvm: ([(0, 1, 48370000000L, 2)], [(False, False, True, False, False, False, False, False)])
seventhtestvm: ([(0, 1, 48190000000L, 0)], [(True, False, False, False, False, False, False, False)])
eighthtestvm: ([(0, 1, 47590000000L, 3)], [(False, False, False, True, False, False, False, False)])
ninthtestvm: ([(0, 1, 41580000000L, 5)], [(False, False, False, False, False, True, False, False)])
tenthtestvm: ([(0, 1, 39700000000L, 7)], [(False, False, False, False, False, False, False, True)])
eleventhtestvm: ([(0, 1, 41840000000L, 6)], [(False, False, False, False, False, False, True, False)])
twelvethtestvm: ([(0, 1, 40940000000L, 4)], [(False, False, False, False, True, False, False, False)])
thirteenthtestvm: ([(0, 1, 41620000000L, 6)], [(False, False, False, False, False, False, True, False)])
fourteenthtestvm: ([(0, 1, 40160000000L, 1)], [(False, True, False, False, False, False, False, False)])
fifteenthtestvm: ([(0, 1, 40420000000L, 4)], [(False, False, False, False, True, False, False, False)])
sixteenthtestvm: ([(0, 1, 40050000000L, 2)], [(False, False, True, False, False, False, False, False)])
--------------------------------------------------------------------------------
0: 68.0 ['fourthtestvm', 'seventhtestvm']
1: 69.0 ['thirdtestvm', 'fourteenthtestvm']
2: 69.0 ['sixthtestvm', 'sixteenthtestvm']
3: 69.0 ['firsttestvm', 'eighthtestvm']
4: 68.0 ['twelvethtestvm', 'fifteenthtestvm']
5: 69.0 ['fifthtestvm', 'ninthtestvm']
6: 70.0 ['eleventhtestvm', 'thirteenthtestvm']
7: 70.0 ['secondtestvm', 'tenthtestvm']
--------------------------------------------------------------------------------
firsttestvm: ([(0, 1, 47160000000L, 3)], [(False, False, False, True, False, False, False, False)])
secondtestvm: ([(0, 1, 47390000000L, 7)], [(False, False, False, False, False, False, False, True)])
thirdtestvm: ([(0, 1, 48370000000L, 1)], [(False, True, False, False, False, False, False, False)])
fourthtestvm: ([(0, 1, 48690000000L, 0)], [(True, False, False, False, False, False, False, False)])
fifthtestvm: ([(0, 1, 48450000000L, 5)], [(False, False, False, False, False, True, False, False)])
sixthtestvm: ([(0, 1, 48720000000L, 2)], [(False, False, True, False, False, False, False, False)])
seventhtestvm: ([(0, 1, 48520000000L, 0)], [(True, False, False, False, False, False, False, False)])
eighthtestvm: ([(0, 1, 47960000000L, 3)], [(False, False, False, True, False, False, False, False)])
ninthtestvm: ([(0, 1, 41930000000L, 5)], [(False, False, False, False, False, True, False, False)])
tenthtestvm: ([(0, 1, 40030000000L, 7)], [(False, False, False, False, False, False, False, True)])
eleventhtestvm: ([(0, 1, 42170000000L, 6)], [(False, False, False, False, False, False, True, False)])
twelvethtestvm: ([(0, 1, 41290000000L, 4)], [(False, False, False, False, True, False, False, False)])
thirteenthtestvm: ([(0, 1, 41980000000L, 6)], [(False, False, False, False, False, False, True, False)])
fourteenthtestvm: ([(0, 1, 40480000000L, 1)], [(False, True, False, False, False, False, False, False)])
fifteenthtestvm: ([(0, 1, 40770000000L, 4)], [(False, False, False, False, True, False, False, False)])
sixteenthtestvm: ([(0, 1, 40400000000L, 2)], [(False, False, True, False, False, False, False, False)])
--------------------------------------------------------------------------------
0: 70.0 ['fourthtestvm', 'seventhtestvm']
1: 69.0 ['thirdtestvm', 'fourteenthtestvm']
2: 70.0 ['sixthtestvm', 'sixteenthtestvm']
3: 69.0 ['firsttestvm', 'eighthtestvm']
4: 70.0 ['twelvethtestvm', 'fifteenthtestvm']
5: 70.0 ['fifthtestvm', 'ninthtestvm']
6: 69.0 ['eleventhtestvm', 'thirteenthtestvm']
7: 69.0 ['secondtestvm', 'tenthtestvm']
--------------------------------------------------------------------------------
firsttestvm: ([(0, 1, 47480000000L, 3)], [(False, False, False, True, False, False, False, False)])
secondtestvm: ([(0, 1, 47710000000L, 7)], [(False, False, False, False, False, False, False, True)])
thirdtestvm: ([(0, 1, 48700000000L, 1)], [(False, True, False, False, False, False, False, False)])
fourthtestvm: ([(0, 1, 49030000000L, 0)], [(True, False, False, False, False, False, False, False)])
fifthtestvm: ([(0, 1, 48760000000L, 5)], [(False, False, False, False, False, True, False, False)])
sixthtestvm: ([(0, 1, 49040000000L, 2)], [(False, False, True, False, False, False, False, False)])
seventhtestvm: ([(0, 1, 48820000000L, 0)], [(True, False, False, False, False, False, False, False)])
eighthtestvm: ([(0, 1, 48310000000L, 3)], [(False, False, False, True, False, False, False, False)])
ninthtestvm: ([(0, 1, 42270000000L, 5)], [(False, False, False, False, False, True, False, False)])
tenthtestvm: ([(0, 1, 40360000000L, 7)], [(False, False, False, False, False, False, False, True)])
eleventhtestvm: ([(0, 1, 42490000000L, 6)], [(False, False, False, False, False, False, True, False)])
twelvethtestvm: ([(0, 1, 41620000000L, 4)], [(False, False, False, False, True, False, False, False)])
thirteenthtestvm: ([(0, 1, 42320000000L, 6)], [(False, False, False, False, False, False, True, False)])
fourteenthtestvm: ([(0, 1, 40830000000L, 1)], [(False, True, False, False, False, False, False, False)])
fifteenthtestvm: ([(0, 1, 41110000000L, 4)], [(False, False, False, False, True, False, False, False)])
sixteenthtestvm: ([(0, 1, 40750000000L, 2)], [(False, False, True, False, False, False, False, False)])
--------------------------------------------------------------------------------
0: 64.0 ['fourthtestvm', 'seventhtestvm']
1: 68.0 ['thirdtestvm', 'fourteenthtestvm']
2: 67.0 ['sixthtestvm', 'sixteenthtestvm']
3: 67.0 ['firsttestvm', 'eighthtestvm']
4: 67.0 ['twelvethtestvm', 'fifteenthtestvm']
5: 65.0 ['fifthtestvm', 'ninthtestvm']
6: 66.0 ['eleventhtestvm', 'thirteenthtestvm']
7: 65.0 ['secondtestvm', 'tenthtestvm']
--------------------------------------------------------------------------------
firsttestvm: ([(0, 1, 47780000000L, 3)], [(False, False, False, True, False, False, False, False)])
secondtestvm: ([(0, 1, 48040000000L, 7)], [(False, False, False, False, False, False, False, True)])
thirdtestvm: ([(0, 1, 49020000000L, 1)], [(False, True, False, False, False, False, False, False)])
fourthtestvm: ([(0, 1, 49370000000L, 0)], [(True, False, False, False, False, False, False, False)])
fifthtestvm: ([(0, 1, 49080000000L, 5)], [(False, False, False, False, False, True, False, False)])
sixthtestvm: ([(0, 1, 49370000000L, 2)], [(False, False, True, False, False, False, False, False)])
seventhtestvm: ([(0, 1, 49140000000L, 0)], [(True, False, False, False, False, False, False, False)])
eighthtestvm: ([(0, 1, 48640000000L, 3)], [(False, False, False, True, False, False, False, False)])
ninthtestvm: ([(0, 1, 42600000000L, 5)], [(False, False, False, False, False, True, False, False)])
tenthtestvm: ([(0, 1, 40690000000L, 7)], [(False, False, False, False, False, False, False, True)])
eleventhtestvm: ([(0, 1, 42820000000L, 6)], [(False, False, False, False, False, False, True, False)])
twelvethtestvm: ([(0, 1, 41950000000L, 4)], [(False, False, False, False, True, False, False, False)])
thirteenthtestvm: ([(0, 1, 42650000000L, 6)], [(False, False, False, False, False, False, True, False)])
fourteenthtestvm: ([(0, 1, 41150000000L, 1)], [(False, True, False, False, False, False, False, False)])
fifteenthtestvm: ([(0, 1, 41440000000L, 4)], [(False, False, False, False, True, False, False, False)])
sixteenthtestvm: ([(0, 1, 41090000000L, 2)], [(False, False, True, False, False, False, False, False)])
--------------------------------------------------------------------------------
0: 66.0 ['fourthtestvm', 'seventhtestvm']
1: 64.0 ['thirdtestvm', 'fourteenthtestvm']
2: 67.0 ['sixthtestvm', 'sixteenthtestvm']
3: 63.0 ['firsttestvm', 'eighthtestvm']
4: 66.0 ['twelvethtestvm', 'fifteenthtestvm']
5: 65.0 ['fifthtestvm', 'ninthtestvm']
6: 66.0 ['eleventhtestvm', 'thirteenthtestvm']
7: 66.0 ['secondtestvm', 'tenthtestvm']
--------------------------------------------------------------------------------
firsttestvm: ([(0, 1, 48100000000L, 3)], [(False, False, False, True, False, False, False, False)])
secondtestvm: ([(0, 1, 48360000000L, 7)], [(False, False, False, False, False, False, False, True)])
thirdtestvm: ([(0, 1, 49340000000L, 1)], [(False, True, False, False, False, False, False, False)])
fourthtestvm: ([(0, 1, 49700000000L, 0)], [(True, False, False, False, False, False, False, False)])
fifthtestvm: ([(0, 1, 49400000000L, 5)], [(False, False, False, False, False, True, False, False)])
sixthtestvm: ([(0, 1, 49680000000L, 2)], [(False, False, True, False, False, False, False, False)])
seventhtestvm: ([(0, 1, 49460000000L, 0)], [(True, False, False, False, False, False, False, False)])
eighthtestvm: ([(0, 1, 48980000000L, 3)], [(False, False, False, True, False, False, False, False)])
ninthtestvm: ([(0, 1, 42920000000L, 5)], [(False, False, False, False, False, True, False, False)])
tenthtestvm: ([(0, 1, 41000000000L, 7)], [(False, False, False, False, False, False, False, True)])
eleventhtestvm: ([(0, 1, 43130000000L, 6)], [(False, False, False, False, False, False, True, False)])
twelvethtestvm: ([(0, 1, 42280000000L, 4)], [(False, False, False, False, True, False, False, False)])
thirteenthtestvm: ([(0, 1, 42990000000L, 6)], [(False, False, False, False, False, False, True, False)])
fourteenthtestvm: ([(0, 1, 41480000000L, 1)], [(False, True, False, False, False, False, False, False)])
fifteenthtestvm: ([(0, 1, 41770000000L, 4)], [(False, False, False, False, True, False, False, False)])
sixteenthtestvm: ([(0, 1, 41410000000L, 2)], [(False, False, True, False, False, False, False, False)])
--------------------------------------------------------------------------------
0: 65.0 ['fourthtestvm', 'seventhtestvm']
1: 65.0 ['thirdtestvm', 'fourteenthtestvm']
2: 63.0 ['sixthtestvm', 'sixteenthtestvm']
3: 66.0 ['firsttestvm', 'eighthtestvm']
4: 66.0 ['twelvethtestvm', 'fifteenthtestvm']
5: 64.0 ['fifthtestvm', 'ninthtestvm']
6: 65.0 ['eleventhtestvm', 'thirteenthtestvm']
7: 63.0 ['secondtestvm', 'tenthtestvm']
--------------------------------------------------------------------------------
firsttestvm: ([(0, 1, 48400000000L, 3)], [(False, False, False, True, False, False, False, False)])
secondtestvm: ([(0, 1, 48660000000L, 2)], [(False, False, True, False, False, False, False, False)])
thirdtestvm: ([(0, 1, 49650000000L, 1)], [(False, True, False, False, False, False, False, False)])
fourthtestvm: ([(0, 1, 50030000000L, 3)], [(False, False, False, True, False, False, False, False)])
fifthtestvm: ([(0, 1, 49740000000L, 6)], [(False, False, False, False, False, False, True, False)])
sixthtestvm: ([(0, 1, 49990000000L, 2)], [(False, False, True, False, False, False, False, False)])
seventhtestvm: ([(0, 1, 49750000000L, 0)], [(True, False, False, False, False, False, False, False)])
eighthtestvm: ([(0, 1, 49320000000L, 7)], [(False, False, False, False, False, False, False, True)])
ninthtestvm: ([(0, 1, 43230000000L, 1)], [(False, True, False, False, False, False, False, False)])
tenthtestvm: ([(0, 1, 41330000000L, 0)], [(True, False, False, False, False, False, False, False)])
eleventhtestvm: ([(0, 1, 43440000000L, 7)], [(False, False, False, False, False, False, False, True)])
twelvethtestvm: ([(0, 1, 42590000000L, 4)], [(False, False, False, False, True, False, False, False)])
thirteenthtestvm: ([(0, 1, 43300000000L, 6)], [(False, False, False, False, False, False, True, False)])
fourteenthtestvm: ([(0, 1, 41800000000L, 4)], [(False, False, False, False, True, False, False, False)])
fifteenthtestvm: ([(0, 1, 42090000000L, 5)], [(False, False, False, False, False, True, False, False)])
sixteenthtestvm: ([(0, 1, 41740000000L, 5)], [(False, False, False, False, False, True, False, False)])
--------------------------------------------------------------------------------
0: 62.0 ['seventhtestvm', 'tenthtestvm']
1: 62.0 ['thirdtestvm', 'ninthtestvm']
2: 61.0 ['secondtestvm', 'sixthtestvm']
3: 63.0 ['firsttestvm', 'fourthtestvm']
4: 63.0 ['twelvethtestvm', 'fourteenthtestvm']
5: 65.0 ['fifteenthtestvm', 'sixteenthtestvm']
6: 65.0 ['fifthtestvm', 'thirteenthtestvm']
7: 65.0 ['eighthtestvm', 'eleventhtestvm']
--------------------------------------------------------------------------------
firsttestvm: ([(0, 1, 48720000000L, 3)], [(False, False, False, True, False, False, False, False)])
secondtestvm: ([(0, 1, 48970000000L, 2)], [(False, False, True, False, False, False, False, False)])
thirdtestvm: ([(0, 1, 49990000000L, 1)], [(False, True, False, False, False, False, False, False)])
fourthtestvm: ([(0, 1, 50350000000L, 3)], [(False, False, False, True, False, False, False, False)])
fifthtestvm: ([(0, 1, 50070000000L, 6)], [(False, False, False, False, False, False, True, False)])
sixthtestvm: ([(0, 1, 50320000000L, 2)], [(False, False, True, False, False, False, False, False)])
seventhtestvm: ([(0, 1, 50070000000L, 0)], [(True, False, False, False, False, False, False, False)])
eighthtestvm: ([(0, 1, 49660000000L, 7)], [(False, False, False, False, False, False, False, True)])
ninthtestvm: ([(0, 1, 43540000000L, 1)], [(False, True, False, False, False, False, False, False)])
tenthtestvm: ([(0, 1, 41660000000L, 0)], [(True, False, False, False, False, False, False, False)])
eleventhtestvm: ([(0, 1, 43760000000L, 7)], [(False, False, False, False, False, False, False, True)])
twelvethtestvm: ([(0, 1, 42910000000L, 4)], [(False, False, False, False, True, False, False, False)])
thirteenthtestvm: ([(0, 1, 43620000000L, 6)], [(False, False, False, False, False, False, True, False)])
fourteenthtestvm: ([(0, 1, 42120000000L, 4)], [(False, False, False, False, True, False, False, False)])
fifteenthtestvm: ([(0, 1, 42400000000L, 5)], [(False, False, False, False, False, True, False, False)])
sixteenthtestvm: ([(0, 1, 42070000000L, 5)], [(False, False, False, False, False, True, False, False)])
--------------------------------------------------------------------------------
0: 65.0 ['seventhtestvm', 'tenthtestvm']
1: 65.0 ['thirdtestvm', 'ninthtestvm']
2: 64.0 ['secondtestvm', 'sixthtestvm']
3: 64.0 ['firsttestvm', 'fourthtestvm']
4: 64.0 ['twelvethtestvm', 'fourteenthtestvm']
5: 64.0 ['fifteenthtestvm', 'sixteenthtestvm']
6: 65.0 ['fifthtestvm', 'thirteenthtestvm']
7: 66.0 ['eighthtestvm', 'eleventhtestvm']
--------------------------------------------------------------------------------
firsttestvm: ([(0, 1, 49030000000L, 3)], [(False, False, False, True, False, False, False, False)])
secondtestvm: ([(0, 1, 49290000000L, 2)], [(False, False, True, False, False, False, False, False)])
thirdtestvm: ([(0, 1, 50330000000L, 1)], [(False, True, False, False, False, False, False, False)])
fourthtestvm: ([(0, 1, 50700000000L, 3)], [(False, False, False, True, False, False, False, False)])
fifthtestvm: ([(0, 1, 50400000000L, 6)], [(False, False, False, False, False, False, True, False)])
sixthtestvm: ([(0, 1, 50660000000L, 2)], [(False, False, True, False, False, False, False, False)])
seventhtestvm: ([(0, 1, 50370000000L, 0)], [(True, False, False, False, False, False, False, False)])
eighthtestvm: ([(0, 1, 50000000000L, 7)], [(False, False, False, False, False, False, False, True)])
ninthtestvm: ([(0, 1, 43860000000L, 1)], [(False, True, False, False, False, False, False, False)])
tenthtestvm: ([(0, 1, 41990000000L, 0)], [(True, False, False, False, False, False, False, False)])
eleventhtestvm: ([(0, 1, 44080000000L, 7)], [(False, False, False, False, False, False, False, True)])
twelvethtestvm: ([(0, 1, 43210000000L, 4)], [(False, False, False, False, True, False, False, False)])
thirteenthtestvm: ([(0, 1, 43960000000L, 6)], [(False, False, False, False, False, False, True, False)])
fourteenthtestvm: ([(0, 1, 42440000000L, 4)], [(False, False, False, False, True, False, False, False)])
fifteenthtestvm: ([(0, 1, 42720000000L, 5)], [(False, False, False, False, False, True, False, False)])
sixteenthtestvm: ([(0, 1, 42420000000L, 5)], [(False, False, False, False, False, True, False, False)])
--------------------------------------------------------------------------------
0: 63.0 ['seventhtestvm', 'tenthtestvm']
1: 66.0 ['thirdtestvm', 'ninthtestvm']
2: 66.0 ['secondtestvm', 'sixthtestvm']
3: 66.0 ['firsttestvm', 'fourthtestvm']
4: 62.0 ['twelvethtestvm', 'fourteenthtestvm']
5: 67.0 ['fifteenthtestvm', 'sixteenthtestvm']
6: 67.0 ['fifthtestvm', 'thirteenthtestvm']
7: 66.0 ['eighthtestvm', 'eleventhtestvm']
--------------------------------------------------------------------------------
firsttestvm: ([(0, 1, 49370000000L, 7)], [(False, False, False, False, False, False, False, True)])
secondtestvm: ([(0, 1, 49620000000L, 0)], [(True, False, False, False, False, False, False, False)])
thirdtestvm: ([(0, 1, 50660000000L, 4)], [(False, False, False, False, True, False, False, False)])
fourthtestvm: ([(0, 1, 51040000000L, 3)], [(False, False, False, True, False, False, False, False)])
fifthtestvm: ([(0, 1, 50750000000L, 0)], [(True, False, False, False, False, False, False, False)])
sixthtestvm: ([(0, 1, 51000000000L, 1)], [(False, True, False, False, False, False, False, False)])
seventhtestvm: ([(0, 1, 50700000000L, 2)], [(False, False, True, False, False, False, False, False)])
eighthtestvm: ([(0, 1, 50330000000L, 7)], [(False, False, False, False, False, False, False, True)])
ninthtestvm: ([(0, 1, 44200000000L, 6)], [(False, False, False, False, False, False, True, False)])
tenthtestvm: ([(0, 1, 42330000000L, 6)], [(False, False, False, False, False, False, True, False)])
eleventhtestvm: ([(0, 1, 44420000000L, 4)], [(False, False, False, False, True, False, False, False)])
twelvethtestvm: ([(0, 1, 43550000000L, 1)], [(False, True, False, False, False, False, False, False)])
thirteenthtestvm: ([(0, 1, 44310000000L, 2)], [(False, False, True, False, False, False, False, False)])
fourteenthtestvm: ([(0, 1, 42770000000L, 5)], [(False, False, False, False, False, True, False, False)])
fifteenthtestvm: ([(0, 1, 43040000000L, 3)], [(False, False, False, True, False, False, False, False)])
sixteenthtestvm: ([(0, 1, 42760000000L, 5)], [(False, False, False, False, False, True, False, False)])
--------------------------------------------------------------------------------
0: 68.0 ['secondtestvm', 'fifthtestvm']
1: 68.0 ['sixthtestvm', 'twelvethtestvm']
2: 68.0 ['seventhtestvm', 'thirteenthtestvm']
3: 66.0 ['fourthtestvm', 'fifteenthtestvm']
4: 67.0 ['thirdtestvm', 'eleventhtestvm']
5: 67.0 ['fourteenthtestvm', 'sixteenthtestvm']
6: 68.0 ['ninthtestvm', 'tenthtestvm']
7: 67.0 ['firsttestvm', 'eighthtestvm']
--------------------------------------------------------------------------------
firsttestvm: ([(0, 1, 49720000000L, 7)], [(False, False, False, False, False, False, False, True)])
secondtestvm: ([(0, 1, 49940000000L, 0)], [(True, False, False, False, False, False, False, False)])
thirdtestvm: ([(0, 1, 51000000000L, 4)], [(False, False, False, False, True, False, False, False)])
fourthtestvm: ([(0, 1, 51420000000L, 3)], [(False, False, False, True, False, False, False, False)])
fifthtestvm: ([(0, 1, 51110000000L, 0)], [(True, False, False, False, False, False, False, False)])
sixthtestvm: ([(0, 1, 51350000000L, 1)], [(False, True, False, False, False, False, False, False)])
seventhtestvm: ([(0, 1, 51030000000L, 2)], [(False, False, True, False, False, False, False, False)])
eighthtestvm: ([(0, 1, 50680000000L, 7)], [(False, False, False, False, False, False, False, True)])
ninthtestvm: ([(0, 1, 44540000000L, 6)], [(False, False, False, False, False, False, True, False)])
tenthtestvm: ([(0, 1, 42680000000L, 6)], [(False, False, False, False, False, False, True, False)])
eleventhtestvm: ([(0, 1, 44780000000L, 4)], [(False, False, False, False, True, False, False, False)])
twelvethtestvm: ([(0, 1, 43890000000L, 1)], [(False, True, False, False, False, False, False, False)])
thirteenthtestvm: ([(0, 1, 44670000000L, 2)], [(False, False, True, False, False, False, False, False)])
fourteenthtestvm: ([(0, 1, 43110000000L, 5)], [(False, False, False, False, False, True, False, False)])
fifteenthtestvm: ([(0, 1, 43360000000L, 3)], [(False, False, False, True, False, False, False, False)])
sixteenthtestvm: ([(0, 1, 43110000000L, 5)], [(False, False, False, False, False, True, False, False)])
--------------------------------------------------------------------------------
0: 68.0 ['secondtestvm', 'fifthtestvm']
1: 69.0 ['sixthtestvm', 'twelvethtestvm']
2: 69.0 ['seventhtestvm', 'thirteenthtestvm']
3: 70.0 ['fourthtestvm', 'fifteenthtestvm']
4: 70.0 ['thirdtestvm', 'eleventhtestvm']
5: 69.0 ['fourteenthtestvm', 'sixteenthtestvm']
6: 69.0 ['ninthtestvm', 'tenthtestvm']
7: 70.0 ['firsttestvm', 'eighthtestvm']
--------------------------------------------------------------------------------
firsttestvm: ([(0, 1, 50080000000L, 7)], [(False, False, False, False, False, False, False, True)])
secondtestvm: ([(0, 1, 50280000000L, 0)], [(True, False, False, False, False, False, False, False)])
thirdtestvm: ([(0, 1, 51340000000L, 4)], [(False, False, False, False, True, False, False, False)])
fourthtestvm: ([(0, 1, 51790000000L, 3)], [(False, False, False, True, False, False, False, False)])
fifthtestvm: ([(0, 1, 51480000000L, 0)], [(True, False, False, False, False, False, False, False)])
sixthtestvm: ([(0, 1, 51710000000L, 1)], [(False, True, False, False, False, False, False, False)])
seventhtestvm: ([(0, 1, 51350000000L, 2)], [(False, False, True, False, False, False, False, False)])
eighthtestvm: ([(0, 1, 51020000000L, 7)], [(False, False, False, False, False, False, False, True)])
ninthtestvm: ([(0, 1, 44890000000L, 6)], [(False, False, False, False, False, False, True, False)])
tenthtestvm: ([(0, 1, 43030000000L, 6)], [(False, False, False, False, False, False, True, False)])
eleventhtestvm: ([(0, 1, 45130000000L, 4)], [(False, False, False, False, True, False, False, False)])
twelvethtestvm: ([(0, 1, 44230000000L, 1)], [(False, True, False, False, False, False, False, False)])
thirteenthtestvm: ([(0, 1, 45050000000L, 2)], [(False, False, True, False, False, False, False, False)])
fourteenthtestvm: ([(0, 1, 43460000000L, 5)], [(False, False, False, False, False, True, False, False)])
fifteenthtestvm: ([(0, 1, 43690000000L, 3)], [(False, False, False, True, False, False, False, False)])
sixteenthtestvm: ([(0, 1, 43460000000L, 5)], [(False, False, False, False, False, True, False, False)])
--------------------------------------------------------------------------------
0: 71.0 ['secondtestvm', 'fifthtestvm']
1: 70.0 ['sixthtestvm', 'twelvethtestvm']
2: 70.0 ['seventhtestvm', 'thirteenthtestvm']
3: 70.0 ['fourthtestvm', 'fifteenthtestvm']
4: 69.0 ['thirdtestvm', 'eleventhtestvm']
5: 70.0 ['fourteenthtestvm', 'sixteenthtestvm']
6: 70.0 ['ninthtestvm', 'tenthtestvm']
7: 70.0 ['firsttestvm', 'eighthtestvm']
--------------------------------------------------------------------------------
firsttestvm: ([(0, 1, 50430000000L, 1)], [(False, True, False, False, False, False, False, False)])
secondtestvm: ([(0, 1, 50600000000L, 2)], [(False, False, True, False, False, False, False, False)])
thirdtestvm: ([(0, 1, 51680000000L, 4)], [(False, False, False, False, True, False, False, False)])
fourthtestvm: ([(0, 1, 52150000000L, 5)], [(False, False, False, False, False, True, False, False)])
fifthtestvm: ([(0, 1, 51830000000L, 6)], [(False, False, False, False, False, False, True, False)])
sixthtestvm: ([(0, 1, 52060000000L, 4)], [(False, False, False, False, True, False, False, False)])
seventhtestvm: ([(0, 1, 51680000000L, 0)], [(True, False, False, False, False, False, False, False)])
eighthtestvm: ([(0, 1, 51380000000L, 2)], [(False, False, True, False, False, False, False, False)])
ninthtestvm: ([(0, 1, 45250000000L, 0)], [(True, False, False, False, False, False, False, False)])
tenthtestvm: ([(0, 1, 43370000000L, 7)], [(False, False, False, False, False, False, False, True)])
eleventhtestvm: ([(0, 1, 45490000000L, 3)], [(False, False, False, True, False, False, False, False)])
twelvethtestvm: ([(0, 1, 44570000000L, 3)], [(False, False, False, True, False, False, False, False)])
thirteenthtestvm: ([(0, 1, 45410000000L, 7)], [(False, False, False, False, False, False, False, True)])
fourteenthtestvm: ([(0, 1, 43800000000L, 5)], [(False, False, False, False, False, True, False, False)])
fifteenthtestvm: ([(0, 1, 44020000000L, 1)], [(False, True, False, False, False, False, False, False)])
sixteenthtestvm: ([(0, 1, 43800000000L, 6)], [(False, False, False, False, False, False, True, False)])
--------------------------------------------------------------------------------
0: 69.0 ['seventhtestvm', 'ninthtestvm']
1: 68.0 ['firsttestvm', 'fifteenthtestvm']
2: 68.0 ['secondtestvm', 'eighthtestvm']
3: 70.0 ['eleventhtestvm', 'twelvethtestvm']
4: 69.0 ['thirdtestvm', 'sixthtestvm']
5: 70.0 ['fourthtestvm', 'fourteenthtestvm']
6: 69.0 ['fifthtestvm', 'sixteenthtestvm']
7: 70.0 ['tenthtestvm', 'thirteenthtestvm']
--------------------------------------------------------------------------------
firsttestvm: ([(0, 1, 50770000000L, 1)], [(False, True, False, False, False, False, False, False)])
secondtestvm: ([(0, 1, 50930000000L, 2)], [(False, False, True, False, False, False, False, False)])
thirdtestvm: ([(0, 1, 52010000000L, 4)], [(False, False, False, False, True, False, False, False)])
fourthtestvm: ([(0, 1, 52480000000L, 5)], [(False, False, False, False, False, True, False, False)])
fifthtestvm: ([(0, 1, 52170000000L, 6)], [(False, False, False, False, False, False, True, False)])
sixthtestvm: ([(0, 1, 52380000000L, 4)], [(False, False, False, False, True, False, False, False)])
seventhtestvm: ([(0, 1, 52000000000L, 0)], [(True, False, False, False, False, False, False, False)])
eighthtestvm: ([(0, 1, 51720000000L, 2)], [(False, False, True, False, False, False, False, False)])
ninthtestvm: ([(0, 1, 45590000000L, 0)], [(True, False, False, False, False, False, False, False)])
tenthtestvm: ([(0, 1, 43690000000L, 7)], [(False, False, False, False, False, False, False, True)])
eleventhtestvm: ([(0, 1, 45830000000L, 3)], [(False, False, False, True, False, False, False, False)])
twelvethtestvm: ([(0, 1, 44880000000L, 3)], [(False, False, False, True, False, False, False, False)])
thirteenthtestvm: ([(0, 1, 45750000000L, 7)], [(False, False, False, False, False, False, False, True)])
fourteenthtestvm: ([(0, 1, 44130000000L, 5)], [(False, False, False, False, False, True, False, False)])
fifteenthtestvm: ([(0, 1, 44340000000L, 1)], [(False, True, False, False, False, False, False, False)])
sixteenthtestvm: ([(0, 1, 44120000000L, 6)], [(False, False, False, False, False, False, True, False)])
--------------------------------------------------------------------------------
0: 66.0 ['seventhtestvm', 'ninthtestvm']
1: 66.0 ['firsttestvm', 'fifteenthtestvm']
2: 67.0 ['secondtestvm', 'eighthtestvm']
3: 65.0 ['eleventhtestvm', 'twelvethtestvm']
4: 65.0 ['thirdtestvm', 'sixthtestvm']
5: 66.0 ['fourthtestvm', 'fourteenthtestvm']
6: 66.0 ['fifthtestvm', 'sixteenthtestvm']
7: 66.0 ['tenthtestvm', 'thirteenthtestvm']
--------------------------------------------------------------------------------
firsttestvm: ([(0, 1, 51070000000L, 1)], [(False, True, False, False, False, False, False, False)])
secondtestvm: ([(0, 1, 51220000000L, 2)], [(False, False, True, False, False, False, False, False)])
thirdtestvm: ([(0, 1, 52330000000L, 4)], [(False, False, False, False, True, False, False, False)])
fourthtestvm: ([(0, 1, 52780000000L, 5)], [(False, False, False, False, False, True, False, False)])
fifthtestvm: ([(0, 1, 52490000000L, 6)], [(False, False, False, False, False, False, True, False)])
sixthtestvm: ([(0, 1, 52700000000L, 4)], [(False, False, False, False, True, False, False, False)])
seventhtestvm: ([(0, 1, 52310000000L, 0)], [(True, False, False, False, False, False, False, False)])
eighthtestvm: ([(0, 1, 52020000000L, 2)], [(False, False, True, False, False, False, False, False)])
ninthtestvm: ([(0, 1, 45910000000L, 0)], [(True, False, False, False, False, False, False, False)])
tenthtestvm: ([(0, 1, 43990000000L, 7)], [(False, False, False, False, False, False, False, True)])
eleventhtestvm: ([(0, 1, 46140000000L, 3)], [(False, False, False, True, False, False, False, False)])
twelvethtestvm: ([(0, 1, 45180000000L, 3)], [(False, False, False, True, False, False, False, False)])
thirteenthtestvm: ([(0, 1, 46060000000L, 7)], [(False, False, False, False, False, False, False, True)])
fourteenthtestvm: ([(0, 1, 44440000000L, 5)], [(False, False, False, False, False, True, False, False)])
fifteenthtestvm: ([(0, 1, 44630000000L, 1)], [(False, True, False, False, False, False, False, False)])
sixteenthtestvm: ([(0, 1, 44440000000L, 6)], [(False, False, False, False, False, False, True, False)])
--------------------------------------------------------------------------------
0: 63.0 ['seventhtestvm', 'ninthtestvm']
1: 59.0 ['firsttestvm', 'fifteenthtestvm']
2: 59.0 ['secondtestvm', 'eighthtestvm']
3: 61.0 ['eleventhtestvm', 'twelvethtestvm']
4: 64.0 ['thirdtestvm', 'sixthtestvm']
5: 61.0 ['fourthtestvm', 'fourteenthtestvm']
6: 64.0 ['fifthtestvm', 'sixteenthtestvm']
7: 61.0 ['tenthtestvm', 'thirteenthtestvm']
--------------------------------------------------------------------------------
firsttestvm: ([(0, 1, 51400000000L, 3)], [(False, False, False, True, False, False, False, False)])
secondtestvm: ([(0, 1, 51530000000L, 4)], [(False, False, False, False, True, False, False, False)])
thirdtestvm: ([(0, 1, 52640000000L, 7)], [(False, False, False, False, False, False, False, True)])
fourthtestvm: ([(0, 1, 53110000000L, 5)], [(False, False, False, False, False, True, False, False)])
fifthtestvm: ([(0, 1, 52820000000L, 6)], [(False, False, False, False, False, False, True, False)])
sixthtestvm: ([(0, 1, 53020000000L, 2)], [(False, False, True, False, False, False, False, False)])
seventhtestvm: ([(0, 1, 52590000000L, 1)], [(False, True, False, False, False, False, False, False)])
eighthtestvm: ([(0, 1, 52350000000L, 4)], [(False, False, False, False, True, False, False, False)])
ninthtestvm: ([(0, 1, 46220000000L, 6)], [(False, False, False, False, False, False, True, False)])
tenthtestvm: ([(0, 1, 44300000000L, 3)], [(False, False, False, True, False, False, False, False)])
eleventhtestvm: ([(0, 1, 46460000000L, 5)], [(False, False, False, False, False, True, False, False)])
twelvethtestvm: ([(0, 1, 45480000000L, 0)], [(True, False, False, False, False, False, False, False)])
thirteenthtestvm: ([(0, 1, 46400000000L, 7)], [(False, False, False, False, False, False, False, True)])
fourteenthtestvm: ([(0, 1, 44770000000L, 0)], [(True, False, False, False, False, False, False, False)])
fifteenthtestvm: ([(0, 1, 44920000000L, 2)], [(False, False, True, False, False, False, False, False)])
sixteenthtestvm: ([(0, 1, 44750000000L, 1)], [(False, True, False, False, False, False, False, False)])
--------------------------------------------------------------------------------
0: 63.0 ['twelvethtestvm', 'fourteenthtestvm']
1: 59.0 ['seventhtestvm', 'sixteenthtestvm']
2: 61.0 ['sixthtestvm', 'fifteenthtestvm']
3: 64.0 ['firsttestvm', 'tenthtestvm']
4: 64.0 ['secondtestvm', 'eighthtestvm']
5: 65.0 ['fourthtestvm', 'eleventhtestvm']
6: 64.0 ['fifthtestvm', 'ninthtestvm']
7: 65.0 ['thirdtestvm', 'thirteenthtestvm']
--------------------------------------------------------------------------------
firsttestvm: ([(0, 1, 51750000000L, 3)], [(False, False, False, True, False, False, False, False)])
secondtestvm: ([(0, 1, 51870000000L, 4)], [(False, False, False, False, True, False, False, False)])
thirdtestvm: ([(0, 1, 52950000000L, 7)], [(False, False, False, False, False, False, False, True)])
fourthtestvm: ([(0, 1, 53440000000L, 5)], [(False, False, False, False, False, True, False, False)])
fifthtestvm: ([(0, 1, 53170000000L, 6)], [(False, False, False, False, False, False, True, False)])
sixthtestvm: ([(0, 1, 53350000000L, 2)], [(False, False, True, False, False, False, False, False)])
seventhtestvm: ([(0, 1, 52910000000L, 1)], [(False, True, False, False, False, False, False, False)])
eighthtestvm: ([(0, 1, 52670000000L, 4)], [(False, False, False, False, True, False, False, False)])
ninthtestvm: ([(0, 1, 46540000000L, 6)], [(False, False, False, False, False, False, True, False)])
tenthtestvm: ([(0, 1, 44620000000L, 3)], [(False, False, False, True, False, False, False, False)])
eleventhtestvm: ([(0, 1, 46770000000L, 5)], [(False, False, False, False, False, True, False, False)])
twelvethtestvm: ([(0, 1, 45800000000L, 0)], [(True, False, False, False, False, False, False, False)])
thirteenthtestvm: ([(0, 1, 46740000000L, 7)], [(False, False, False, False, False, False, False, True)])
fourteenthtestvm: ([(0, 1, 45120000000L, 0)], [(True, False, False, False, False, False, False, False)])
fifteenthtestvm: ([(0, 1, 45240000000L, 2)], [(False, False, True, False, False, False, False, False)])
sixteenthtestvm: ([(0, 1, 45090000000L, 1)], [(False, True, False, False, False, False, False, False)])
--------------------------------------------------------------------------------
0: 67.0 ['twelvethtestvm', 'fourteenthtestvm']
1: 66.0 ['seventhtestvm', 'sixteenthtestvm']
2: 65.0 ['sixthtestvm', 'fifteenthtestvm']
3: 67.0 ['firsttestvm', 'tenthtestvm']
4: 66.0 ['secondtestvm', 'eighthtestvm']
5: 64.0 ['fourthtestvm', 'eleventhtestvm']
6: 67.0 ['fifthtestvm', 'ninthtestvm']
7: 65.0 ['thirdtestvm', 'thirteenthtestvm']
--------------------------------------------------------------------------------
firsttestvm: ([(0, 1, 52100000000L, 3)], [(False, False, False, True, False, False, False, False)])
secondtestvm: ([(0, 1, 52220000000L, 4)], [(False, False, False, False, True, False, False, False)])
thirdtestvm: ([(0, 1, 53280000000L, 7)], [(False, False, False, False, False, False, False, True)])
fourthtestvm: ([(0, 1, 53800000000L, 5)], [(False, False, False, False, False, True, False, False)])
fifthtestvm: ([(0, 1, 53540000000L, 6)], [(False, False, False, False, False, False, True, False)])
sixthtestvm: ([(0, 1, 53710000000L, 2)], [(False, False, True, False, False, False, False, False)])
seventhtestvm: ([(0, 1, 53220000000L, 1)], [(False, True, False, False, False, False, False, False)])
eighthtestvm: ([(0, 1, 53010000000L, 4)], [(False, False, False, False, True, False, False, False)])
ninthtestvm: ([(0, 1, 46860000000L, 6)], [(False, False, False, False, False, False, True, False)])
tenthtestvm: ([(0, 1, 44940000000L, 3)], [(False, False, False, True, False, False, False, False)])
eleventhtestvm: ([(0, 1, 47100000000L, 5)], [(False, False, False, False, False, True, False, False)])
twelvethtestvm: ([(0, 1, 46100000000L, 0)], [(True, False, False, False, False, False, False, False)])
thirteenthtestvm: ([(0, 1, 47100000000L, 7)], [(False, False, False, False, False, False, False, True)])
fourteenthtestvm: ([(0, 1, 45500000000L, 0)], [(True, False, False, False, False, False, False, False)])
fifteenthtestvm: ([(0, 1, 45580000000L, 2)], [(False, False, True, False, False, False, False, False)])
sixteenthtestvm: ([(0, 1, 45460000000L, 1)], [(False, True, False, False, False, False, False, False)])
--------------------------------------------------------------------------------
0: 68.0 ['twelvethtestvm', 'fourteenthtestvm']
1: 68.0 ['seventhtestvm', 'sixteenthtestvm']
2: 70.0 ['sixthtestvm', 'fifteenthtestvm']
3: 67.0 ['firsttestvm', 'tenthtestvm']
4: 69.0 ['secondtestvm', 'eighthtestvm']
5: 69.0 ['fourthtestvm', 'eleventhtestvm']
6: 69.0 ['fifthtestvm', 'ninthtestvm']
7: 69.0 ['thirdtestvm', 'thirteenthtestvm']
--------------------------------------------------------------------------------
firsttestvm: ([(0, 1, 52460000000L, 5)], [(False, False, False, False, False, True, False, False)])
secondtestvm: ([(0, 1, 52570000000L, 1)], [(False, True, False, False, False, False, False, False)])
thirdtestvm: ([(0, 1, 53600000000L, 3)], [(False, False, False, True, False, False, False, False)])
fourthtestvm: ([(0, 1, 54170000000L, 2)], [(False, False, True, False, False, False, False, False)])
fifthtestvm: ([(0, 1, 53900000000L, 6)], [(False, False, False, False, False, False, True, False)])
sixthtestvm: ([(0, 1, 54050000000L, 7)], [(False, False, False, False, False, False, False, True)])
seventhtestvm: ([(0, 1, 53540000000L, 0)], [(True, False, False, False, False, False, False, False)])
eighthtestvm: ([(0, 1, 53370000000L, 0)], [(True, False, False, False, False, False, False, False)])
ninthtestvm: ([(0, 1, 47180000000L, 6)], [(False, False, False, False, False, False, True, False)])
tenthtestvm: ([(0, 1, 45260000000L, 5)], [(False, False, False, False, False, True, False, False)])
eleventhtestvm: ([(0, 1, 47440000000L, 4)], [(False, False, False, False, True, False, False, False)])
twelvethtestvm: ([(0, 1, 46440000000L, 1)], [(False, True, False, False, False, False, False, False)])
thirteenthtestvm: ([(0, 1, 47440000000L, 4)], [(False, False, False, False, True, False, False, False)])
fourteenthtestvm: ([(0, 1, 45850000000L, 7)], [(False, False, False, False, False, False, False, True)])
fifteenthtestvm: ([(0, 1, 45900000000L, 2)], [(False, False, True, False, False, False, False, False)])
sixteenthtestvm: ([(0, 1, 45820000000L, 3)], [(False, False, False, True, False, False, False, False)])
--------------------------------------------------------------------------------
0: 68.0 ['seventhtestvm', 'eighthtestvm']
1: 69.0 ['secondtestvm', 'twelvethtestvm']
2: 69.0 ['fourthtestvm', 'fifteenthtestvm']
3: 68.0 ['thirdtestvm', 'sixteenthtestvm']
4: 68.0 ['eleventhtestvm', 'thirteenthtestvm']
5: 68.0 ['firsttestvm', 'tenthtestvm']
6: 68.0 ['fifthtestvm', 'ninthtestvm']
7: 69.0 ['sixthtestvm', 'fourteenthtestvm']
--------------------------------------------------------------------------------
firsttestvm: ([(0, 1, 52830000000L, 5)], [(False, False, False, False, False, True, False, False)])
secondtestvm: ([(0, 1, 52910000000L, 1)], [(False, True, False, False, False, False, False, False)])
thirdtestvm: ([(0, 1, 53940000000L, 3)], [(False, False, False, True, False, False, False, False)])
fourthtestvm: ([(0, 1, 54530000000L, 2)], [(False, False, True, False, False, False, False, False)])
fifthtestvm: ([(0, 1, 54280000000L, 6)], [(False, False, False, False, False, False, True, False)])
sixthtestvm: ([(0, 1, 54390000000L, 7)], [(False, False, False, False, False, False, False, True)])
seventhtestvm: ([(0, 1, 53880000000L, 0)], [(True, False, False, False, False, False, False, False)])
eighthtestvm: ([(0, 1, 53740000000L, 0)], [(True, False, False, False, False, False, False, False)])
ninthtestvm: ([(0, 1, 47500000000L, 6)], [(False, False, False, False, False, False, True, False)])
tenthtestvm: ([(0, 1, 45590000000L, 5)], [(False, False, False, False, False, True, False, False)])
eleventhtestvm: ([(0, 1, 47790000000L, 4)], [(False, False, False, False, True, False, False, False)])
twelvethtestvm: ([(0, 1, 46810000000L, 1)], [(False, True, False, False, False, False, False, False)])
thirteenthtestvm: ([(0, 1, 47800000000L, 4)], [(False, False, False, False, True, False, False, False)])
fourteenthtestvm: ([(0, 1, 46210000000L, 7)], [(False, False, False, False, False, False, False, True)])
fifteenthtestvm: ([(0, 1, 46240000000L, 2)], [(False, False, True, False, False, False, False, False)])
sixteenthtestvm: ([(0, 1, 46180000000L, 3)], [(False, False, False, True, False, False, False, False)])
--------------------------------------------------------------------------------
0: 71.0 ['seventhtestvm', 'eighthtestvm']
1: 71.0 ['secondtestvm', 'twelvethtestvm']
2: 70.0 ['fourthtestvm', 'fifteenthtestvm']
3: 70.0 ['thirdtestvm', 'sixteenthtestvm']
4: 71.0 ['eleventhtestvm', 'thirteenthtestvm']
5: 70.0 ['firsttestvm', 'tenthtestvm']
6: 70.0 ['fifthtestvm', 'ninthtestvm']
7: 70.0 ['sixthtestvm', 'fourteenthtestvm']
--------------------------------------------------------------------------------
firsttestvm: ([(0, 1, 53180000000L, 5)], [(False, False, False, False, False, True, False, False)])
secondtestvm: ([(0, 1, 53240000000L, 1)], [(False, True, False, False, False, False, False, False)])
thirdtestvm: ([(0, 1, 54260000000L, 3)], [(False, False, False, True, False, False, False, False)])
fourthtestvm: ([(0, 1, 54860000000L, 2)], [(False, False, True, False, False, False, False, False)])
fifthtestvm: ([(0, 1, 54640000000L, 6)], [(False, False, False, False, False, False, True, False)])
sixthtestvm: ([(0, 1, 54760000000L, 7)], [(False, False, False, False, False, False, False, True)])
seventhtestvm: ([(0, 1, 54240000000L, 0)], [(True, False, False, False, False, False, False, False)])
eighthtestvm: ([(0, 1, 54060000000L, 0)], [(True, False, False, False, False, False, False, False)])
ninthtestvm: ([(0, 1, 47830000000L, 6)], [(False, False, False, False, False, False, True, False)])
tenthtestvm: ([(0, 1, 45930000000L, 5)], [(False, False, False, False, False, True, False, False)])
eleventhtestvm: ([(0, 1, 48140000000L, 4)], [(False, False, False, False, True, False, False, False)])
twelvethtestvm: ([(0, 1, 47150000000L, 1)], [(False, True, False, False, False, False, False, False)])
thirteenthtestvm: ([(0, 1, 48120000000L, 4)], [(False, False, False, False, True, False, False, False)])
fourteenthtestvm: ([(0, 1, 46530000000L, 7)], [(False, False, False, False, False, False, False, True)])
fifteenthtestvm: ([(0, 1, 46600000000L, 2)], [(False, False, True, False, False, False, False, False)])
sixteenthtestvm: ([(0, 1, 46550000000L, 3)], [(False, False, False, True, False, False, False, False)])
--------------------------------------------------------------------------------
0: 68.0 ['seventhtestvm', 'eighthtestvm']
1: 67.0 ['secondtestvm', 'twelvethtestvm']
2: 69.0 ['fourthtestvm', 'fifteenthtestvm']
3: 69.0 ['thirdtestvm', 'sixteenthtestvm']
4: 67.0 ['eleventhtestvm', 'thirteenthtestvm']
5: 69.0 ['firsttestvm', 'tenthtestvm']
6: 69.0 ['fifthtestvm', 'ninthtestvm']
7: 69.0 ['sixthtestvm', 'fourteenthtestvm']
--------------------------------------------------------------------------------
firsttestvm: ([(0, 1, 53530000000L, 5)], [(False, False, False, False, False, True, False, False)])
secondtestvm: ([(0, 1, 53570000000L, 1)], [(False, True, False, False, False, False, False, False)])
thirdtestvm: ([(0, 1, 54590000000L, 3)], [(False, False, False, True, False, False, False, False)])
fourthtestvm: ([(0, 1, 55230000000L, 2)], [(False, False, True, False, False, False, False, False)])
fifthtestvm: ([(0, 1, 55000000000L, 6)], [(False, False, False, False, False, False, True, False)])
sixthtestvm: ([(0, 1, 55120000000L, 7)], [(False, False, False, False, False, False, False, True)])
seventhtestvm: ([(0, 1, 54610000000L, 0)], [(True, False, False, False, False, False, False, False)])
eighthtestvm: ([(0, 1, 54380000000L, 0)], [(True, False, False, False, False, False, False, False)])
ninthtestvm: ([(0, 1, 48150000000L, 6)], [(False, False, False, False, False, False, True, False)])
tenthtestvm: ([(0, 1, 46270000000L, 5)], [(False, False, False, False, False, True, False, False)])
eleventhtestvm: ([(0, 1, 48510000000L, 4)], [(False, False, False, False, True, False, False, False)])
twelvethtestvm: ([(0, 1, 47510000000L, 1)], [(False, True, False, False, False, False, False, False)])
thirteenthtestvm: ([(0, 1, 48450000000L, 4)], [(False, False, False, False, True, False, False, False)])
fourteenthtestvm: ([(0, 1, 46860000000L, 7)], [(False, False, False, False, False, False, False, True)])
fifteenthtestvm: ([(0, 1, 46920000000L, 2)], [(False, False, True, False, False, False, False, False)])
sixteenthtestvm: ([(0, 1, 46910000000L, 3)], [(False, False, False, True, False, False, False, False)])
--------------------------------------------------------------------------------
0: 69.0 ['seventhtestvm', 'eighthtestvm']
1: 69.0 ['secondtestvm', 'twelvethtestvm']
2: 69.0 ['fourthtestvm', 'fifteenthtestvm']
3: 69.0 ['thirdtestvm', 'sixteenthtestvm']
4: 70.0 ['eleventhtestvm', 'thirteenthtestvm']
5: 69.0 ['firsttestvm', 'tenthtestvm']
6: 68.0 ['fifthtestvm', 'ninthtestvm']
7: 69.0 ['sixthtestvm', 'fourteenthtestvm']
--------------------------------------------------------------------------------
firsttestvm: ([(0, 1, 53880000000L, 5)], [(False, False, False, False, False, True, False, False)])
secondtestvm: ([(0, 1, 53890000000L, 1)], [(False, True, False, False, False, False, False, False)])
thirdtestvm: ([(0, 1, 54910000000L, 3)], [(False, False, False, True, False, False, False, False)])
fourthtestvm: ([(0, 1, 55590000000L, 2)], [(False, False, True, False, False, False, False, False)])
fifthtestvm: ([(0, 1, 55370000000L, 6)], [(False, False, False, False, False, False, True, False)])
sixthtestvm: ([(0, 1, 55490000000L, 7)], [(False, False, False, False, False, False, False, True)])
seventhtestvm: ([(0, 1, 54970000000L, 0)], [(True, False, False, False, False, False, False, False)])
eighthtestvm: ([(0, 1, 54700000000L, 0)], [(True, False, False, False, False, False, False, False)])
ninthtestvm: ([(0, 1, 48490000000L, 6)], [(False, False, False, False, False, False, True, False)])
tenthtestvm: ([(0, 1, 46620000000L, 5)], [(False, False, False, False, False, True, False, False)])
eleventhtestvm: ([(0, 1, 48870000000L, 4)], [(False, False, False, False, True, False, False, False)])
twelvethtestvm: ([(0, 1, 47890000000L, 1)], [(False, True, False, False, False, False, False, False)])
thirteenthtestvm: ([(0, 1, 48770000000L, 4)], [(False, False, False, False, True, False, False, False)])
fourteenthtestvm: ([(0, 1, 47190000000L, 7)], [(False, False, False, False, False, False, False, True)])
fifteenthtestvm: ([(0, 1, 47250000000L, 2)], [(False, False, True, False, False, False, False, False)])
sixteenthtestvm: ([(0, 1, 47290000000L, 3)], [(False, False, False, True, False, False, False, False)])
--------------------------------------------------------------------------------
0: 68.0 ['seventhtestvm', 'eighthtestvm']
1: 70.0 ['secondtestvm', 'twelvethtestvm']
2: 69.0 ['fourthtestvm', 'fifteenthtestvm']
3: 70.0 ['thirdtestvm', 'sixteenthtestvm']
4: 68.0 ['eleventhtestvm', 'thirteenthtestvm']
5: 70.0 ['firsttestvm', 'tenthtestvm']
6: 71.0 ['fifthtestvm', 'ninthtestvm']
7: 70.0 ['sixthtestvm', 'fourteenthtestvm']
--------------------------------------------------------------------------------
firsttestvm: ([(0, 1, 54200000000L, 5)], [(False, False, False, False, False, True, False, False)])
secondtestvm: ([(0, 1, 54220000000L, 1)], [(False, True, False, False, False, False, False, False)])
thirdtestvm: ([(0, 1, 55240000000L, 3)], [(False, False, False, True, False, False, False, False)])
fourthtestvm: ([(0, 1, 55950000000L, 2)], [(False, False, True, False, False, False, False, False)])
fifthtestvm: ([(0, 1, 55730000000L, 6)], [(False, False, False, False, False, False, True, False)])
sixthtestvm: ([(0, 1, 55850000000L, 7)], [(False, False, False, False, False, False, False, True)])
seventhtestvm: ([(0, 1, 55330000000L, 0)], [(True, False, False, False, False, False, False, False)])
eighthtestvm: ([(0, 1, 55020000000L, 0)], [(True, False, False, False, False, False, False, False)])
ninthtestvm: ([(0, 1, 48810000000L, 6)], [(False, False, False, False, False, False, True, False)])
tenthtestvm: ([(0, 1, 46970000000L, 5)], [(False, False, False, False, False, True, False, False)])
eleventhtestvm: ([(0, 1, 49230000000L, 4)], [(False, False, False, False, True, False, False, False)])
twelvethtestvm: ([(0, 1, 48240000000L, 1)], [(False, True, False, False, False, False, False, False)])
thirteenthtestvm: ([(0, 1, 49090000000L, 4)], [(False, False, False, False, True, False, False, False)])
fourteenthtestvm: ([(0, 1, 47510000000L, 7)], [(False, False, False, False, False, False, False, True)])
fifteenthtestvm: ([(0, 1, 47570000000L, 2)], [(False, False, True, False, False, False, False, False)])
sixteenthtestvm: ([(0, 1, 47650000000L, 3)], [(False, False, False, True, False, False, False, False)])
--------------------------------------------------------------------------------
0: 68.0 ['seventhtestvm', 'eighthtestvm']
1: 68.0 ['secondtestvm', 'twelvethtestvm']
2: 68.0 ['fourthtestvm', 'fifteenthtestvm']
3: 69.0 ['thirdtestvm', 'sixteenthtestvm']
4: 68.0 ['eleventhtestvm', 'thirteenthtestvm']
5: 67.0 ['firsttestvm', 'tenthtestvm']
6: 68.0 ['fifthtestvm', 'ninthtestvm']
7: 68.0 ['sixthtestvm', 'fourteenthtestvm']
--------------------------------------------------------------------------------
^CTraceback (most recent call last):
  File "./monitor.py", line 74, in <module>
    s.run()
  File "/usr/lib/python2.7/sched.py", line 111, in run
    delayfunc(time - now)
KeyboardInterrupt
[1m[7m%[27m[1m[0m                                                                                        ]2;gio@gio-L: ~/dev/omscs/cs6210/project1/cs6210Project1_test/test/cpu]1;..test/test/cpu[0m[27m[24m[J[01;31m➜  [36mcpu[00m [01;34mgit:([31mmaster[34m) [33m✗[00m [K[?1h=[?2004h[?2004l

Script done on Πεμ 21 Σεπ 2017 02:22:12 μμ EEST
