Script started on Πεμ 21 Σεπ 2017 02:22:34 μμ EEST
[1m[7m%[27m[1m[0m                                                                                        ]2;gio@gio-L: ~/dev/omscs/cs6210/project1/cs6210Project1_test/test/cpu]1;..test/test/cpu[0m[27m[24m[J[01;32m➜  [36mcpu[00m [01;34mgit:([31mmaster[34m) [33m✗[00m [K[?1h=[?2004h../monitor.py[?1l>[?2004l
]2;./monitor.py]1;./monitor.pyfirsttestvm: ([(0, 1, 58320000000L, 7)], [(False, False, False, False, False, False, False, True)])
secondtestvm: ([(0, 1, 58220000000L, 1)], [(False, True, False, False, False, False, False, False)])
thirdtestvm: ([(0, 1, 59090000000L, 3)], [(False, False, False, True, False, False, False, False)])
fourthtestvm: ([(0, 1, 59970000000L, 2)], [(False, False, True, False, False, False, False, False)])
fifthtestvm: ([(0, 1, 59780000000L, 5)], [(False, False, False, False, False, True, False, False)])
sixthtestvm: ([(0, 1, 59860000000L, 7)], [(False, False, False, False, False, False, False, True)])
seventhtestvm: ([(0, 1, 59390000000L, 4)], [(False, False, False, False, True, False, False, False)])
eighthtestvm: ([(0, 1, 59020000000L, 6)], [(False, False, False, False, False, False, True, False)])
ninthtestvm: ([(0, 1, 52850000000L, 5)], [(False, False, False, False, False, True, False, False)])
tenthtestvm: ([(0, 1, 50950000000L, 0)], [(True, False, False, False, False, False, False, False)])
eleventhtestvm: ([(0, 1, 53300000000L, 3)], [(False, False, False, True, False, False, False, False)])
twelvethtestvm: ([(0, 1, 52110000000L, 1)], [(False, True, False, False, False, False, False, False)])
thirteenthtestvm: ([(0, 1, 52930000000L, 0)], [(True, False, False, False, False, False, False, False)])
fourteenthtestvm: ([(0, 1, 51540000000L, 4)], [(False, False, False, False, True, False, False, False)])
fifteenthtestvm: ([(0, 1, 51460000000L, 2)], [(False, False, True, False, False, False, False, False)])
sixteenthtestvm: ([(0, 1, 51820000000L, 6)], [(False, False, False, False, False, False, True, False)])
--------------------------------------------------------------------------------
0: 0.0 []
1: 0.0 []
2: 0.0 []
3: 0.0 []
4: 0.0 []
5: 0.0 []
6: 0.0 []
7: 0.0 []
--------------------------------------------------------------------------------
firsttestvm: ([(0, 1, 58320000000L, 7)], [(False, False, False, False, False, False, False, True)])
secondtestvm: ([(0, 1, 58230000000L, 1)], [(False, True, False, False, False, False, False, False)])
thirdtestvm: ([(0, 1, 59100000000L, 3)], [(False, False, False, True, False, False, False, False)])
fourthtestvm: ([(0, 1, 59970000000L, 2)], [(False, False, True, False, False, False, False, False)])
fifthtestvm: ([(0, 1, 59780000000L, 5)], [(False, False, False, False, False, True, False, False)])
sixthtestvm: ([(0, 1, 59860000000L, 7)], [(False, False, False, False, False, False, False, True)])
seventhtestvm: ([(0, 1, 59400000000L, 4)], [(False, False, False, False, True, False, False, False)])
eighthtestvm: ([(0, 1, 59020000000L, 6)], [(False, False, False, False, False, False, True, False)])
ninthtestvm: ([(0, 1, 52850000000L, 5)], [(False, False, False, False, False, True, False, False)])
tenthtestvm: ([(0, 1, 50950000000L, 0)], [(True, False, False, False, False, False, False, False)])
eleventhtestvm: ([(0, 1, 53300000000L, 3)], [(False, False, False, True, False, False, False, False)])
twelvethtestvm: ([(0, 1, 52110000000L, 1)], [(False, True, False, False, False, False, False, False)])
thirteenthtestvm: ([(0, 1, 52930000000L, 0)], [(True, False, False, False, False, False, False, False)])
fourteenthtestvm: ([(0, 1, 51540000000L, 4)], [(False, False, False, False, True, False, False, False)])
fifteenthtestvm: ([(0, 1, 51460000000L, 2)], [(False, False, True, False, False, False, False, False)])
sixteenthtestvm: ([(0, 1, 51820000000L, 6)], [(False, False, False, False, False, False, True, False)])
--------------------------------------------------------------------------------
0: 0.0 ['tenthtestvm', 'thirteenthtestvm']
1: 1.0 ['secondtestvm', 'twelvethtestvm']
2: 0.0 ['fourthtestvm', 'fifteenthtestvm']
3: 1.0 ['thirdtestvm', 'eleventhtestvm']
4: 1.0 ['seventhtestvm', 'fourteenthtestvm']
5: 0.0 ['fifthtestvm', 'ninthtestvm']
6: 0.0 ['eighthtestvm', 'sixteenthtestvm']
7: 0.0 ['firsttestvm', 'sixthtestvm']
--------------------------------------------------------------------------------
firsttestvm: ([(0, 1, 58320000000L, 0)], [(True, False, False, False, False, False, False, False)])
secondtestvm: ([(0, 1, 58230000000L, 7)], [(False, False, False, False, False, False, False, True)])
thirdtestvm: ([(0, 1, 59100000000L, 0)], [(True, False, False, False, False, False, False, False)])
fourthtestvm: ([(0, 1, 59980000000L, 7)], [(False, False, False, False, False, False, False, True)])
fifthtestvm: ([(0, 1, 59780000000L, 0)], [(True, False, False, False, False, False, False, False)])
sixthtestvm: ([(0, 1, 59860000000L, 7)], [(False, False, False, False, False, False, False, True)])
seventhtestvm: ([(0, 1, 59400000000L, 0)], [(True, False, False, False, False, False, False, False)])
eighthtestvm: ([(0, 1, 59020000000L, 7)], [(False, False, False, False, False, False, False, True)])
ninthtestvm: ([(0, 1, 52850000000L, 0)], [(True, False, False, False, False, False, False, False)])
tenthtestvm: ([(0, 1, 50950000000L, 7)], [(False, False, False, False, False, False, False, True)])
eleventhtestvm: ([(0, 1, 53300000000L, 0)], [(True, False, False, False, False, False, False, False)])
twelvethtestvm: ([(0, 1, 52110000000L, 7)], [(False, False, False, False, False, False, False, True)])
thirteenthtestvm: ([(0, 1, 52930000000L, 0)], [(True, False, False, False, False, False, False, False)])
fourteenthtestvm: ([(0, 1, 51540000000L, 7)], [(False, False, False, False, False, False, False, True)])
fifteenthtestvm: ([(0, 1, 51470000000L, 0)], [(True, False, False, False, False, False, False, False)])
sixteenthtestvm: ([(0, 1, 51820000000L, 7)], [(False, False, False, False, False, False, False, True)])
--------------------------------------------------------------------------------
0: 1.0 ['firsttestvm', 'thirdtestvm', 'fifthtestvm', 'seventhtestvm', 'ninthtestvm', 'eleventhtestvm', 'thirteenthtestvm', 'fifteenthtestvm']
1: 0.0 []
2: 0.0 []
3: 0.0 []
4: 0.0 []
5: 0.0 []
6: 0.0 []
7: 1.0 ['secondtestvm', 'fourthtestvm', 'sixthtestvm', 'eighthtestvm', 'tenthtestvm', 'twelvethtestvm', 'fourteenthtestvm', 'sixteenthtestvm']
--------------------------------------------------------------------------------
firsttestvm: ([(0, 1, 58330000000L, 0)], [(True, False, False, False, False, False, False, False)])
secondtestvm: ([(0, 1, 58230000000L, 7)], [(False, False, False, False, False, False, False, True)])
thirdtestvm: ([(0, 1, 59100000000L, 0)], [(True, False, False, False, False, False, False, False)])
fourthtestvm: ([(0, 1, 59980000000L, 7)], [(False, False, False, False, False, False, False, True)])
fifthtestvm: ([(0, 1, 59780000000L, 0)], [(True, False, False, False, False, False, False, False)])
sixthtestvm: ([(0, 1, 59860000000L, 7)], [(False, False, False, False, False, False, False, True)])
seventhtestvm: ([(0, 1, 59400000000L, 0)], [(True, False, False, False, False, False, False, False)])
eighthtestvm: ([(0, 1, 59020000000L, 7)], [(False, False, False, False, False, False, False, True)])
ninthtestvm: ([(0, 1, 52850000000L, 0)], [(True, False, False, False, False, False, False, False)])
tenthtestvm: ([(0, 1, 50950000000L, 7)], [(False, False, False, False, False, False, False, True)])
eleventhtestvm: ([(0, 1, 53300000000L, 0)], [(True, False, False, False, False, False, False, False)])
twelvethtestvm: ([(0, 1, 52110000000L, 7)], [(False, False, False, False, False, False, False, True)])
thirteenthtestvm: ([(0, 1, 52930000000L, 0)], [(True, False, False, False, False, False, False, False)])
fourteenthtestvm: ([(0, 1, 51540000000L, 7)], [(False, False, False, False, False, False, False, True)])
fifteenthtestvm: ([(0, 1, 51470000000L, 0)], [(True, False, False, False, False, False, False, False)])
sixteenthtestvm: ([(0, 1, 51820000000L, 7)], [(False, False, False, False, False, False, False, True)])
--------------------------------------------------------------------------------
0: 1.0 ['firsttestvm', 'thirdtestvm', 'fifthtestvm', 'seventhtestvm', 'ninthtestvm', 'eleventhtestvm', 'thirteenthtestvm', 'fifteenthtestvm']
1: 0.0 []
2: 0.0 []
3: 0.0 []
4: 0.0 []
5: 0.0 []
6: 0.0 []
7: 0.0 ['secondtestvm', 'fourthtestvm', 'sixthtestvm', 'eighthtestvm', 'tenthtestvm', 'twelvethtestvm', 'fourteenthtestvm', 'sixteenthtestvm']
--------------------------------------------------------------------------------
firsttestvm: ([(0, 1, 58330000000L, 0)], [(True, False, False, False, False, False, False, False)])
secondtestvm: ([(0, 1, 58230000000L, 7)], [(False, False, False, False, False, False, False, True)])
thirdtestvm: ([(0, 1, 59100000000L, 0)], [(True, False, False, False, False, False, False, False)])
fourthtestvm: ([(0, 1, 59980000000L, 7)], [(False, False, False, False, False, False, False, True)])
fifthtestvm: ([(0, 1, 59780000000L, 0)], [(True, False, False, False, False, False, False, False)])
sixthtestvm: ([(0, 1, 59870000000L, 7)], [(False, False, False, False, False, False, False, True)])
seventhtestvm: ([(0, 1, 59400000000L, 0)], [(True, False, False, False, False, False, False, False)])
eighthtestvm: ([(0, 1, 59020000000L, 7)], [(False, False, False, False, False, False, False, True)])
ninthtestvm: ([(0, 1, 52850000000L, 0)], [(True, False, False, False, False, False, False, False)])
tenthtestvm: ([(0, 1, 50950000000L, 7)], [(False, False, False, False, False, False, False, True)])
eleventhtestvm: ([(0, 1, 53300000000L, 0)], [(True, False, False, False, False, False, False, False)])
twelvethtestvm: ([(0, 1, 52110000000L, 7)], [(False, False, False, False, False, False, False, True)])
thirteenthtestvm: ([(0, 1, 52930000000L, 0)], [(True, False, False, False, False, False, False, False)])
fourteenthtestvm: ([(0, 1, 51540000000L, 7)], [(False, False, False, False, False, False, False, True)])
fifteenthtestvm: ([(0, 1, 51470000000L, 0)], [(True, False, False, False, False, False, False, False)])
sixteenthtestvm: ([(0, 1, 51820000000L, 7)], [(False, False, False, False, False, False, False, True)])
--------------------------------------------------------------------------------
0: 0.0 ['firsttestvm', 'thirdtestvm', 'fifthtestvm', 'seventhtestvm', 'ninthtestvm', 'eleventhtestvm', 'thirteenthtestvm', 'fifteenthtestvm']
1: 0.0 []
2: 0.0 []
3: 0.0 []
4: 0.0 []
5: 0.0 []
6: 0.0 []
7: 1.0 ['secondtestvm', 'fourthtestvm', 'sixthtestvm', 'eighthtestvm', 'tenthtestvm', 'twelvethtestvm', 'fourteenthtestvm', 'sixteenthtestvm']
--------------------------------------------------------------------------------
firsttestvm: ([(0, 1, 58340000000L, 0)], [(True, False, False, False, False, False, False, False)])
secondtestvm: ([(0, 1, 58240000000L, 7)], [(False, False, False, False, False, False, False, True)])
thirdtestvm: ([(0, 1, 59110000000L, 0)], [(True, False, False, False, False, False, False, False)])
fourthtestvm: ([(0, 1, 59980000000L, 7)], [(False, False, False, False, False, False, False, True)])
fifthtestvm: ([(0, 1, 59790000000L, 0)], [(True, False, False, False, False, False, False, False)])
sixthtestvm: ([(0, 1, 59880000000L, 7)], [(False, False, False, False, False, False, False, True)])
seventhtestvm: ([(0, 1, 59410000000L, 0)], [(True, False, False, False, False, False, False, False)])
eighthtestvm: ([(0, 1, 59030000000L, 7)], [(False, False, False, False, False, False, False, True)])
ninthtestvm: ([(0, 1, 52870000000L, 0)], [(True, False, False, False, False, False, False, False)])
tenthtestvm: ([(0, 1, 50960000000L, 7)], [(False, False, False, False, False, False, False, True)])
eleventhtestvm: ([(0, 1, 53320000000L, 0)], [(True, False, False, False, False, False, False, False)])
twelvethtestvm: ([(0, 1, 52120000000L, 7)], [(False, False, False, False, False, False, False, True)])
thirteenthtestvm: ([(0, 1, 52940000000L, 0)], [(True, False, False, False, False, False, False, False)])
fourteenthtestvm: ([(0, 1, 51550000000L, 7)], [(False, False, False, False, False, False, False, True)])
fifteenthtestvm: ([(0, 1, 51480000000L, 0)], [(True, False, False, False, False, False, False, False)])
sixteenthtestvm: ([(0, 1, 51820000000L, 7)], [(False, False, False, False, False, False, False, True)])
--------------------------------------------------------------------------------
0: 10.0 ['firsttestvm', 'thirdtestvm', 'fifthtestvm', 'seventhtestvm', 'ninthtestvm', 'eleventhtestvm', 'thirteenthtestvm', 'fifteenthtestvm']
1: 0.0 []
2: 0.0 []
3: 0.0 []
4: 0.0 []
5: 0.0 []
6: 0.0 []
7: 6.0 ['secondtestvm', 'fourthtestvm', 'sixthtestvm', 'eighthtestvm', 'tenthtestvm', 'twelvethtestvm', 'fourteenthtestvm', 'sixteenthtestvm']
--------------------------------------------------------------------------------
firsttestvm: ([(0, 1, 58490000000L, 0)], [(True, False, False, False, False, False, False, False)])
secondtestvm: ([(0, 1, 58380000000L, 7)], [(False, False, False, False, False, False, False, True)])
thirdtestvm: ([(0, 1, 59200000000L, 0)], [(True, False, False, False, False, False, False, False)])
fourthtestvm: ([(0, 1, 60130000000L, 7)], [(False, False, False, False, False, False, False, True)])
fifthtestvm: ([(0, 1, 59940000000L, 0)], [(True, False, False, False, False, False, False, False)])
sixthtestvm: ([(0, 1, 60040000000L, 7)], [(False, False, False, False, False, False, False, True)])
seventhtestvm: ([(0, 1, 59510000000L, 0)], [(True, False, False, False, False, False, False, False)])
eighthtestvm: ([(0, 1, 59150000000L, 7)], [(False, False, False, False, False, False, False, True)])
ninthtestvm: ([(0, 1, 52990000000L, 0)], [(True, False, False, False, False, False, False, False)])
tenthtestvm: ([(0, 1, 51040000000L, 7)], [(False, False, False, False, False, False, False, True)])
eleventhtestvm: ([(0, 1, 53470000000L, 0)], [(True, False, False, False, False, False, False, False)])
twelvethtestvm: ([(0, 1, 52230000000L, 7)], [(False, False, False, False, False, False, False, True)])
thirteenthtestvm: ([(0, 1, 53090000000L, 0)], [(True, False, False, False, False, False, False, False)])
fourteenthtestvm: ([(0, 1, 51700000000L, 7)], [(False, False, False, False, False, False, False, True)])
fifteenthtestvm: ([(0, 1, 51550000000L, 0)], [(True, False, False, False, False, False, False, False)])
sixteenthtestvm: ([(0, 1, 51900000000L, 7)], [(False, False, False, False, False, False, False, True)])
--------------------------------------------------------------------------------
0: 98.0 ['firsttestvm', 'thirdtestvm', 'fifthtestvm', 'seventhtestvm', 'ninthtestvm', 'eleventhtestvm', 'thirteenthtestvm', 'fifteenthtestvm']
1: 0.0 []
2: 0.0 []
3: 0.0 []
4: 0.0 []
5: 0.0 []
6: 0.0 []
7: 99.0 ['secondtestvm', 'fourthtestvm', 'sixthtestvm', 'eighthtestvm', 'tenthtestvm', 'twelvethtestvm', 'fourteenthtestvm', 'sixteenthtestvm']
--------------------------------------------------------------------------------
firsttestvm: ([(0, 1, 58670000000L, 1)], [(False, True, False, False, False, False, False, False)])
secondtestvm: ([(0, 1, 58580000000L, 3)], [(False, False, False, True, False, False, False, False)])
thirdtestvm: ([(0, 1, 59370000000L, 4)], [(False, False, False, False, True, False, False, False)])
fourthtestvm: ([(0, 1, 60320000000L, 4)], [(False, False, False, False, True, False, False, False)])
fifthtestvm: ([(0, 1, 60100000000L, 7)], [(False, False, False, False, False, False, False, True)])
sixthtestvm: ([(0, 1, 60220000000L, 6)], [(False, False, False, False, False, False, True, False)])
seventhtestvm: ([(0, 1, 59680000000L, 2)], [(False, False, True, False, False, False, False, False)])
eighthtestvm: ([(0, 1, 59330000000L, 2)], [(False, False, True, False, False, False, False, False)])
ninthtestvm: ([(0, 1, 53160000000L, 6)], [(False, False, False, False, False, False, True, False)])
tenthtestvm: ([(0, 1, 51230000000L, 5)], [(False, False, False, False, False, True, False, False)])
eleventhtestvm: ([(0, 1, 53650000000L, 0)], [(True, False, False, False, False, False, False, False)])
twelvethtestvm: ([(0, 1, 52370000000L, 1)], [(False, True, False, False, False, False, False, False)])
thirteenthtestvm: ([(0, 1, 53260000000L, 7)], [(False, False, False, False, False, False, False, True)])
fourteenthtestvm: ([(0, 1, 51900000000L, 5)], [(False, False, False, False, False, True, False, False)])
fifteenthtestvm: ([(0, 1, 51720000000L, 3)], [(False, False, False, True, False, False, False, False)])
sixteenthtestvm: ([(0, 1, 52020000000L, 0)], [(True, False, False, False, False, False, False, False)])
--------------------------------------------------------------------------------
0: 30.0 ['eleventhtestvm', 'sixteenthtestvm']
1: 32.0 ['firsttestvm', 'twelvethtestvm']
2: 35.0 ['seventhtestvm', 'eighthtestvm']
3: 37.0 ['secondtestvm', 'fifteenthtestvm']
4: 36.0 ['thirdtestvm', 'fourthtestvm']
5: 39.0 ['tenthtestvm', 'fourteenthtestvm']
6: 35.0 ['sixthtestvm', 'ninthtestvm']
7: 33.0 ['fifthtestvm', 'thirteenthtestvm']
--------------------------------------------------------------------------------
firsttestvm: ([(0, 1, 59030000000L, 1)], [(False, True, False, False, False, False, False, False)])
secondtestvm: ([(0, 1, 58930000000L, 3)], [(False, False, False, True, False, False, False, False)])
thirdtestvm: ([(0, 1, 59720000000L, 4)], [(False, False, False, False, True, False, False, False)])
fourthtestvm: ([(0, 1, 60670000000L, 4)], [(False, False, False, False, True, False, False, False)])
fifthtestvm: ([(0, 1, 60450000000L, 7)], [(False, False, False, False, False, False, False, True)])
sixthtestvm: ([(0, 1, 60580000000L, 6)], [(False, False, False, False, False, False, True, False)])
seventhtestvm: ([(0, 1, 60020000000L, 2)], [(False, False, True, False, False, False, False, False)])
eighthtestvm: ([(0, 1, 59680000000L, 2)], [(False, False, True, False, False, False, False, False)])
ninthtestvm: ([(0, 1, 53500000000L, 6)], [(False, False, False, False, False, False, True, False)])
tenthtestvm: ([(0, 1, 51580000000L, 5)], [(False, False, False, False, False, True, False, False)])
eleventhtestvm: ([(0, 1, 54010000000L, 0)], [(True, False, False, False, False, False, False, False)])
twelvethtestvm: ([(0, 1, 52690000000L, 1)], [(False, True, False, False, False, False, False, False)])
thirteenthtestvm: ([(0, 1, 53620000000L, 7)], [(False, False, False, False, False, False, False, True)])
fourteenthtestvm: ([(0, 1, 52250000000L, 5)], [(False, False, False, False, False, True, False, False)])
fifteenthtestvm: ([(0, 1, 52080000000L, 3)], [(False, False, False, True, False, False, False, False)])
sixteenthtestvm: ([(0, 1, 52340000000L, 0)], [(True, False, False, False, False, False, False, False)])
--------------------------------------------------------------------------------
0: 68.0 ['eleventhtestvm', 'sixteenthtestvm']
1: 68.0 ['firsttestvm', 'twelvethtestvm']
2: 69.0 ['seventhtestvm', 'eighthtestvm']
3: 71.0 ['secondtestvm', 'fifteenthtestvm']
4: 70.0 ['thirdtestvm', 'fourthtestvm']
5: 70.0 ['tenthtestvm', 'fourteenthtestvm']
6: 70.0 ['sixthtestvm', 'ninthtestvm']
7: 71.0 ['fifthtestvm', 'thirteenthtestvm']
--------------------------------------------------------------------------------
firsttestvm: ([(0, 1, 59370000000L, 1)], [(False, True, False, False, False, False, False, False)])
secondtestvm: ([(0, 1, 59250000000L, 3)], [(False, False, False, True, False, False, False, False)])
thirdtestvm: ([(0, 1, 60030000000L, 4)], [(False, False, False, False, True, False, False, False)])
fourthtestvm: ([(0, 1, 61000000000L, 4)], [(False, False, False, False, True, False, False, False)])
fifthtestvm: ([(0, 1, 60770000000L, 7)], [(False, False, False, False, False, False, False, True)])
sixthtestvm: ([(0, 1, 60900000000L, 6)], [(False, False, False, False, False, False, True, False)])
seventhtestvm: ([(0, 1, 60360000000L, 2)], [(False, False, True, False, False, False, False, False)])
eighthtestvm: ([(0, 1, 60000000000L, 2)], [(False, False, True, False, False, False, False, False)])
ninthtestvm: ([(0, 1, 53830000000L, 6)], [(False, False, False, False, False, False, True, False)])
tenthtestvm: ([(0, 1, 51900000000L, 5)], [(False, False, False, False, False, True, False, False)])
eleventhtestvm: ([(0, 1, 54350000000L, 0)], [(True, False, False, False, False, False, False, False)])
twelvethtestvm: ([(0, 1, 53020000000L, 1)], [(False, True, False, False, False, False, False, False)])
thirteenthtestvm: ([(0, 1, 53960000000L, 7)], [(False, False, False, False, False, False, False, True)])
fourteenthtestvm: ([(0, 1, 52580000000L, 5)], [(False, False, False, False, False, True, False, False)])
fifteenthtestvm: ([(0, 1, 52420000000L, 3)], [(False, False, False, True, False, False, False, False)])
sixteenthtestvm: ([(0, 1, 52660000000L, 0)], [(True, False, False, False, False, False, False, False)])
--------------------------------------------------------------------------------
0: 66.0 ['eleventhtestvm', 'sixteenthtestvm']
1: 67.0 ['firsttestvm', 'twelvethtestvm']
2: 66.0 ['seventhtestvm', 'eighthtestvm']
3: 66.0 ['secondtestvm', 'fifteenthtestvm']
4: 64.0 ['thirdtestvm', 'fourthtestvm']
5: 65.0 ['tenthtestvm', 'fourteenthtestvm']
6: 65.0 ['sixthtestvm', 'ninthtestvm']
7: 66.0 ['fifthtestvm', 'thirteenthtestvm']
--------------------------------------------------------------------------------
firsttestvm: ([(0, 1, 59720000000L, 7)], [(False, False, False, False, False, False, False, True)])
secondtestvm: ([(0, 1, 59590000000L, 2)], [(False, False, True, False, False, False, False, False)])
thirdtestvm: ([(0, 1, 60390000000L, 5)], [(False, False, False, False, False, True, False, False)])
fourthtestvm: ([(0, 1, 61310000000L, 4)], [(False, False, False, False, True, False, False, False)])
fifthtestvm: ([(0, 1, 61090000000L, 1)], [(False, True, False, False, False, False, False, False)])
sixthtestvm: ([(0, 1, 61220000000L, 1)], [(False, True, False, False, False, False, False, False)])
seventhtestvm: ([(0, 1, 60710000000L, 3)], [(False, False, False, True, False, False, False, False)])
eighthtestvm: ([(0, 1, 60310000000L, 3)], [(False, False, False, True, False, False, False, False)])
ninthtestvm: ([(0, 1, 54170000000L, 0)], [(True, False, False, False, False, False, False, False)])
tenthtestvm: ([(0, 1, 52230000000L, 7)], [(False, False, False, False, False, False, False, True)])
eleventhtestvm: ([(0, 1, 54700000000L, 6)], [(False, False, False, False, False, False, True, False)])
twelvethtestvm: ([(0, 1, 53340000000L, 0)], [(True, False, False, False, False, False, False, False)])
thirteenthtestvm: ([(0, 1, 54300000000L, 5)], [(False, False, False, False, False, True, False, False)])
fourteenthtestvm: ([(0, 1, 52910000000L, 6)], [(False, False, False, False, False, False, True, False)])
fifteenthtestvm: ([(0, 1, 52770000000L, 4)], [(False, False, False, False, True, False, False, False)])
sixteenthtestvm: ([(0, 1, 52980000000L, 2)], [(False, False, True, False, False, False, False, False)])
--------------------------------------------------------------------------------
0: 66.0 ['ninthtestvm', 'twelvethtestvm']
1: 64.0 ['fifthtestvm', 'sixthtestvm']
2: 66.0 ['secondtestvm', 'sixteenthtestvm']
3: 66.0 ['seventhtestvm', 'eighthtestvm']
4: 66.0 ['fourthtestvm', 'fifteenthtestvm']
5: 70.0 ['thirdtestvm', 'thirteenthtestvm']
6: 68.0 ['eleventhtestvm', 'fourteenthtestvm']
7: 68.0 ['firsttestvm', 'tenthtestvm']
--------------------------------------------------------------------------------
firsttestvm: ([(0, 1, 60040000000L, 7)], [(False, False, False, False, False, False, False, True)])
secondtestvm: ([(0, 1, 59930000000L, 2)], [(False, False, True, False, False, False, False, False)])
thirdtestvm: ([(0, 1, 60730000000L, 5)], [(False, False, False, False, False, True, False, False)])
fourthtestvm: ([(0, 1, 61650000000L, 4)], [(False, False, False, False, True, False, False, False)])
fifthtestvm: ([(0, 1, 61440000000L, 1)], [(False, True, False, False, False, False, False, False)])
sixthtestvm: ([(0, 1, 61560000000L, 1)], [(False, True, False, False, False, False, False, False)])
seventhtestvm: ([(0, 1, 61060000000L, 3)], [(False, False, False, True, False, False, False, False)])
eighthtestvm: ([(0, 1, 60640000000L, 3)], [(False, False, False, True, False, False, False, False)])
ninthtestvm: ([(0, 1, 54520000000L, 0)], [(True, False, False, False, False, False, False, False)])
tenthtestvm: ([(0, 1, 52580000000L, 7)], [(False, False, False, False, False, False, False, True)])
eleventhtestvm: ([(0, 1, 55030000000L, 6)], [(False, False, False, False, False, False, True, False)])
twelvethtestvm: ([(0, 1, 53660000000L, 0)], [(True, False, False, False, False, False, False, False)])
thirteenthtestvm: ([(0, 1, 54650000000L, 5)], [(False, False, False, False, False, True, False, False)])
fourteenthtestvm: ([(0, 1, 53250000000L, 6)], [(False, False, False, False, False, False, True, False)])
fifteenthtestvm: ([(0, 1, 53120000000L, 4)], [(False, False, False, False, True, False, False, False)])
sixteenthtestvm: ([(0, 1, 53310000000L, 2)], [(False, False, True, False, False, False, False, False)])
--------------------------------------------------------------------------------
0: 67.0 ['ninthtestvm', 'twelvethtestvm']
1: 69.0 ['fifthtestvm', 'sixthtestvm']
2: 67.0 ['secondtestvm', 'sixteenthtestvm']
3: 68.0 ['seventhtestvm', 'eighthtestvm']
4: 69.0 ['fourthtestvm', 'fifteenthtestvm']
5: 69.0 ['thirdtestvm', 'thirteenthtestvm']
6: 67.0 ['eleventhtestvm', 'fourteenthtestvm']
7: 67.0 ['firsttestvm', 'tenthtestvm']
--------------------------------------------------------------------------------
firsttestvm: ([(0, 1, 60360000000L, 7)], [(False, False, False, False, False, False, False, True)])
secondtestvm: ([(0, 1, 60270000000L, 2)], [(False, False, True, False, False, False, False, False)])
thirdtestvm: ([(0, 1, 61070000000L, 5)], [(False, False, False, False, False, True, False, False)])
fourthtestvm: ([(0, 1, 61970000000L, 4)], [(False, False, False, False, True, False, False, False)])
fifthtestvm: ([(0, 1, 61770000000L, 1)], [(False, True, False, False, False, False, False, False)])
sixthtestvm: ([(0, 1, 61880000000L, 1)], [(False, True, False, False, False, False, False, False)])
seventhtestvm: ([(0, 1, 61390000000L, 3)], [(False, False, False, True, False, False, False, False)])
eighthtestvm: ([(0, 1, 60960000000L, 3)], [(False, False, False, True, False, False, False, False)])
ninthtestvm: ([(0, 1, 54850000000L, 0)], [(True, False, False, False, False, False, False, False)])
tenthtestvm: ([(0, 1, 52910000000L, 7)], [(False, False, False, False, False, False, False, True)])
eleventhtestvm: ([(0, 1, 55360000000L, 6)], [(False, False, False, False, False, False, True, False)])
twelvethtestvm: ([(0, 1, 53980000000L, 0)], [(True, False, False, False, False, False, False, False)])
thirteenthtestvm: ([(0, 1, 54990000000L, 5)], [(False, False, False, False, False, True, False, False)])
fourteenthtestvm: ([(0, 1, 53560000000L, 6)], [(False, False, False, False, False, False, True, False)])
fifteenthtestvm: ([(0, 1, 53440000000L, 4)], [(False, False, False, False, True, False, False, False)])
sixteenthtestvm: ([(0, 1, 53630000000L, 2)], [(False, False, True, False, False, False, False, False)])
--------------------------------------------------------------------------------
0: 65.0 ['ninthtestvm', 'twelvethtestvm']
1: 65.0 ['fifthtestvm', 'sixthtestvm']
2: 66.0 ['secondtestvm', 'sixteenthtestvm']
3: 65.0 ['seventhtestvm', 'eighthtestvm']
4: 64.0 ['fourthtestvm', 'fifteenthtestvm']
5: 68.0 ['thirdtestvm', 'thirteenthtestvm']
6: 64.0 ['eleventhtestvm', 'fourteenthtestvm']
7: 65.0 ['firsttestvm', 'tenthtestvm']
--------------------------------------------------------------------------------
firsttestvm: ([(0, 1, 60680000000L, 7)], [(False, False, False, False, False, False, False, True)])
secondtestvm: ([(0, 1, 60600000000L, 6)], [(False, False, False, False, False, False, True, False)])
thirdtestvm: ([(0, 1, 61410000000L, 7)], [(False, False, False, False, False, False, False, True)])
fourthtestvm: ([(0, 1, 62300000000L, 0)], [(True, False, False, False, False, False, False, False)])
fifthtestvm: ([(0, 1, 62100000000L, 2)], [(False, False, True, False, False, False, False, False)])
sixthtestvm: ([(0, 1, 62200000000L, 6)], [(False, False, False, False, False, False, True, False)])
seventhtestvm: ([(0, 1, 61720000000L, 1)], [(False, True, False, False, False, False, False, False)])
eighthtestvm: ([(0, 1, 61270000000L, 1)], [(False, True, False, False, False, False, False, False)])
ninthtestvm: ([(0, 1, 55170000000L, 4)], [(False, False, False, False, True, False, False, False)])
tenthtestvm: ([(0, 1, 53250000000L, 3)], [(False, False, False, True, False, False, False, False)])
eleventhtestvm: ([(0, 1, 55700000000L, 4)], [(False, False, False, False, True, False, False, False)])
twelvethtestvm: ([(0, 1, 54300000000L, 2)], [(False, False, True, False, False, False, False, False)])
thirteenthtestvm: ([(0, 1, 55310000000L, 5)], [(False, False, False, False, False, True, False, False)])
fourteenthtestvm: ([(0, 1, 53880000000L, 5)], [(False, False, False, False, False, True, False, False)])
fifteenthtestvm: ([(0, 1, 53770000000L, 3)], [(False, False, False, True, False, False, False, False)])
sixteenthtestvm: ([(0, 1, 53950000000L, 0)], [(True, False, False, False, False, False, False, False)])
--------------------------------------------------------------------------------
0: 65.0 ['fourthtestvm', 'sixteenthtestvm']
1: 64.0 ['seventhtestvm', 'eighthtestvm']
2: 65.0 ['fifthtestvm', 'twelvethtestvm']
3: 67.0 ['tenthtestvm', 'fifteenthtestvm']
4: 66.0 ['ninthtestvm', 'eleventhtestvm']
5: 64.0 ['thirteenthtestvm', 'fourteenthtestvm']
6: 65.0 ['secondtestvm', 'sixthtestvm']
7: 66.0 ['firsttestvm', 'thirdtestvm']
--------------------------------------------------------------------------------
firsttestvm: ([(0, 1, 61000000000L, 7)], [(False, False, False, False, False, False, False, True)])
secondtestvm: ([(0, 1, 60940000000L, 6)], [(False, False, False, False, False, False, True, False)])
thirdtestvm: ([(0, 1, 61740000000L, 7)], [(False, False, False, False, False, False, False, True)])
fourthtestvm: ([(0, 1, 62640000000L, 0)], [(True, False, False, False, False, False, False, False)])
fifthtestvm: ([(0, 1, 62430000000L, 2)], [(False, False, True, False, False, False, False, False)])
sixthtestvm: ([(0, 1, 62530000000L, 6)], [(False, False, False, False, False, False, True, False)])
seventhtestvm: ([(0, 1, 62060000000L, 1)], [(False, True, False, False, False, False, False, False)])
eighthtestvm: ([(0, 1, 61590000000L, 1)], [(False, True, False, False, False, False, False, False)])
ninthtestvm: ([(0, 1, 55500000000L, 4)], [(False, False, False, False, True, False, False, False)])
tenthtestvm: ([(0, 1, 53570000000L, 3)], [(False, False, False, True, False, False, False, False)])
eleventhtestvm: ([(0, 1, 56020000000L, 4)], [(False, False, False, False, True, False, False, False)])
twelvethtestvm: ([(0, 1, 54630000000L, 2)], [(False, False, True, False, False, False, False, False)])
thirteenthtestvm: ([(0, 1, 55640000000L, 5)], [(False, False, False, False, False, True, False, False)])
fourteenthtestvm: ([(0, 1, 54200000000L, 5)], [(False, False, False, False, False, True, False, False)])
fifteenthtestvm: ([(0, 1, 54090000000L, 3)], [(False, False, False, True, False, False, False, False)])
sixteenthtestvm: ([(0, 1, 54260000000L, 0)], [(True, False, False, False, False, False, False, False)])
--------------------------------------------------------------------------------
0: 65.0 ['fourthtestvm', 'sixteenthtestvm']
1: 66.0 ['seventhtestvm', 'eighthtestvm']
2: 66.0 ['fifthtestvm', 'twelvethtestvm']
3: 64.0 ['tenthtestvm', 'fifteenthtestvm']
4: 65.0 ['ninthtestvm', 'eleventhtestvm']
5: 65.0 ['thirteenthtestvm', 'fourteenthtestvm']
6: 67.0 ['secondtestvm', 'sixthtestvm']
7: 65.0 ['firsttestvm', 'thirdtestvm']
--------------------------------------------------------------------------------
firsttestvm: ([(0, 1, 61320000000L, 7)], [(False, False, False, False, False, False, False, True)])
secondtestvm: ([(0, 1, 61280000000L, 6)], [(False, False, False, False, False, False, True, False)])
thirdtestvm: ([(0, 1, 62080000000L, 7)], [(False, False, False, False, False, False, False, True)])
fourthtestvm: ([(0, 1, 62980000000L, 0)], [(True, False, False, False, False, False, False, False)])
fifthtestvm: ([(0, 1, 62770000000L, 2)], [(False, False, True, False, False, False, False, False)])
sixthtestvm: ([(0, 1, 62860000000L, 6)], [(False, False, False, False, False, False, True, False)])
seventhtestvm: ([(0, 1, 62390000000L, 1)], [(False, True, False, False, False, False, False, False)])
eighthtestvm: ([(0, 1, 61910000000L, 1)], [(False, True, False, False, False, False, False, False)])
ninthtestvm: ([(0, 1, 55830000000L, 4)], [(False, False, False, False, True, False, False, False)])
tenthtestvm: ([(0, 1, 53890000000L, 3)], [(False, False, False, True, False, False, False, False)])
eleventhtestvm: ([(0, 1, 56360000000L, 4)], [(False, False, False, False, True, False, False, False)])
twelvethtestvm: ([(0, 1, 54950000000L, 2)], [(False, False, True, False, False, False, False, False)])
thirteenthtestvm: ([(0, 1, 55980000000L, 5)], [(False, False, False, False, False, True, False, False)])
fourteenthtestvm: ([(0, 1, 54530000000L, 5)], [(False, False, False, False, False, True, False, False)])
fifteenthtestvm: ([(0, 1, 54420000000L, 3)], [(False, False, False, True, False, False, False, False)])
sixteenthtestvm: ([(0, 1, 54590000000L, 0)], [(True, False, False, False, False, False, False, False)])
--------------------------------------------------------------------------------
0: 67.0 ['fourthtestvm', 'sixteenthtestvm']
1: 65.0 ['seventhtestvm', 'eighthtestvm']
2: 66.0 ['fifthtestvm', 'twelvethtestvm']
3: 65.0 ['tenthtestvm', 'fifteenthtestvm']
4: 67.0 ['ninthtestvm', 'eleventhtestvm']
5: 67.0 ['thirteenthtestvm', 'fourteenthtestvm']
6: 67.0 ['secondtestvm', 'sixthtestvm']
7: 66.0 ['firsttestvm', 'thirdtestvm']
--------------------------------------------------------------------------------
firsttestvm: ([(0, 1, 61640000000L, 1)], [(False, True, False, False, False, False, False, False)])
secondtestvm: ([(0, 1, 61610000000L, 6)], [(False, False, False, False, False, False, True, False)])
thirdtestvm: ([(0, 1, 62430000000L, 4)], [(False, False, False, False, True, False, False, False)])
fourthtestvm: ([(0, 1, 63320000000L, 1)], [(False, True, False, False, False, False, False, False)])
fifthtestvm: ([(0, 1, 63120000000L, 3)], [(False, False, False, True, False, False, False, False)])
sixthtestvm: ([(0, 1, 63210000000L, 0)], [(True, False, False, False, False, False, False, False)])
seventhtestvm: ([(0, 1, 62740000000L, 7)], [(False, False, False, False, False, False, False, True)])
eighthtestvm: ([(0, 1, 62240000000L, 2)], [(False, False, True, False, False, False, False, False)])
ninthtestvm: ([(0, 1, 56160000000L, 7)], [(False, False, False, False, False, False, False, True)])
tenthtestvm: ([(0, 1, 54240000000L, 6)], [(False, False, False, False, False, False, True, False)])
eleventhtestvm: ([(0, 1, 56680000000L, 4)], [(False, False, False, False, True, False, False, False)])
twelvethtestvm: ([(0, 1, 55260000000L, 3)], [(False, False, False, True, False, False, False, False)])
thirteenthtestvm: ([(0, 1, 56320000000L, 5)], [(False, False, False, False, False, True, False, False)])
fourteenthtestvm: ([(0, 1, 54860000000L, 5)], [(False, False, False, False, False, True, False, False)])
fifteenthtestvm: ([(0, 1, 54760000000L, 2)], [(False, False, True, False, False, False, False, False)])
sixteenthtestvm: ([(0, 1, 54910000000L, 0)], [(True, False, False, False, False, False, False, False)])
--------------------------------------------------------------------------------
0: 67.0 ['sixthtestvm', 'sixteenthtestvm']
1: 66.0 ['firsttestvm', 'fourthtestvm']
2: 67.0 ['eighthtestvm', 'fifteenthtestvm']
3: 66.0 ['fifthtestvm', 'twelvethtestvm']
4: 67.0 ['thirdtestvm', 'eleventhtestvm']
5: 67.0 ['thirteenthtestvm', 'fourteenthtestvm']
6: 68.0 ['secondtestvm', 'tenthtestvm']
7: 68.0 ['seventhtestvm', 'ninthtestvm']
--------------------------------------------------------------------------------
firsttestvm: ([(0, 1, 61970000000L, 1)], [(False, True, False, False, False, False, False, False)])
secondtestvm: ([(0, 1, 61950000000L, 6)], [(False, False, False, False, False, False, True, False)])
thirdtestvm: ([(0, 1, 62750000000L, 4)], [(False, False, False, False, True, False, False, False)])
fourthtestvm: ([(0, 1, 63680000000L, 1)], [(False, True, False, False, False, False, False, False)])
fifthtestvm: ([(0, 1, 63470000000L, 3)], [(False, False, False, True, False, False, False, False)])
sixthtestvm: ([(0, 1, 63540000000L, 0)], [(True, False, False, False, False, False, False, False)])
seventhtestvm: ([(0, 1, 63090000000L, 7)], [(False, False, False, False, False, False, False, True)])
eighthtestvm: ([(0, 1, 62580000000L, 2)], [(False, False, True, False, False, False, False, False)])
ninthtestvm: ([(0, 1, 56490000000L, 7)], [(False, False, False, False, False, False, False, True)])
tenthtestvm: ([(0, 1, 54560000000L, 6)], [(False, False, False, False, False, False, True, False)])
eleventhtestvm: ([(0, 1, 57030000000L, 4)], [(False, False, False, False, True, False, False, False)])
twelvethtestvm: ([(0, 1, 55590000000L, 3)], [(False, False, False, True, False, False, False, False)])
thirteenthtestvm: ([(0, 1, 56650000000L, 5)], [(False, False, False, False, False, True, False, False)])
fourteenthtestvm: ([(0, 1, 55200000000L, 5)], [(False, False, False, False, False, True, False, False)])
fifteenthtestvm: ([(0, 1, 55100000000L, 2)], [(False, False, True, False, False, False, False, False)])
sixteenthtestvm: ([(0, 1, 55250000000L, 0)], [(True, False, False, False, False, False, False, False)])
--------------------------------------------------------------------------------
0: 67.0 ['sixthtestvm', 'sixteenthtestvm']
1: 69.0 ['firsttestvm', 'fourthtestvm']
2: 68.0 ['eighthtestvm', 'fifteenthtestvm']
3: 68.0 ['fifthtestvm', 'twelvethtestvm']
4: 67.0 ['thirdtestvm', 'eleventhtestvm']
5: 67.0 ['thirteenthtestvm', 'fourteenthtestvm']
6: 66.0 ['secondtestvm', 'tenthtestvm']
7: 68.0 ['seventhtestvm', 'ninthtestvm']
--------------------------------------------------------------------------------
firsttestvm: ([(0, 1, 62300000000L, 1)], [(False, True, False, False, False, False, False, False)])
secondtestvm: ([(0, 1, 62300000000L, 6)], [(False, False, False, False, False, False, True, False)])
thirdtestvm: ([(0, 1, 63080000000L, 4)], [(False, False, False, False, True, False, False, False)])
fourthtestvm: ([(0, 1, 64020000000L, 1)], [(False, True, False, False, False, False, False, False)])
fifthtestvm: ([(0, 1, 63820000000L, 3)], [(False, False, False, True, False, False, False, False)])
sixthtestvm: ([(0, 1, 63870000000L, 0)], [(True, False, False, False, False, False, False, False)])
seventhtestvm: ([(0, 1, 63440000000L, 7)], [(False, False, False, False, False, False, False, True)])
eighthtestvm: ([(0, 1, 62920000000L, 2)], [(False, False, True, False, False, False, False, False)])
ninthtestvm: ([(0, 1, 56840000000L, 7)], [(False, False, False, False, False, False, False, True)])
tenthtestvm: ([(0, 1, 54890000000L, 6)], [(False, False, False, False, False, False, True, False)])
eleventhtestvm: ([(0, 1, 57390000000L, 4)], [(False, False, False, False, True, False, False, False)])
twelvethtestvm: ([(0, 1, 55930000000L, 3)], [(False, False, False, True, False, False, False, False)])
thirteenthtestvm: ([(0, 1, 56990000000L, 5)], [(False, False, False, False, False, True, False, False)])
fourteenthtestvm: ([(0, 1, 55530000000L, 5)], [(False, False, False, False, False, True, False, False)])
fifteenthtestvm: ([(0, 1, 55430000000L, 2)], [(False, False, True, False, False, False, False, False)])
sixteenthtestvm: ([(0, 1, 55600000000L, 0)], [(True, False, False, False, False, False, False, False)])
--------------------------------------------------------------------------------
0: 68.0 ['sixthtestvm', 'sixteenthtestvm']
1: 67.0 ['firsttestvm', 'fourthtestvm']
2: 67.0 ['eighthtestvm', 'fifteenthtestvm']
3: 69.0 ['fifthtestvm', 'twelvethtestvm']
4: 69.0 ['thirdtestvm', 'eleventhtestvm']
5: 67.0 ['thirteenthtestvm', 'fourteenthtestvm']
6: 68.0 ['secondtestvm', 'tenthtestvm']
7: 70.0 ['seventhtestvm', 'ninthtestvm']
--------------------------------------------------------------------------------
firsttestvm: ([(0, 1, 62620000000L, 2)], [(False, False, True, False, False, False, False, False)])
secondtestvm: ([(0, 1, 62640000000L, 7)], [(False, False, False, False, False, False, False, True)])
thirdtestvm: ([(0, 1, 63400000000L, 1)], [(False, True, False, False, False, False, False, False)])
fourthtestvm: ([(0, 1, 64360000000L, 2)], [(False, False, True, False, False, False, False, False)])
fifthtestvm: ([(0, 1, 64160000000L, 4)], [(False, False, False, False, True, False, False, False)])
sixthtestvm: ([(0, 1, 64190000000L, 7)], [(False, False, False, False, False, False, False, True)])
seventhtestvm: ([(0, 1, 63780000000L, 3)], [(False, False, False, True, False, False, False, False)])
eighthtestvm: ([(0, 1, 63250000000L, 1)], [(False, True, False, False, False, False, False, False)])
ninthtestvm: ([(0, 1, 57170000000L, 6)], [(False, False, False, False, False, False, True, False)])
tenthtestvm: ([(0, 1, 55210000000L, 5)], [(False, False, False, False, False, True, False, False)])
eleventhtestvm: ([(0, 1, 57720000000L, 5)], [(False, False, False, False, False, True, False, False)])
twelvethtestvm: ([(0, 1, 56240000000L, 0)], [(True, False, False, False, False, False, False, False)])
thirteenthtestvm: ([(0, 1, 57320000000L, 0)], [(True, False, False, False, False, False, False, False)])
fourteenthtestvm: ([(0, 1, 55870000000L, 4)], [(False, False, False, False, True, False, False, False)])
fifteenthtestvm: ([(0, 1, 55770000000L, 3)], [(False, False, False, True, False, False, False, False)])
sixteenthtestvm: ([(0, 1, 55940000000L, 6)], [(False, False, False, False, False, False, True, False)])
--------------------------------------------------------------------------------
0: 64.0 ['twelvethtestvm', 'thirteenthtestvm']
1: 65.0 ['thirdtestvm', 'eighthtestvm']
2: 66.0 ['firsttestvm', 'fourthtestvm']
3: 68.0 ['seventhtestvm', 'fifteenthtestvm']
4: 68.0 ['fifthtestvm', 'fourteenthtestvm']
5: 65.0 ['tenthtestvm', 'eleventhtestvm']
6: 67.0 ['ninthtestvm', 'sixteenthtestvm']
7: 66.0 ['secondtestvm', 'sixthtestvm']
--------------------------------------------------------------------------------
firsttestvm: ([(0, 1, 62950000000L, 2)], [(False, False, True, False, False, False, False, False)])
secondtestvm: ([(0, 1, 62980000000L, 7)], [(False, False, False, False, False, False, False, True)])
thirdtestvm: ([(0, 1, 63730000000L, 1)], [(False, True, False, False, False, False, False, False)])
fourthtestvm: ([(0, 1, 64710000000L, 2)], [(False, False, True, False, False, False, False, False)])
fifthtestvm: ([(0, 1, 64490000000L, 4)], [(False, False, False, False, True, False, False, False)])
sixthtestvm: ([(0, 1, 64510000000L, 7)], [(False, False, False, False, False, False, False, True)])
seventhtestvm: ([(0, 1, 64110000000L, 3)], [(False, False, False, True, False, False, False, False)])
eighthtestvm: ([(0, 1, 63590000000L, 1)], [(False, True, False, False, False, False, False, False)])
ninthtestvm: ([(0, 1, 57490000000L, 6)], [(False, False, False, False, False, False, True, False)])
tenthtestvm: ([(0, 1, 55540000000L, 5)], [(False, False, False, False, False, True, False, False)])
eleventhtestvm: ([(0, 1, 58070000000L, 5)], [(False, False, False, False, False, True, False, False)])
twelvethtestvm: ([(0, 1, 56580000000L, 0)], [(True, False, False, False, False, False, False, False)])
thirteenthtestvm: ([(0, 1, 57680000000L, 0)], [(True, False, False, False, False, False, False, False)])
fourteenthtestvm: ([(0, 1, 56210000000L, 4)], [(False, False, False, False, True, False, False, False)])
fifteenthtestvm: ([(0, 1, 56100000000L, 3)], [(False, False, False, True, False, False, False, False)])
sixteenthtestvm: ([(0, 1, 56290000000L, 6)], [(False, False, False, False, False, False, True, False)])
--------------------------------------------------------------------------------
0: 70.0 ['twelvethtestvm', 'thirteenthtestvm']
1: 67.0 ['thirdtestvm', 'eighthtestvm']
2: 68.0 ['firsttestvm', 'fourthtestvm']
3: 66.0 ['seventhtestvm', 'fifteenthtestvm']
4: 67.0 ['fifthtestvm', 'fourteenthtestvm']
5: 68.0 ['tenthtestvm', 'eleventhtestvm']
6: 67.0 ['ninthtestvm', 'sixteenthtestvm']
7: 66.0 ['secondtestvm', 'sixthtestvm']
--------------------------------------------------------------------------------
firsttestvm: ([(0, 1, 63290000000L, 2)], [(False, False, True, False, False, False, False, False)])
secondtestvm: ([(0, 1, 63330000000L, 7)], [(False, False, False, False, False, False, False, True)])
thirdtestvm: ([(0, 1, 64070000000L, 1)], [(False, True, False, False, False, False, False, False)])
fourthtestvm: ([(0, 1, 65050000000L, 2)], [(False, False, True, False, False, False, False, False)])
fifthtestvm: ([(0, 1, 64810000000L, 4)], [(False, False, False, False, True, False, False, False)])
sixthtestvm: ([(0, 1, 64840000000L, 7)], [(False, False, False, False, False, False, False, True)])
seventhtestvm: ([(0, 1, 64450000000L, 3)], [(False, False, False, True, False, False, False, False)])
eighthtestvm: ([(0, 1, 63930000000L, 1)], [(False, True, False, False, False, False, False, False)])
ninthtestvm: ([(0, 1, 57830000000L, 6)], [(False, False, False, False, False, False, True, False)])
tenthtestvm: ([(0, 1, 55860000000L, 5)], [(False, False, False, False, False, True, False, False)])
eleventhtestvm: ([(0, 1, 58410000000L, 5)], [(False, False, False, False, False, True, False, False)])
twelvethtestvm: ([(0, 1, 56920000000L, 0)], [(True, False, False, False, False, False, False, False)])
thirteenthtestvm: ([(0, 1, 58030000000L, 0)], [(True, False, False, False, False, False, False, False)])
fourteenthtestvm: ([(0, 1, 56550000000L, 4)], [(False, False, False, False, True, False, False, False)])
fifteenthtestvm: ([(0, 1, 56430000000L, 3)], [(False, False, False, True, False, False, False, False)])
sixteenthtestvm: ([(0, 1, 56630000000L, 6)], [(False, False, False, False, False, False, True, False)])
--------------------------------------------------------------------------------
0: 69.0 ['twelvethtestvm', 'thirteenthtestvm']
1: 68.0 ['thirdtestvm', 'eighthtestvm']
2: 68.0 ['firsttestvm', 'fourthtestvm']
3: 67.0 ['seventhtestvm', 'fifteenthtestvm']
4: 66.0 ['fifthtestvm', 'fourteenthtestvm']
5: 66.0 ['tenthtestvm', 'eleventhtestvm']
6: 68.0 ['ninthtestvm', 'sixteenthtestvm']
7: 68.0 ['secondtestvm', 'sixthtestvm']
--------------------------------------------------------------------------------
firsttestvm: ([(0, 1, 63640000000L, 0)], [(True, False, False, False, False, False, False, False)])
secondtestvm: ([(0, 1, 63690000000L, 4)], [(False, False, False, False, True, False, False, False)])
thirdtestvm: ([(0, 1, 64410000000L, 6)], [(False, False, False, False, False, False, True, False)])
fourthtestvm: ([(0, 1, 65420000000L, 1)], [(False, True, False, False, False, False, False, False)])
fifthtestvm: ([(0, 1, 65150000000L, 5)], [(False, False, False, False, False, True, False, False)])
sixthtestvm: ([(0, 1, 65160000000L, 1)], [(False, True, False, False, False, False, False, False)])
seventhtestvm: ([(0, 1, 64790000000L, 3)], [(False, False, False, True, False, False, False, False)])
eighthtestvm: ([(0, 1, 64280000000L, 3)], [(False, False, False, True, False, False, False, False)])
ninthtestvm: ([(0, 1, 58190000000L, 7)], [(False, False, False, False, False, False, False, True)])
tenthtestvm: ([(0, 1, 56200000000L, 0)], [(True, False, False, False, False, False, False, False)])
eleventhtestvm: ([(0, 1, 58770000000L, 5)], [(False, False, False, False, False, True, False, False)])
twelvethtestvm: ([(0, 1, 57240000000L, 2)], [(False, False, True, False, False, False, False, False)])
thirteenthtestvm: ([(0, 1, 58390000000L, 7)], [(False, False, False, False, False, False, False, True)])
fourteenthtestvm: ([(0, 1, 56910000000L, 2)], [(False, False, True, False, False, False, False, False)])
fifteenthtestvm: ([(0, 1, 56790000000L, 4)], [(False, False, False, False, True, False, False, False)])
sixteenthtestvm: ([(0, 1, 56980000000L, 6)], [(False, False, False, False, False, False, True, False)])
--------------------------------------------------------------------------------
0: 69.0 ['firsttestvm', 'tenthtestvm']
1: 69.0 ['fourthtestvm', 'sixthtestvm']
2: 68.0 ['twelvethtestvm', 'fourteenthtestvm']
3: 69.0 ['seventhtestvm', 'eighthtestvm']
4: 72.0 ['secondtestvm', 'fifteenthtestvm']
5: 70.0 ['fifthtestvm', 'eleventhtestvm']
6: 69.0 ['thirdtestvm', 'sixteenthtestvm']
7: 72.0 ['ninthtestvm', 'thirteenthtestvm']
--------------------------------------------------------------------------------
firsttestvm: ([(0, 1, 63970000000L, 0)], [(True, False, False, False, False, False, False, False)])
secondtestvm: ([(0, 1, 64020000000L, 4)], [(False, False, False, False, True, False, False, False)])
thirdtestvm: ([(0, 1, 64730000000L, 6)], [(False, False, False, False, False, False, True, False)])
fourthtestvm: ([(0, 1, 65770000000L, 1)], [(False, True, False, False, False, False, False, False)])
fifthtestvm: ([(0, 1, 65480000000L, 5)], [(False, False, False, False, False, True, False, False)])
sixthtestvm: ([(0, 1, 65500000000L, 1)], [(False, True, False, False, False, False, False, False)])
seventhtestvm: ([(0, 1, 65130000000L, 3)], [(False, False, False, True, False, False, False, False)])
eighthtestvm: ([(0, 1, 64600000000L, 3)], [(False, False, False, True, False, False, False, False)])
ninthtestvm: ([(0, 1, 58530000000L, 7)], [(False, False, False, False, False, False, False, True)])
tenthtestvm: ([(0, 1, 56530000000L, 0)], [(True, False, False, False, False, False, False, False)])
eleventhtestvm: ([(0, 1, 59120000000L, 5)], [(False, False, False, False, False, True, False, False)])
twelvethtestvm: ([(0, 1, 57580000000L, 2)], [(False, False, True, False, False, False, False, False)])
thirteenthtestvm: ([(0, 1, 58720000000L, 7)], [(False, False, False, False, False, False, False, True)])
fourteenthtestvm: ([(0, 1, 57240000000L, 2)], [(False, False, True, False, False, False, False, False)])
fifteenthtestvm: ([(0, 1, 57110000000L, 4)], [(False, False, False, False, True, False, False, False)])
sixteenthtestvm: ([(0, 1, 57330000000L, 6)], [(False, False, False, False, False, False, True, False)])
--------------------------------------------------------------------------------
0: 66.0 ['firsttestvm', 'tenthtestvm']
1: 69.0 ['fourthtestvm', 'sixthtestvm']
2: 67.0 ['twelvethtestvm', 'fourteenthtestvm']
3: 66.0 ['seventhtestvm', 'eighthtestvm']
4: 65.0 ['secondtestvm', 'fifteenthtestvm']
5: 68.0 ['fifthtestvm', 'eleventhtestvm']
6: 67.0 ['thirdtestvm', 'sixteenthtestvm']
7: 67.0 ['ninthtestvm', 'thirteenthtestvm']
--------------------------------------------------------------------------------
firsttestvm: ([(0, 1, 64300000000L, 0)], [(True, False, False, False, False, False, False, False)])
secondtestvm: ([(0, 1, 64360000000L, 4)], [(False, False, False, False, True, False, False, False)])
thirdtestvm: ([(0, 1, 65050000000L, 6)], [(False, False, False, False, False, False, True, False)])
fourthtestvm: ([(0, 1, 66130000000L, 1)], [(False, True, False, False, False, False, False, False)])
fifthtestvm: ([(0, 1, 65800000000L, 5)], [(False, False, False, False, False, True, False, False)])
sixthtestvm: ([(0, 1, 65830000000L, 1)], [(False, True, False, False, False, False, False, False)])
seventhtestvm: ([(0, 1, 65470000000L, 3)], [(False, False, False, True, False, False, False, False)])
eighthtestvm: ([(0, 1, 64940000000L, 3)], [(False, False, False, True, False, False, False, False)])
ninthtestvm: ([(0, 1, 58870000000L, 7)], [(False, False, False, False, False, False, False, True)])
tenthtestvm: ([(0, 1, 56880000000L, 0)], [(True, False, False, False, False, False, False, False)])
eleventhtestvm: ([(0, 1, 59480000000L, 5)], [(False, False, False, False, False, True, False, False)])
twelvethtestvm: ([(0, 1, 57920000000L, 2)], [(False, False, True, False, False, False, False, False)])
thirteenthtestvm: ([(0, 1, 59040000000L, 7)], [(False, False, False, False, False, False, False, True)])
fourteenthtestvm: ([(0, 1, 57570000000L, 2)], [(False, False, True, False, False, False, False, False)])
fifteenthtestvm: ([(0, 1, 57460000000L, 4)], [(False, False, False, False, True, False, False, False)])
sixteenthtestvm: ([(0, 1, 57680000000L, 6)], [(False, False, False, False, False, False, True, False)])
--------------------------------------------------------------------------------
0: 68.0 ['firsttestvm', 'tenthtestvm']
1: 69.0 ['fourthtestvm', 'sixthtestvm']
2: 67.0 ['twelvethtestvm', 'fourteenthtestvm']
3: 68.0 ['seventhtestvm', 'eighthtestvm']
4: 69.0 ['secondtestvm', 'fifteenthtestvm']
5: 68.0 ['fifthtestvm', 'eleventhtestvm']
6: 67.0 ['thirdtestvm', 'sixteenthtestvm']
7: 66.0 ['ninthtestvm', 'thirteenthtestvm']
--------------------------------------------------------------------------------
firsttestvm: ([(0, 1, 64630000000L, 3)], [(False, False, False, True, False, False, False, False)])
secondtestvm: ([(0, 1, 64690000000L, 3)], [(False, False, False, True, False, False, False, False)])
thirdtestvm: ([(0, 1, 65380000000L, 1)], [(False, True, False, False, False, False, False, False)])
fourthtestvm: ([(0, 1, 66460000000L, 7)], [(False, False, False, False, False, False, False, True)])
fifthtestvm: ([(0, 1, 66120000000L, 0)], [(True, False, False, False, False, False, False, False)])
sixthtestvm: ([(0, 1, 66160000000L, 2)], [(False, False, True, False, False, False, False, False)])
seventhtestvm: ([(0, 1, 65810000000L, 4)], [(False, False, False, False, True, False, False, False)])
eighthtestvm: ([(0, 1, 65270000000L, 4)], [(False, False, False, False, True, False, False, False)])
ninthtestvm: ([(0, 1, 59200000000L, 1)], [(False, True, False, False, False, False, False, False)])
tenthtestvm: ([(0, 1, 57200000000L, 0)], [(True, False, False, False, False, False, False, False)])
eleventhtestvm: ([(0, 1, 59810000000L, 5)], [(False, False, False, False, False, True, False, False)])
twelvethtestvm: ([(0, 1, 58250000000L, 5)], [(False, False, False, False, False, True, False, False)])
thirteenthtestvm: ([(0, 1, 59370000000L, 2)], [(False, False, True, False, False, False, False, False)])
fourteenthtestvm: ([(0, 1, 57900000000L, 7)], [(False, False, False, False, False, False, False, True)])
fifteenthtestvm: ([(0, 1, 57790000000L, 6)], [(False, False, False, False, False, False, True, False)])
sixteenthtestvm: ([(0, 1, 58030000000L, 6)], [(False, False, False, False, False, False, True, False)])
--------------------------------------------------------------------------------
0: 64.0 ['fifthtestvm', 'tenthtestvm']
1: 66.0 ['thirdtestvm', 'ninthtestvm']
2: 66.0 ['sixthtestvm', 'thirteenthtestvm']
3: 66.0 ['firsttestvm', 'secondtestvm']
4: 67.0 ['seventhtestvm', 'eighthtestvm']
5: 66.0 ['eleventhtestvm', 'twelvethtestvm']
6: 68.0 ['fifteenthtestvm', 'sixteenthtestvm']
7: 66.0 ['fourthtestvm', 'fourteenthtestvm']
--------------------------------------------------------------------------------
firsttestvm: ([(0, 1, 64950000000L, 3)], [(False, False, False, True, False, False, False, False)])
secondtestvm: ([(0, 1, 65050000000L, 3)], [(False, False, False, True, False, False, False, False)])
thirdtestvm: ([(0, 1, 65690000000L, 1)], [(False, True, False, False, False, False, False, False)])
fourthtestvm: ([(0, 1, 66800000000L, 7)], [(False, False, False, False, False, False, False, True)])
fifthtestvm: ([(0, 1, 66450000000L, 0)], [(True, False, False, False, False, False, False, False)])
sixthtestvm: ([(0, 1, 66490000000L, 2)], [(False, False, True, False, False, False, False, False)])
seventhtestvm: ([(0, 1, 66160000000L, 4)], [(False, False, False, False, True, False, False, False)])
eighthtestvm: ([(0, 1, 65610000000L, 4)], [(False, False, False, False, True, False, False, False)])
ninthtestvm: ([(0, 1, 59550000000L, 1)], [(False, True, False, False, False, False, False, False)])
tenthtestvm: ([(0, 1, 57560000000L, 0)], [(True, False, False, False, False, False, False, False)])
eleventhtestvm: ([(0, 1, 60170000000L, 5)], [(False, False, False, False, False, True, False, False)])
twelvethtestvm: ([(0, 1, 58560000000L, 5)], [(False, False, False, False, False, True, False, False)])
thirteenthtestvm: ([(0, 1, 59720000000L, 2)], [(False, False, True, False, False, False, False, False)])
fourteenthtestvm: ([(0, 1, 58240000000L, 7)], [(False, False, False, False, False, False, False, True)])
fifteenthtestvm: ([(0, 1, 58110000000L, 6)], [(False, False, False, False, False, False, True, False)])
sixteenthtestvm: ([(0, 1, 58380000000L, 6)], [(False, False, False, False, False, False, True, False)])
--------------------------------------------------------------------------------
0: 69.0 ['fifthtestvm', 'tenthtestvm']
1: 66.0 ['thirdtestvm', 'ninthtestvm']
2: 68.0 ['sixthtestvm', 'thirteenthtestvm']
3: 68.0 ['firsttestvm', 'secondtestvm']
4: 69.0 ['seventhtestvm', 'eighthtestvm']
5: 67.0 ['eleventhtestvm', 'twelvethtestvm']
6: 67.0 ['fifteenthtestvm', 'sixteenthtestvm']
7: 68.0 ['fourthtestvm', 'fourteenthtestvm']
--------------------------------------------------------------------------------
firsttestvm: ([(0, 1, 65290000000L, 3)], [(False, False, False, True, False, False, False, False)])
secondtestvm: ([(0, 1, 65390000000L, 3)], [(False, False, False, True, False, False, False, False)])
thirdtestvm: ([(0, 1, 66030000000L, 1)], [(False, True, False, False, False, False, False, False)])
fourthtestvm: ([(0, 1, 67150000000L, 7)], [(False, False, False, False, False, False, False, True)])
fifthtestvm: ([(0, 1, 66780000000L, 0)], [(True, False, False, False, False, False, False, False)])
sixthtestvm: ([(0, 1, 66820000000L, 2)], [(False, False, True, False, False, False, False, False)])
seventhtestvm: ([(0, 1, 66510000000L, 4)], [(False, False, False, False, True, False, False, False)])
eighthtestvm: ([(0, 1, 65950000000L, 4)], [(False, False, False, False, True, False, False, False)])
ninthtestvm: ([(0, 1, 59900000000L, 1)], [(False, True, False, False, False, False, False, False)])
tenthtestvm: ([(0, 1, 57910000000L, 0)], [(True, False, False, False, False, False, False, False)])
eleventhtestvm: ([(0, 1, 60520000000L, 5)], [(False, False, False, False, False, True, False, False)])
twelvethtestvm: ([(0, 1, 58900000000L, 5)], [(False, False, False, False, False, True, False, False)])
thirteenthtestvm: ([(0, 1, 60080000000L, 2)], [(False, False, True, False, False, False, False, False)])
fourteenthtestvm: ([(0, 1, 58570000000L, 7)], [(False, False, False, False, False, False, False, True)])
fifteenthtestvm: ([(0, 1, 58430000000L, 6)], [(False, False, False, False, False, False, True, False)])
sixteenthtestvm: ([(0, 1, 58740000000L, 6)], [(False, False, False, False, False, False, True, False)])
--------------------------------------------------------------------------------
0: 68.0 ['fifthtestvm', 'tenthtestvm']
1: 69.0 ['thirdtestvm', 'ninthtestvm']
2: 69.0 ['sixthtestvm', 'thirteenthtestvm']
3: 68.0 ['firsttestvm', 'secondtestvm']
4: 69.0 ['seventhtestvm', 'eighthtestvm']
5: 69.0 ['eleventhtestvm', 'twelvethtestvm']
6: 68.0 ['fifteenthtestvm', 'sixteenthtestvm']
7: 68.0 ['fourthtestvm', 'fourteenthtestvm']
--------------------------------------------------------------------------------
firsttestvm: ([(0, 1, 65630000000L, 6)], [(False, False, False, False, False, False, True, False)])
secondtestvm: ([(0, 1, 65720000000L, 4)], [(False, False, False, False, True, False, False, False)])
thirdtestvm: ([(0, 1, 66350000000L, 3)], [(False, False, False, True, False, False, False, False)])
fourthtestvm: ([(0, 1, 67500000000L, 7)], [(False, False, False, False, False, False, False, True)])
fifthtestvm: ([(0, 1, 67110000000L, 2)], [(False, False, True, False, False, False, False, False)])
sixthtestvm: ([(0, 1, 67160000000L, 4)], [(False, False, False, False, True, False, False, False)])
seventhtestvm: ([(0, 1, 66860000000L, 0)], [(True, False, False, False, False, False, False, False)])
eighthtestvm: ([(0, 1, 66290000000L, 3)], [(False, False, False, True, False, False, False, False)])
ninthtestvm: ([(0, 1, 60250000000L, 2)], [(False, False, True, False, False, False, False, False)])
tenthtestvm: ([(0, 1, 58260000000L, 1)], [(False, True, False, False, False, False, False, False)])
eleventhtestvm: ([(0, 1, 60870000000L, 5)], [(False, False, False, False, False, True, False, False)])
twelvethtestvm: ([(0, 1, 59220000000L, 0)], [(True, False, False, False, False, False, False, False)])
thirteenthtestvm: ([(0, 1, 60440000000L, 7)], [(False, False, False, False, False, False, False, True)])
fourteenthtestvm: ([(0, 1, 58910000000L, 5)], [(False, False, False, False, False, True, False, False)])
fifteenthtestvm: ([(0, 1, 58760000000L, 1)], [(False, True, False, False, False, False, False, False)])
sixteenthtestvm: ([(0, 1, 59100000000L, 6)], [(False, False, False, False, False, False, True, False)])
--------------------------------------------------------------------------------
0: 67.0 ['seventhtestvm', 'twelvethtestvm']
1: 68.0 ['tenthtestvm', 'fifteenthtestvm']
2: 68.0 ['fifthtestvm', 'ninthtestvm']
3: 66.0 ['thirdtestvm', 'eighthtestvm']
4: 67.0 ['secondtestvm', 'sixthtestvm']
5: 69.0 ['eleventhtestvm', 'fourteenthtestvm']
6: 70.0 ['firsttestvm', 'sixteenthtestvm']
7: 71.0 ['fourthtestvm', 'thirteenthtestvm']
--------------------------------------------------------------------------------
firsttestvm: ([(0, 1, 65950000000L, 6)], [(False, False, False, False, False, False, True, False)])
secondtestvm: ([(0, 1, 66050000000L, 4)], [(False, False, False, False, True, False, False, False)])
thirdtestvm: ([(0, 1, 66690000000L, 3)], [(False, False, False, True, False, False, False, False)])
fourthtestvm: ([(0, 1, 67860000000L, 7)], [(False, False, False, False, False, False, False, True)])
fifthtestvm: ([(0, 1, 67460000000L, 2)], [(False, False, True, False, False, False, False, False)])
sixthtestvm: ([(0, 1, 67530000000L, 4)], [(False, False, False, False, True, False, False, False)])
seventhtestvm: ([(0, 1, 67220000000L, 0)], [(True, False, False, False, False, False, False, False)])
eighthtestvm: ([(0, 1, 66650000000L, 3)], [(False, False, False, True, False, False, False, False)])
ninthtestvm: ([(0, 1, 60610000000L, 2)], [(False, False, True, False, False, False, False, False)])
tenthtestvm: ([(0, 1, 58620000000L, 1)], [(False, True, False, False, False, False, False, False)])
eleventhtestvm: ([(0, 1, 61240000000L, 5)], [(False, False, False, False, False, True, False, False)])
twelvethtestvm: ([(0, 1, 59560000000L, 0)], [(True, False, False, False, False, False, False, False)])
thirteenthtestvm: ([(0, 1, 60780000000L, 7)], [(False, False, False, False, False, False, False, True)])
fourteenthtestvm: ([(0, 1, 59240000000L, 5)], [(False, False, False, False, False, True, False, False)])
fifteenthtestvm: ([(0, 1, 59100000000L, 1)], [(False, True, False, False, False, False, False, False)])
sixteenthtestvm: ([(0, 1, 59470000000L, 6)], [(False, False, False, False, False, False, True, False)])
--------------------------------------------------------------------------------
0: 70.0 ['seventhtestvm', 'twelvethtestvm']
1: 70.0 ['tenthtestvm', 'fifteenthtestvm']
2: 71.0 ['fifthtestvm', 'ninthtestvm']
3: 70.0 ['thirdtestvm', 'eighthtestvm']
4: 70.0 ['secondtestvm', 'sixthtestvm']
5: 70.0 ['eleventhtestvm', 'fourteenthtestvm']
6: 69.0 ['firsttestvm', 'sixteenthtestvm']
7: 70.0 ['fourthtestvm', 'thirteenthtestvm']
--------------------------------------------------------------------------------
firsttestvm: ([(0, 1, 66280000000L, 6)], [(False, False, False, False, False, False, True, False)])
secondtestvm: ([(0, 1, 66360000000L, 4)], [(False, False, False, False, True, False, False, False)])
thirdtestvm: ([(0, 1, 67010000000L, 3)], [(False, False, False, True, False, False, False, False)])
fourthtestvm: ([(0, 1, 68200000000L, 7)], [(False, False, False, False, False, False, False, True)])
fifthtestvm: ([(0, 1, 67790000000L, 2)], [(False, False, True, False, False, False, False, False)])
sixthtestvm: ([(0, 1, 67870000000L, 4)], [(False, False, False, False, True, False, False, False)])
seventhtestvm: ([(0, 1, 67580000000L, 0)], [(True, False, False, False, False, False, False, False)])
eighthtestvm: ([(0, 1, 67010000000L, 3)], [(False, False, False, True, False, False, False, False)])
ninthtestvm: ([(0, 1, 60950000000L, 2)], [(False, False, True, False, False, False, False, False)])
tenthtestvm: ([(0, 1, 58960000000L, 1)], [(False, True, False, False, False, False, False, False)])
eleventhtestvm: ([(0, 1, 61590000000L, 5)], [(False, False, False, False, False, True, False, False)])
twelvethtestvm: ([(0, 1, 59880000000L, 0)], [(True, False, False, False, False, False, False, False)])
thirteenthtestvm: ([(0, 1, 61110000000L, 7)], [(False, False, False, False, False, False, False, True)])
fourteenthtestvm: ([(0, 1, 59560000000L, 5)], [(False, False, False, False, False, True, False, False)])
fifteenthtestvm: ([(0, 1, 59420000000L, 1)], [(False, True, False, False, False, False, False, False)])
sixteenthtestvm: ([(0, 1, 59820000000L, 6)], [(False, False, False, False, False, False, True, False)])
--------------------------------------------------------------------------------
0: 68.0 ['seventhtestvm', 'twelvethtestvm']
1: 66.0 ['tenthtestvm', 'fifteenthtestvm']
2: 67.0 ['fifthtestvm', 'ninthtestvm']
3: 68.0 ['thirdtestvm', 'eighthtestvm']
4: 65.0 ['secondtestvm', 'sixthtestvm']
5: 67.0 ['eleventhtestvm', 'fourteenthtestvm']
6: 68.0 ['firsttestvm', 'sixteenthtestvm']
7: 67.0 ['fourthtestvm', 'thirteenthtestvm']
--------------------------------------------------------------------------------
firsttestvm: ([(0, 1, 66610000000L, 7)], [(False, False, False, False, False, False, False, True)])
secondtestvm: ([(0, 1, 66690000000L, 3)], [(False, False, False, True, False, False, False, False)])
thirdtestvm: ([(0, 1, 67340000000L, 1)], [(False, True, False, False, False, False, False, False)])
fourthtestvm: ([(0, 1, 68550000000L, 0)], [(True, False, False, False, False, False, False, False)])
fifthtestvm: ([(0, 1, 68130000000L, 5)], [(False, False, False, False, False, True, False, False)])
sixthtestvm: ([(0, 1, 68220000000L, 5)], [(False, False, False, False, False, True, False, False)])
seventhtestvm: ([(0, 1, 67930000000L, 1)], [(False, True, False, False, False, False, False, False)])
eighthtestvm: ([(0, 1, 67360000000L, 6)], [(False, False, False, False, False, False, True, False)])
ninthtestvm: ([(0, 1, 61280000000L, 2)], [(False, False, True, False, False, False, False, False)])
tenthtestvm: ([(0, 1, 59320000000L, 4)], [(False, False, False, False, True, False, False, False)])
eleventhtestvm: ([(0, 1, 61950000000L, 3)], [(False, False, False, True, False, False, False, False)])
twelvethtestvm: ([(0, 1, 60220000000L, 4)], [(False, False, False, False, True, False, False, False)])
thirteenthtestvm: ([(0, 1, 61440000000L, 6)], [(False, False, False, False, False, False, True, False)])
fourteenthtestvm: ([(0, 1, 59890000000L, 2)], [(False, False, True, False, False, False, False, False)])
fifteenthtestvm: ([(0, 1, 59740000000L, 0)], [(True, False, False, False, False, False, False, False)])
sixteenthtestvm: ([(0, 1, 60190000000L, 7)], [(False, False, False, False, False, False, False, True)])
--------------------------------------------------------------------------------
0: 67.0 ['fourthtestvm', 'fifteenthtestvm']
1: 68.0 ['thirdtestvm', 'seventhtestvm']
2: 66.0 ['ninthtestvm', 'fourteenthtestvm']
3: 69.0 ['secondtestvm', 'eleventhtestvm']
4: 70.0 ['tenthtestvm', 'twelvethtestvm']
5: 69.0 ['fifthtestvm', 'sixthtestvm']
6: 68.0 ['eighthtestvm', 'thirteenthtestvm']
7: 70.0 ['firsttestvm', 'sixteenthtestvm']
--------------------------------------------------------------------------------
firsttestvm: ([(0, 1, 66940000000L, 7)], [(False, False, False, False, False, False, False, True)])
secondtestvm: ([(0, 1, 67020000000L, 3)], [(False, False, False, True, False, False, False, False)])
thirdtestvm: ([(0, 1, 67690000000L, 1)], [(False, True, False, False, False, False, False, False)])
fourthtestvm: ([(0, 1, 68920000000L, 0)], [(True, False, False, False, False, False, False, False)])
fifthtestvm: ([(0, 1, 68490000000L, 5)], [(False, False, False, False, False, True, False, False)])
sixthtestvm: ([(0, 1, 68570000000L, 5)], [(False, False, False, False, False, True, False, False)])
seventhtestvm: ([(0, 1, 68290000000L, 1)], [(False, True, False, False, False, False, False, False)])
eighthtestvm: ([(0, 1, 67720000000L, 6)], [(False, False, False, False, False, False, True, False)])
ninthtestvm: ([(0, 1, 61650000000L, 2)], [(False, False, True, False, False, False, False, False)])
tenthtestvm: ([(0, 1, 59680000000L, 4)], [(False, False, False, False, True, False, False, False)])
eleventhtestvm: ([(0, 1, 62330000000L, 3)], [(False, False, False, True, False, False, False, False)])
twelvethtestvm: ([(0, 1, 60560000000L, 4)], [(False, False, False, False, True, False, False, False)])
thirteenthtestvm: ([(0, 1, 61780000000L, 6)], [(False, False, False, False, False, False, True, False)])
fourteenthtestvm: ([(0, 1, 60220000000L, 2)], [(False, False, True, False, False, False, False, False)])
fifteenthtestvm: ([(0, 1, 60070000000L, 0)], [(True, False, False, False, False, False, False, False)])
sixteenthtestvm: ([(0, 1, 60560000000L, 7)], [(False, False, False, False, False, False, False, True)])
--------------------------------------------------------------------------------
0: 70.0 ['fourthtestvm', 'fifteenthtestvm']
1: 71.0 ['thirdtestvm', 'seventhtestvm']
2: 70.0 ['ninthtestvm', 'fourteenthtestvm']
3: 71.0 ['secondtestvm', 'eleventhtestvm']
4: 70.0 ['tenthtestvm', 'twelvethtestvm']
5: 71.0 ['fifthtestvm', 'sixthtestvm']
6: 70.0 ['eighthtestvm', 'thirteenthtestvm']
7: 70.0 ['firsttestvm', 'sixteenthtestvm']
--------------------------------------------------------------------------------
firsttestvm: ([(0, 1, 67270000000L, 7)], [(False, False, False, False, False, False, False, True)])
secondtestvm: ([(0, 1, 67350000000L, 3)], [(False, False, False, True, False, False, False, False)])
thirdtestvm: ([(0, 1, 68030000000L, 1)], [(False, True, False, False, False, False, False, False)])
fourthtestvm: ([(0, 1, 69290000000L, 0)], [(True, False, False, False, False, False, False, False)])
fifthtestvm: ([(0, 1, 68840000000L, 5)], [(False, False, False, False, False, True, False, False)])
sixthtestvm: ([(0, 1, 68910000000L, 5)], [(False, False, False, False, False, True, False, False)])
seventhtestvm: ([(0, 1, 68650000000L, 1)], [(False, True, False, False, False, False, False, False)])
eighthtestvm: ([(0, 1, 68070000000L, 6)], [(False, False, False, False, False, False, True, False)])
ninthtestvm: ([(0, 1, 62020000000L, 2)], [(False, False, True, False, False, False, False, False)])
tenthtestvm: ([(0, 1, 60040000000L, 4)], [(False, False, False, False, True, False, False, False)])
eleventhtestvm: ([(0, 1, 62700000000L, 3)], [(False, False, False, True, False, False, False, False)])
twelvethtestvm: ([(0, 1, 60890000000L, 4)], [(False, False, False, False, True, False, False, False)])
thirteenthtestvm: ([(0, 1, 62130000000L, 6)], [(False, False, False, False, False, False, True, False)])
fourteenthtestvm: ([(0, 1, 60550000000L, 2)], [(False, False, True, False, False, False, False, False)])
fifteenthtestvm: ([(0, 1, 60400000000L, 0)], [(True, False, False, False, False, False, False, False)])
sixteenthtestvm: ([(0, 1, 60930000000L, 7)], [(False, False, False, False, False, False, False, True)])
--------------------------------------------------------------------------------
0: 70.0 ['fourthtestvm', 'fifteenthtestvm']
1: 70.0 ['thirdtestvm', 'seventhtestvm']
2: 70.0 ['ninthtestvm', 'fourteenthtestvm']
3: 70.0 ['secondtestvm', 'eleventhtestvm']
4: 69.0 ['tenthtestvm', 'twelvethtestvm']
5: 69.0 ['fifthtestvm', 'sixthtestvm']
6: 70.0 ['eighthtestvm', 'thirteenthtestvm']
7: 70.0 ['firsttestvm', 'sixteenthtestvm']
--------------------------------------------------------------------------------
firsttestvm: ([(0, 1, 67600000000L, 7)], [(False, False, False, False, False, False, False, True)])
secondtestvm: ([(0, 1, 67680000000L, 3)], [(False, False, False, True, False, False, False, False)])
thirdtestvm: ([(0, 1, 68360000000L, 1)], [(False, True, False, False, False, False, False, False)])
fourthtestvm: ([(0, 1, 69650000000L, 0)], [(True, False, False, False, False, False, False, False)])
fifthtestvm: ([(0, 1, 69170000000L, 5)], [(False, False, False, False, False, True, False, False)])
sixthtestvm: ([(0, 1, 69260000000L, 5)], [(False, False, False, False, False, True, False, False)])
seventhtestvm: ([(0, 1, 69000000000L, 1)], [(False, True, False, False, False, False, False, False)])
eighthtestvm: ([(0, 1, 68420000000L, 6)], [(False, False, False, False, False, False, True, False)])
ninthtestvm: ([(0, 1, 62360000000L, 2)], [(False, False, True, False, False, False, False, False)])
tenthtestvm: ([(0, 1, 60390000000L, 4)], [(False, False, False, False, True, False, False, False)])
eleventhtestvm: ([(0, 1, 63060000000L, 3)], [(False, False, False, True, False, False, False, False)])
twelvethtestvm: ([(0, 1, 61230000000L, 4)], [(False, False, False, False, True, False, False, False)])
thirteenthtestvm: ([(0, 1, 62470000000L, 6)], [(False, False, False, False, False, False, True, False)])
fourteenthtestvm: ([(0, 1, 60880000000L, 2)], [(False, False, True, False, False, False, False, False)])
fifteenthtestvm: ([(0, 1, 60720000000L, 0)], [(True, False, False, False, False, False, False, False)])
sixteenthtestvm: ([(0, 1, 61270000000L, 7)], [(False, False, False, False, False, False, False, True)])
--------------------------------------------------------------------------------
0: 68.0 ['fourthtestvm', 'fifteenthtestvm']
1: 68.0 ['thirdtestvm', 'seventhtestvm']
2: 67.0 ['ninthtestvm', 'fourteenthtestvm']
3: 69.0 ['secondtestvm', 'eleventhtestvm']
4: 69.0 ['tenthtestvm', 'twelvethtestvm']
5: 68.0 ['fifthtestvm', 'sixthtestvm']
6: 69.0 ['eighthtestvm', 'thirteenthtestvm']
7: 67.0 ['firsttestvm', 'sixteenthtestvm']
--------------------------------------------------------------------------------
firsttestvm: ([(0, 1, 67930000000L, 7)], [(False, False, False, False, False, False, False, True)])
secondtestvm: ([(0, 1, 67990000000L, 3)], [(False, False, False, True, False, False, False, False)])
thirdtestvm: ([(0, 1, 68700000000L, 1)], [(False, True, False, False, False, False, False, False)])
fourthtestvm: ([(0, 1, 69990000000L, 0)], [(True, False, False, False, False, False, False, False)])
fifthtestvm: ([(0, 1, 69500000000L, 5)], [(False, False, False, False, False, True, False, False)])
sixthtestvm: ([(0, 1, 69600000000L, 5)], [(False, False, False, False, False, True, False, False)])
seventhtestvm: ([(0, 1, 69350000000L, 1)], [(False, True, False, False, False, False, False, False)])
eighthtestvm: ([(0, 1, 68760000000L, 6)], [(False, False, False, False, False, False, True, False)])
ninthtestvm: ([(0, 1, 62710000000L, 2)], [(False, False, True, False, False, False, False, False)])
tenthtestvm: ([(0, 1, 60720000000L, 4)], [(False, False, False, False, True, False, False, False)])
eleventhtestvm: ([(0, 1, 63400000000L, 3)], [(False, False, False, True, False, False, False, False)])
twelvethtestvm: ([(0, 1, 61560000000L, 4)], [(False, False, False, False, True, False, False, False)])
thirteenthtestvm: ([(0, 1, 62790000000L, 6)], [(False, False, False, False, False, False, True, False)])
fourteenthtestvm: ([(0, 1, 61190000000L, 2)], [(False, False, True, False, False, False, False, False)])
fifteenthtestvm: ([(0, 1, 61040000000L, 0)], [(True, False, False, False, False, False, False, False)])
sixteenthtestvm: ([(0, 1, 61610000000L, 7)], [(False, False, False, False, False, False, False, True)])
--------------------------------------------------------------------------------
0: 66.0 ['fourthtestvm', 'fifteenthtestvm']
1: 69.0 ['thirdtestvm', 'seventhtestvm']
2: 66.0 ['ninthtestvm', 'fourteenthtestvm']
3: 65.0 ['secondtestvm', 'eleventhtestvm']
4: 66.0 ['tenthtestvm', 'twelvethtestvm']
5: 67.0 ['fifthtestvm', 'sixthtestvm']
6: 66.0 ['eighthtestvm', 'thirteenthtestvm']
7: 67.0 ['firsttestvm', 'sixteenthtestvm']
--------------------------------------------------------------------------------
^CTraceback (most recent call last):
  File "./monitor.py", line 74, in <module>
    s.run()
  File "/usr/lib/python2.7/sched.py", line 111, in run
    delayfunc(time - now)
KeyboardInterrupt
[1m[7m%[27m[1m[0m                                                                                        ]2;gio@gio-L: ~/dev/omscs/cs6210/project1/cs6210Project1_test/test/cpu]1;..test/test/cpu[0m[27m[24m[J[01;31m➜  [36mcpu[00m [01;34mgit:([31mmaster[34m) [33m✗[00m [K[?1h=[?2004h[?2004l

Script done on Πεμ 21 Σεπ 2017 02:23:12 μμ EEST
